running egg_info
writing ../../build/ardupilot_mavlink_bridge/ardupilot_mavlink_bridge.egg-info/PKG-INFO
writing dependency_links to ../../build/ardupilot_mavlink_bridge/ardupilot_mavlink_bridge.egg-info/dependency_links.txt
writing entry points to ../../build/ardupilot_mavlink_bridge/ardupilot_mavlink_bridge.egg-info/entry_points.txt
writing requirements to ../../build/ardupilot_mavlink_bridge/ardupilot_mavlink_bridge.egg-info/requires.txt
writing top-level names to ../../build/ardupilot_mavlink_bridge/ardupilot_mavlink_bridge.egg-info/top_level.txt
reading manifest file '../../build/ardupilot_mavlink_bridge/ardupilot_mavlink_bridge.egg-info/SOURCES.txt'
writing manifest file '../../build/ardupilot_mavlink_bridge/ardupilot_mavlink_bridge.egg-info/SOURCES.txt'
running build
running build_py
copying ardupilot_mavlink_bridge/mavlink_bridge_node.py -> /home/nvidia/vtol_ws/build/ardupilot_mavlink_bridge/build/lib/ardupilot_mavlink_bridge
running install
running install_lib
copying /home/nvidia/vtol_ws/build/ardupilot_mavlink_bridge/build/lib/ardupilot_mavlink_bridge/mavlink_bridge_node.py -> /home/nvidia/vtol_ws/install/ardupilot_mavlink_bridge/lib/python3.10/site-packages/ardupilot_mavlink_bridge
byte-compiling /home/nvidia/vtol_ws/install/ardupilot_mavlink_bridge/lib/python3.10/site-packages/ardupilot_mavlink_bridge/mavlink_bridge_node.py to mavlink_bridge_node.cpython-310.pyc
running install_data
running install_egg_info
removing '/home/nvidia/vtol_ws/install/ardupilot_mavlink_bridge/lib/python3.10/site-packages/ardupilot_mavlink_bridge-0.0.0-py3.10.egg-info' (and everything under it)
Copying ../../build/ardupilot_mavlink_bridge/ardupilot_mavlink_bridge.egg-info to /home/nvidia/vtol_ws/install/ardupilot_mavlink_bridge/lib/python3.10/site-packages/ardupilot_mavlink_bridge-0.0.0-py3.10.egg-info
running install_scripts
Installing mavlink_bridge_node script to /home/nvidia/vtol_ws/install/ardupilot_mavlink_bridge/lib/ardupilot_mavlink_bridge
writing list of installed files to '/home/nvidia/vtol_ws/build/ardupilot_mavlink_bridge/install.log'
