[2.465s] Invoking command in '/home/nvidia/vtol_ws/src/bringup': CONDA_PROMPT_MODIFIER=(nim) PYTHONPATH=/home/nvidia/vtol_ws/build/bringup/prefix_override:/usr/lib/python3/dist-packages/colcon_core/task/python/colcon_distutils_commands:/home/nvidia/vtol_ws/install/bringup/lib/python3.10/site-packages:${PYTHONPATH} /usr/bin/python3 -W ignore:setup.py install is deprecated -W ignore:easy_install command is deprecated setup.py egg_info --egg-base ../../build/bringup build --build-base /home/nvidia/vtol_ws/build/bringup/build install --record /home/nvidia/vtol_ws/build/bringup/install.log --single-version-externally-managed install_data
[2.904s] running egg_info
[2.905s] writing ../../build/bringup/bringup.egg-info/PKG-INFO
[2.906s] writing dependency_links to ../../build/bringup/bringup.egg-info/dependency_links.txt
[2.907s] writing entry points to ../../build/bringup/bringup.egg-info/entry_points.txt
[2.907s] writing requirements to ../../build/bringup/bringup.egg-info/requires.txt
[2.908s] writing top-level names to ../../build/bringup/bringup.egg-info/top_level.txt
[2.912s] reading manifest file '../../build/bringup/bringup.egg-info/SOURCES.txt'
[2.914s] writing manifest file '../../build/bringup/bringup.egg-info/SOURCES.txt'
[2.914s] running build
[2.915s] running build_py
[2.915s] running install
[2.916s] running install_lib
[2.923s] running install_data
[2.923s] running install_egg_info
[2.927s] removing '/home/nvidia/vtol_ws/install/bringup/lib/python3.10/site-packages/bringup-0.0.0-py3.10.egg-info' (and everything under it)
[2.928s] Copying ../../build/bringup/bringup.egg-info to /home/nvidia/vtol_ws/install/bringup/lib/python3.10/site-packages/bringup-0.0.0-py3.10.egg-info
[2.930s] running install_scripts
[2.970s] writing list of installed files to '/home/nvidia/vtol_ws/build/bringup/install.log'
[3.066s] Invoked command in '/home/nvidia/vtol_ws/src/bringup' returned '0': CONDA_PROMPT_MODIFIER=(nim) PYTHONPATH=/home/nvidia/vtol_ws/build/bringup/prefix_override:/usr/lib/python3/dist-packages/colcon_core/task/python/colcon_distutils_commands:/home/nvidia/vtol_ws/install/bringup/lib/python3.10/site-packages:${PYTHONPATH} /usr/bin/python3 -W ignore:setup.py install is deprecated -W ignore:easy_install command is deprecated setup.py egg_info --egg-base ../../build/bringup build --build-base /home/nvidia/vtol_ws/build/bringup/build install --record /home/nvidia/vtol_ws/build/bringup/install.log --single-version-externally-managed install_data
