[0.000000] (-) TimerEvent: {}
[0.000307] (-) JobUnselected: {'identifier': 'ardupilot_mavlink_bridge'}
[0.000745] (-) JobUnselected: {'identifier': 'bringup'}
[0.000967] (-) JobUnselected: {'identifier': 'pose_bridge'}
[0.001227] (-) JobUnselected: {'identifier': 'tag_detector'}
[0.001311] (-) JobUnselected: {'identifier': 'tag_nav_stub'}
[0.001382] (camera) JobQueued: {'identifier': 'camera', 'dependencies': OrderedDict()}
[0.001451] (camera) JobStarted: {'identifier': 'camera'}
[0.014234] (camera) JobProgress: {'identifier': 'camera', 'progress': 'cmake'}
[0.015535] (camera) JobProgress: {'identifier': 'camera', 'progress': 'build'}
[0.016798] (camera) Command: {'cmd': ['/usr/bin/cmake', '--build', '/home/nvidia/vtol_ws/build/camera', '--', '-j8', '-l8'], 'cwd': '/home/nvidia/vtol_ws/build/camera', 'env': OrderedDict([('LESSOPEN', '| /usr/bin/lesspipe %s'), ('VSCODE_CWD', '/home/nvidia'), ('VSCODE_ESM_ENTRYPOINT', 'vs/workbench/api/node/extensionHostProcess'), ('CONDA_PROMPT_MODIFIER', '(nim)'), ('USER', 'nvidia'), ('SSH_CLIENT', '192.168.0.100 56272 22'), ('VSCODE_NLS_CONFIG', '{"userLocale":"en","osLocale":"en","resolvedLanguage":"en","defaultMessagesFile":"/home/nvidia/.cursor-server/bin/linux-arm64/b29eb4ee5f9f6d1cb2afbc09070198d3ea6ad760/out/nls.messages.json","locale":"en","availableLanguages":{}}'), ('CI', '1'), ('VSCODE_HANDLES_UNCAUGHT_ERRORS', 'true'), ('XDG_SESSION_TYPE', 'tty'), ('SHLVL', '1'), ('LD_LIBRARY_PATH', '/opt/ros/humble/opt/rviz_ogre_vendor/lib:/opt/ros/humble/lib/aarch64-linux-gnu:/opt/ros/humble/lib:/usr/local/cuda-12.6/lib64:/usr/local/cuda-12.6/lib64:'), ('BROWSER', '/home/nvidia/.cursor-server/bin/linux-arm64/b29eb4ee5f9f6d1cb2afbc09070198d3ea6ad760/bin/helpers/browser.sh'), ('MOTD_SHOWN', 'pam'), ('HOME', '/home/nvidia'), ('CONDA_SHLVL', '2'), ('OLDPWD', '/home/nvidia/vtol_ws'), ('VSCODE_IPC_HOOK_CLI', '/run/user/1000/vscode-ipc-32435362-afb5-4eed-99b8-f345e7daeea2.sock'), ('JETSON_L4T', '36.4.7'), ('ROS_PYTHON_VERSION', '3'), ('JETSON_MODEL', 'NVIDIA Jetson Orin NX Engineering Reference Developer Kit'), ('NO_COLOR', '1'), ('DBUS_SESSION_BUS_ADDRESS', 'unix:path=/run/user/1000/bus'), ('COLCON_PREFIX_PATH', '/home/nvidia/vtol_ws/install'), ('ROS_DISTRO', 'humble'), ('OVSX_REGISTRY_URL', 'https://open-vsx.org'), ('LOGNAME', 'nvidia'), ('FORCE_COLOR', '0'), ('JETSON_MODULE', 'NVIDIA Jetson Orin NX (16GB ram)'), ('JETSON_SERIAL_NUMBER', '1420825014689'), ('VSCODE_HANDLES_SIGPIPE', 'true'), ('_', '/usr/bin/colcon'), ('ROS_VERSION', '2'), ('XDG_SESSION_CLASS', 'user'), ('TERM', 'dumb'), ('XDG_SESSION_ID', '6'), ('ROS_LOCALHOST_ONLY', '0'), ('PATH', '/home/nvidia/.local/bin:/opt/ros/humble/bin:/usr/local/cuda-12.6/bin:/home/nvidia/.cursor-server/bin/linux-arm64/b29eb4ee5f9f6d1cb2afbc09070198d3ea6ad760/bin/remote-cli:/home/nvidia/.local/bin:/home/nvidia/miniconda3/envs/nim/bin:/home/nvidia/miniconda3/condabin:/usr/local/cuda-12.6/bin:/home/nvidia/.cursor-server/bin/linux-arm64/b29eb4ee5f9f6d1cb2afbc09070198d3ea6ad760/bin/remote-cli:/home/nvidia/.local/bin:/usr/local/sbin:/usr/local/bin:/usr/sbin:/usr/bin:/sbin:/bin:/usr/games:/usr/local/games:/snap/bin'), ('VSCODE_AGENT_FOLDER', '/home/nvidia/.cursor-server'), ('XDG_RUNTIME_DIR', '/run/user/1000'), ('CURSOR_AGENT', '1'), ('LANG', 'ru_RU.UTF-8'), ('CONDA_PREFIX_1', '/home/nvidia/miniconda3'), ('LS_COLORS', ''), ('JETSON_SOC', 'tegra234'), ('AMENT_PREFIX_PATH', '/home/nvidia/vtol_ws/install/tag_nav_stub:/opt/ros/humble'), ('CONDA_PYTHON_EXE', '/home/nvidia/miniconda3/bin/python'), ('SHELL', '/bin/bash'), ('VSCODE_SERVER_SHUTDOWN_TIMEOUT', '300'), ('LESSCLOSE', '/usr/bin/lesspipe %s %s'), ('CONDA_DEFAULT_ENV', 'nim'), ('JETSON_CUDA_ARCH_BIN', '8.7'), ('PWD', '/home/nvidia/vtol_ws/build/camera'), ('CONDA_EXE', '/home/nvidia/miniconda3/bin/conda'), ('SSH_CONNECTION', '192.168.0.100 56272 192.168.0.107 22'), ('XDG_DATA_DIRS', '/usr/share/gnome:/usr/local/share:/usr/share:/var/lib/snapd/desktop'), ('PYTHONPATH', '/home/nvidia/vtol_ws/install/tag_nav_stub/lib/python3.10/site-packages:/opt/ros/humble/lib/python3.10/site-packages:/opt/ros/humble/local/lib/python3.10/dist-packages:/usr/lib/python3.10/dist-packages:/usr/lib/python3.10/dist-packages:/usr/lib/python3.10/dist-packages:/usr/lib/python3.10/dist-packages:'), ('CONDA_PREFIX', '/home/nvidia/miniconda3/envs/nim'), ('COLCON', '1'), ('_ZO_DOCTOR', '0'), ('JETSON_JETPACK', ''), ('JETSON_P_NUMBER', 'p3767-0000'), ('CMAKE_PREFIX_PATH', '/home/nvidia/vtol_ws/install/tag_nav_stub:/opt/ros/humble')]), 'shell': False}
[0.057463] (camera) StdoutLine: {'line': b'-- Found ament_cmake: 1.3.14 (/opt/ros/humble/share/ament_cmake/cmake)\n'}
[0.099232] (-) TimerEvent: {}
[0.199527] (-) TimerEvent: {}
[0.299842] (-) TimerEvent: {}
[0.303874] (camera) StdoutLine: {'line': b'-- Found rclcpp: 16.0.18 (/opt/ros/humble/share/rclcpp/cmake)\n'}
[0.360938] (camera) StdoutLine: {'line': b'-- Found rosidl_generator_c: 3.1.8 (/opt/ros/humble/share/rosidl_generator_c/cmake)\n'}
[0.364707] (camera) StdoutLine: {'line': b'-- Found rosidl_adapter: 3.1.8 (/opt/ros/humble/share/rosidl_adapter/cmake)\n'}
[0.374126] (camera) StdoutLine: {'line': b'-- Found rosidl_generator_cpp: 3.1.8 (/opt/ros/humble/share/rosidl_generator_cpp/cmake)\n'}
[0.387761] (camera) StdoutLine: {'line': b'-- Using all available rosidl_typesupport_c: rosidl_typesupport_fastrtps_c;rosidl_typesupport_introspection_c\n'}
[0.399899] (-) TimerEvent: {}
[0.404698] (camera) StdoutLine: {'line': b'-- Using all available rosidl_typesupport_cpp: rosidl_typesupport_fastrtps_cpp;rosidl_typesupport_introspection_cpp\n'}
[0.449930] (camera) StdoutLine: {'line': b'-- Found rmw_implementation_cmake: 6.1.2 (/opt/ros/humble/share/rmw_implementation_cmake/cmake)\n'}
[0.451390] (camera) StdoutLine: {'line': b'-- Found rmw_fastrtps_cpp: 6.2.10 (/opt/ros/humble/share/rmw_fastrtps_cpp/cmake)\n'}
[0.500071] (-) TimerEvent: {}
[0.592019] (camera) StdoutLine: {'line': b"-- Using RMW implementation 'rmw_fastrtps_cpp' as default\n"}
[0.600135] (-) TimerEvent: {}
[0.660544] (camera) StdoutLine: {'line': b'-- Found sensor_msgs: 4.9.1 (/opt/ros/humble/share/sensor_msgs/cmake)\n'}
[0.700288] (-) TimerEvent: {}
[0.701272] (camera) StdoutLine: {'line': b'-- Found cv_bridge: 3.2.1 (/opt/ros/humble/share/cv_bridge/cmake)\n'}
[0.713904] (camera) StdoutLine: {'line': b'-- Found OpenCV: /usr (found version "4.8.0") \n'}
[0.800479] (-) TimerEvent: {}
[0.887602] (camera) StdoutLine: {'line': b'-- Configuring done\n'}
[0.900525] (-) TimerEvent: {}
[0.905159] (camera) StdoutLine: {'line': b'-- Generating done\n'}
[0.911291] (camera) StdoutLine: {'line': b'-- Build files have been written to: /home/nvidia/vtol_ws/build/camera\n'}
[0.971638] (camera) StdoutLine: {'line': b'Consolidate compiler generated dependencies of target camera_node\n'}
[0.999538] (camera) StdoutLine: {'line': b'[ 50%] Building CXX object CMakeFiles/camera_node.dir/src/camera_node.cpp.o\n'}
[1.000604] (-) TimerEvent: {}
[1.100848] (-) TimerEvent: {}
[1.201254] (-) TimerEvent: {}
[1.301643] (-) TimerEvent: {}
[1.402027] (-) TimerEvent: {}
[1.502412] (-) TimerEvent: {}
[1.602795] (-) TimerEvent: {}
[1.703188] (-) TimerEvent: {}
[1.803585] (-) TimerEvent: {}
[1.903986] (-) TimerEvent: {}
[2.004630] (-) TimerEvent: {}
[2.105288] (-) TimerEvent: {}
[2.205919] (-) TimerEvent: {}
[2.306313] (-) TimerEvent: {}
[2.406715] (-) TimerEvent: {}
[2.507116] (-) TimerEvent: {}
[2.607495] (-) TimerEvent: {}
[2.707882] (-) TimerEvent: {}
[2.808270] (-) TimerEvent: {}
[2.908664] (-) TimerEvent: {}
[3.009053] (-) TimerEvent: {}
[3.109456] (-) TimerEvent: {}
[3.209832] (-) TimerEvent: {}
[3.310215] (-) TimerEvent: {}
[3.410597] (-) TimerEvent: {}
[3.510981] (-) TimerEvent: {}
[3.611352] (-) TimerEvent: {}
[3.711730] (-) TimerEvent: {}
[3.812118] (-) TimerEvent: {}
[3.912516] (-) TimerEvent: {}
[4.012911] (-) TimerEvent: {}
[4.113321] (-) TimerEvent: {}
[4.213708] (-) TimerEvent: {}
[4.314096] (-) TimerEvent: {}
[4.414494] (-) TimerEvent: {}
[4.514887] (-) TimerEvent: {}
[4.615263] (-) TimerEvent: {}
[4.715902] (-) TimerEvent: {}
[4.816308] (-) TimerEvent: {}
[4.916688] (-) TimerEvent: {}
[5.017034] (-) TimerEvent: {}
[5.117442] (-) TimerEvent: {}
[5.217839] (-) TimerEvent: {}
[5.318279] (-) TimerEvent: {}
[5.418633] (-) TimerEvent: {}
[5.518976] (-) TimerEvent: {}
[5.619374] (-) TimerEvent: {}
[5.719788] (-) TimerEvent: {}
[5.820190] (-) TimerEvent: {}
[5.920590] (-) TimerEvent: {}
[6.020980] (-) TimerEvent: {}
[6.121339] (-) TimerEvent: {}
[6.221728] (-) TimerEvent: {}
[6.322125] (-) TimerEvent: {}
[6.422520] (-) TimerEvent: {}
[6.522904] (-) TimerEvent: {}
[6.623289] (-) TimerEvent: {}
[6.723674] (-) TimerEvent: {}
[6.824068] (-) TimerEvent: {}
[6.924471] (-) TimerEvent: {}
[7.025106] (-) TimerEvent: {}
[7.125497] (-) TimerEvent: {}
[7.225891] (-) TimerEvent: {}
[7.326294] (-) TimerEvent: {}
[7.426710] (-) TimerEvent: {}
[7.527108] (-) TimerEvent: {}
[7.627507] (-) TimerEvent: {}
[7.727907] (-) TimerEvent: {}
[7.828305] (-) TimerEvent: {}
[7.928944] (-) TimerEvent: {}
[8.029351] (-) TimerEvent: {}
[8.129730] (-) TimerEvent: {}
[8.230135] (-) TimerEvent: {}
[8.330525] (-) TimerEvent: {}
[8.430923] (-) TimerEvent: {}
[8.531322] (-) TimerEvent: {}
[8.631706] (-) TimerEvent: {}
[8.732091] (-) TimerEvent: {}
[8.832500] (-) TimerEvent: {}
[8.932893] (-) TimerEvent: {}
[9.033305] (-) TimerEvent: {}
[9.133671] (-) TimerEvent: {}
[9.234059] (-) TimerEvent: {}
[9.334448] (-) TimerEvent: {}
[9.434839] (-) TimerEvent: {}
[9.535236] (-) TimerEvent: {}
[9.635619] (-) TimerEvent: {}
[9.736015] (-) TimerEvent: {}
[9.836405] (-) TimerEvent: {}
[9.936809] (-) TimerEvent: {}
[10.037458] (-) TimerEvent: {}
[10.137851] (-) TimerEvent: {}
[10.238241] (-) TimerEvent: {}
[10.338642] (-) TimerEvent: {}
[10.439017] (-) TimerEvent: {}
[10.539392] (-) TimerEvent: {}
[10.639766] (-) TimerEvent: {}
[10.740152] (-) TimerEvent: {}
[10.840533] (-) TimerEvent: {}
[10.940910] (-) TimerEvent: {}
[11.041304] (-) TimerEvent: {}
[11.141664] (-) TimerEvent: {}
[11.242035] (-) TimerEvent: {}
[11.342408] (-) TimerEvent: {}
[11.442777] (-) TimerEvent: {}
[11.543144] (-) TimerEvent: {}
[11.643513] (-) TimerEvent: {}
[11.743884] (-) TimerEvent: {}
[11.844251] (-) TimerEvent: {}
[11.944617] (-) TimerEvent: {}
[12.044993] (-) TimerEvent: {}
[12.145313] (-) TimerEvent: {}
[12.245696] (-) TimerEvent: {}
[12.346083] (-) TimerEvent: {}
[12.446468] (-) TimerEvent: {}
[12.546860] (-) TimerEvent: {}
[12.555372] (camera) StdoutLine: {'line': b'[100%] Linking CXX executable camera_node\n'}
[12.647032] (-) TimerEvent: {}
[12.747459] (-) TimerEvent: {}
[12.763870] (camera) StderrLine: {'line': b'/usr/bin/ld: warning: libopencv_imgcodecs.so.4.5d, needed by /opt/ros/humble/lib/libcv_bridge.so, may conflict with libopencv_imgcodecs.so.408\n'}
[12.767790] (camera) StderrLine: {'line': b'/usr/bin/ld: warning: libopencv_core.so.4.5d, needed by /opt/ros/humble/lib/libcv_bridge.so, may conflict with libopencv_core.so.408\n'}
[12.847621] (-) TimerEvent: {}
[12.948052] (-) TimerEvent: {}
[13.048445] (-) TimerEvent: {}
[13.148841] (-) TimerEvent: {}
[13.249252] (-) TimerEvent: {}
[13.349615] (-) TimerEvent: {}
[13.449969] (-) TimerEvent: {}
[13.516433] (camera) StdoutLine: {'line': b'[100%] Built target camera_node\n'}
[13.535503] (camera) CommandEnded: {'returncode': 0}
[13.536728] (camera) JobProgress: {'identifier': 'camera', 'progress': 'install'}
[13.550125] (-) TimerEvent: {}
[13.551425] (camera) Command: {'cmd': ['/usr/bin/cmake', '--install', '/home/nvidia/vtol_ws/build/camera'], 'cwd': '/home/nvidia/vtol_ws/build/camera', 'env': OrderedDict([('LESSOPEN', '| /usr/bin/lesspipe %s'), ('VSCODE_CWD', '/home/nvidia'), ('VSCODE_ESM_ENTRYPOINT', 'vs/workbench/api/node/extensionHostProcess'), ('CONDA_PROMPT_MODIFIER', '(nim)'), ('USER', 'nvidia'), ('SSH_CLIENT', '192.168.0.100 56272 22'), ('VSCODE_NLS_CONFIG', '{"userLocale":"en","osLocale":"en","resolvedLanguage":"en","defaultMessagesFile":"/home/nvidia/.cursor-server/bin/linux-arm64/b29eb4ee5f9f6d1cb2afbc09070198d3ea6ad760/out/nls.messages.json","locale":"en","availableLanguages":{}}'), ('CI', '1'), ('VSCODE_HANDLES_UNCAUGHT_ERRORS', 'true'), ('XDG_SESSION_TYPE', 'tty'), ('SHLVL', '1'), ('LD_LIBRARY_PATH', '/opt/ros/humble/opt/rviz_ogre_vendor/lib:/opt/ros/humble/lib/aarch64-linux-gnu:/opt/ros/humble/lib:/usr/local/cuda-12.6/lib64:/usr/local/cuda-12.6/lib64:'), ('BROWSER', '/home/nvidia/.cursor-server/bin/linux-arm64/b29eb4ee5f9f6d1cb2afbc09070198d3ea6ad760/bin/helpers/browser.sh'), ('MOTD_SHOWN', 'pam'), ('HOME', '/home/nvidia'), ('CONDA_SHLVL', '2'), ('OLDPWD', '/home/nvidia/vtol_ws'), ('VSCODE_IPC_HOOK_CLI', '/run/user/1000/vscode-ipc-32435362-afb5-4eed-99b8-f345e7daeea2.sock'), ('JETSON_L4T', '36.4.7'), ('ROS_PYTHON_VERSION', '3'), ('JETSON_MODEL', 'NVIDIA Jetson Orin NX Engineering Reference Developer Kit'), ('NO_COLOR', '1'), ('DBUS_SESSION_BUS_ADDRESS', 'unix:path=/run/user/1000/bus'), ('COLCON_PREFIX_PATH', '/home/nvidia/vtol_ws/install'), ('ROS_DISTRO', 'humble'), ('OVSX_REGISTRY_URL', 'https://open-vsx.org'), ('LOGNAME', 'nvidia'), ('FORCE_COLOR', '0'), ('JETSON_MODULE', 'NVIDIA Jetson Orin NX (16GB ram)'), ('JETSON_SERIAL_NUMBER', '1420825014689'), ('VSCODE_HANDLES_SIGPIPE', 'true'), ('_', '/usr/bin/colcon'), ('ROS_VERSION', '2'), ('XDG_SESSION_CLASS', 'user'), ('TERM', 'dumb'), ('XDG_SESSION_ID', '6'), ('ROS_LOCALHOST_ONLY', '0'), ('PATH', '/home/nvidia/.local/bin:/opt/ros/humble/bin:/usr/local/cuda-12.6/bin:/home/nvidia/.cursor-server/bin/linux-arm64/b29eb4ee5f9f6d1cb2afbc09070198d3ea6ad760/bin/remote-cli:/home/nvidia/.local/bin:/home/nvidia/miniconda3/envs/nim/bin:/home/nvidia/miniconda3/condabin:/usr/local/cuda-12.6/bin:/home/nvidia/.cursor-server/bin/linux-arm64/b29eb4ee5f9f6d1cb2afbc09070198d3ea6ad760/bin/remote-cli:/home/nvidia/.local/bin:/usr/local/sbin:/usr/local/bin:/usr/sbin:/usr/bin:/sbin:/bin:/usr/games:/usr/local/games:/snap/bin'), ('VSCODE_AGENT_FOLDER', '/home/nvidia/.cursor-server'), ('XDG_RUNTIME_DIR', '/run/user/1000'), ('CURSOR_AGENT', '1'), ('LANG', 'ru_RU.UTF-8'), ('CONDA_PREFIX_1', '/home/nvidia/miniconda3'), ('LS_COLORS', ''), ('JETSON_SOC', 'tegra234'), ('AMENT_PREFIX_PATH', '/home/nvidia/vtol_ws/install/tag_nav_stub:/opt/ros/humble'), ('CONDA_PYTHON_EXE', '/home/nvidia/miniconda3/bin/python'), ('SHELL', '/bin/bash'), ('VSCODE_SERVER_SHUTDOWN_TIMEOUT', '300'), ('LESSCLOSE', '/usr/bin/lesspipe %s %s'), ('CONDA_DEFAULT_ENV', 'nim'), ('JETSON_CUDA_ARCH_BIN', '8.7'), ('PWD', '/home/nvidia/vtol_ws/build/camera'), ('CONDA_EXE', '/home/nvidia/miniconda3/bin/conda'), ('SSH_CONNECTION', '192.168.0.100 56272 192.168.0.107 22'), ('XDG_DATA_DIRS', '/usr/share/gnome:/usr/local/share:/usr/share:/var/lib/snapd/desktop'), ('PYTHONPATH', '/home/nvidia/vtol_ws/install/tag_nav_stub/lib/python3.10/site-packages:/opt/ros/humble/lib/python3.10/site-packages:/opt/ros/humble/local/lib/python3.10/dist-packages:/usr/lib/python3.10/dist-packages:/usr/lib/python3.10/dist-packages:/usr/lib/python3.10/dist-packages:/usr/lib/python3.10/dist-packages:'), ('CONDA_PREFIX', '/home/nvidia/miniconda3/envs/nim'), ('COLCON', '1'), ('_ZO_DOCTOR', '0'), ('JETSON_JETPACK', ''), ('JETSON_P_NUMBER', 'p3767-0000'), ('CMAKE_PREFIX_PATH', '/home/nvidia/vtol_ws/install/tag_nav_stub:/opt/ros/humble')]), 'shell': False}
[13.567781] (camera) StdoutLine: {'line': b'-- Install configuration: ""\n'}
[13.568227] (camera) StdoutLine: {'line': b'-- Installing: /home/nvidia/vtol_ws/install/camera/lib/camera/camera_node\n'}
[13.572010] (camera) StdoutLine: {'line': b'-- Set runtime path of "/home/nvidia/vtol_ws/install/camera/lib/camera/camera_node" to ""\n'}
[13.572224] (camera) StdoutLine: {'line': b'-- Installing: /home/nvidia/vtol_ws/install/camera/share/ament_index/resource_index/package_run_dependencies/camera\n'}
[13.572552] (camera) StdoutLine: {'line': b'-- Up-to-date: /home/nvidia/vtol_ws/install/camera/share/ament_index/resource_index/parent_prefix_path/camera\n'}
[13.572678] (camera) StdoutLine: {'line': b'-- Up-to-date: /home/nvidia/vtol_ws/install/camera/share/camera/environment/ament_prefix_path.sh\n'}
[13.572933] (camera) StdoutLine: {'line': b'-- Installing: /home/nvidia/vtol_ws/install/camera/share/camera/environment/ament_prefix_path.dsv\n'}
[13.573056] (camera) StdoutLine: {'line': b'-- Up-to-date: /home/nvidia/vtol_ws/install/camera/share/camera/environment/path.sh\n'}
[13.573329] (camera) StdoutLine: {'line': b'-- Installing: /home/nvidia/vtol_ws/install/camera/share/camera/environment/path.dsv\n'}
[13.573467] (camera) StdoutLine: {'line': b'-- Up-to-date: /home/nvidia/vtol_ws/install/camera/share/camera/local_setup.bash\n'}
[13.573707] (camera) StdoutLine: {'line': b'-- Up-to-date: /home/nvidia/vtol_ws/install/camera/share/camera/local_setup.sh\n'}
[13.573819] (camera) StdoutLine: {'line': b'-- Up-to-date: /home/nvidia/vtol_ws/install/camera/share/camera/local_setup.zsh\n'}
[13.573992] (camera) StdoutLine: {'line': b'-- Installing: /home/nvidia/vtol_ws/install/camera/share/camera/local_setup.dsv\n'}
[13.574107] (camera) StdoutLine: {'line': b'-- Installing: /home/nvidia/vtol_ws/install/camera/share/camera/package.dsv\n'}
[13.574273] (camera) StdoutLine: {'line': b'-- Up-to-date: /home/nvidia/vtol_ws/install/camera/share/ament_index/resource_index/packages/camera\n'}
[13.574537] (camera) StdoutLine: {'line': b'-- Up-to-date: /home/nvidia/vtol_ws/install/camera/share/camera/cmake/cameraConfig.cmake\n'}
[13.574647] (camera) StdoutLine: {'line': b'-- Up-to-date: /home/nvidia/vtol_ws/install/camera/share/camera/cmake/cameraConfig-version.cmake\n'}
[13.574769] (camera) StdoutLine: {'line': b'-- Installing: /home/nvidia/vtol_ws/install/camera/share/camera/package.xml\n'}
[13.578125] (camera) CommandEnded: {'returncode': 0}
[13.623094] (camera) JobEnded: {'identifier': 'camera', 'rc': 0}
[13.624330] (-) EventReactorShutdown: {}
