[1.334s] Invoking command in '/home/nvidia/vtol_ws/build/tag_detector': CMAKE_PREFIX_PATH=/home/nvidia/vtol_ws/install/tag_nav_stub:/opt/ros/humble CONDA_PROMPT_MODIFIER=(nim) /usr/bin/cmake /home/nvidia/vtol_ws/src/tag_detector -DCMAKE_INSTALL_PREFIX=/home/nvidia/vtol_ws/install/tag_detector
[1.816s] -- Found ament_cmake: 1.3.14 (/opt/ros/humble/share/ament_cmake/cmake)
[1.816s] -- Found rclcpp: 16.0.18 (/opt/ros/humble/share/rclcpp/cmake)
[1.817s] -- Found rosidl_generator_c: 3.1.8 (/opt/ros/humble/share/rosidl_generator_c/cmake)
[1.817s] -- Found rosidl_adapter: 3.1.8 (/opt/ros/humble/share/rosidl_adapter/cmake)
[1.818s] -- Found rosidl_generator_cpp: 3.1.8 (/opt/ros/humble/share/rosidl_generator_cpp/cmake)
[1.818s] -- Using all available rosidl_typesupport_c: rosidl_typesupport_fastrtps_c;rosidl_typesupport_introspection_c
[1.819s] -- Using all available rosidl_typesupport_cpp: rosidl_typesupport_fastrtps_cpp;rosidl_typesupport_introspection_cpp
[1.820s] -- Found rmw_implementation_cmake: 6.1.2 (/opt/ros/humble/share/rmw_implementation_cmake/cmake)
[1.820s] -- Found rmw_fastrtps_cpp: 6.2.10 (/opt/ros/humble/share/rmw_fastrtps_cpp/cmake)
[1.862s] -- Using RMW implementation 'rmw_fastrtps_cpp' as default
[1.944s] -- Found sensor_msgs: 4.9.1 (/opt/ros/humble/share/sensor_msgs/cmake)
[2.188s] -- Configuring done
[2.213s] -- Generating done
[2.222s] -- Build files have been written to: /home/nvidia/vtol_ws/build/tag_detector
[2.246s] Invoked command in '/home/nvidia/vtol_ws/build/tag_detector' returned '0': CMAKE_PREFIX_PATH=/home/nvidia/vtol_ws/install/tag_nav_stub:/opt/ros/humble CONDA_PROMPT_MODIFIER=(nim) /usr/bin/cmake /home/nvidia/vtol_ws/src/tag_detector -DCMAKE_INSTALL_PREFIX=/home/nvidia/vtol_ws/install/tag_detector
[2.246s] Invoking command in '/home/nvidia/vtol_ws/build/tag_detector': CMAKE_PREFIX_PATH=/home/nvidia/vtol_ws/install/tag_nav_stub:/opt/ros/humble CONDA_PROMPT_MODIFIER=(nim) /usr/bin/cmake --build /home/nvidia/vtol_ws/build/tag_detector -- -j8 -l8
[2.338s] [ 50%] Building CXX object CMakeFiles/tag_detector_node.dir/src/tag_detector_node.cpp.o
[17.999s] [100%] Linking CXX executable tag_detector_node
[18.701s] [100%] Built target tag_detector_node
[18.725s] Invoked command in '/home/nvidia/vtol_ws/build/tag_detector' returned '0': CMAKE_PREFIX_PATH=/home/nvidia/vtol_ws/install/tag_nav_stub:/opt/ros/humble CONDA_PROMPT_MODIFIER=(nim) /usr/bin/cmake --build /home/nvidia/vtol_ws/build/tag_detector -- -j8 -l8
[18.726s] Invoking command in '/home/nvidia/vtol_ws/build/tag_detector': CMAKE_PREFIX_PATH=/home/nvidia/vtol_ws/install/tag_nav_stub:/opt/ros/humble CONDA_PROMPT_MODIFIER=(nim) /usr/bin/cmake --install /home/nvidia/vtol_ws/build/tag_detector
[18.742s] -- Install configuration: ""
[18.743s] -- Installing: /home/nvidia/vtol_ws/install/tag_detector/lib/tag_detector/tag_detector_node
[18.751s] -- Set runtime path of "/home/nvidia/vtol_ws/install/tag_detector/lib/tag_detector/tag_detector_node" to ""
[18.751s] -- Installing: /home/nvidia/vtol_ws/install/tag_detector/share/ament_index/resource_index/package_run_dependencies/tag_detector
[18.752s] -- Installing: /home/nvidia/vtol_ws/install/tag_detector/share/ament_index/resource_index/parent_prefix_path/tag_detector
[18.752s] -- Installing: /home/nvidia/vtol_ws/install/tag_detector/share/tag_detector/environment/ament_prefix_path.sh
[18.752s] -- Installing: /home/nvidia/vtol_ws/install/tag_detector/share/tag_detector/environment/ament_prefix_path.dsv
[18.753s] -- Installing: /home/nvidia/vtol_ws/install/tag_detector/share/tag_detector/environment/path.sh
[18.753s] -- Installing: /home/nvidia/vtol_ws/install/tag_detector/share/tag_detector/environment/path.dsv
[18.753s] -- Installing: /home/nvidia/vtol_ws/install/tag_detector/share/tag_detector/local_setup.bash
[18.753s] -- Installing: /home/nvidia/vtol_ws/install/tag_detector/share/tag_detector/local_setup.sh
[18.753s] -- Installing: /home/nvidia/vtol_ws/install/tag_detector/share/tag_detector/local_setup.zsh
[18.754s] -- Installing: /home/nvidia/vtol_ws/install/tag_detector/share/tag_detector/local_setup.dsv
[18.754s] -- Installing: /home/nvidia/vtol_ws/install/tag_detector/share/tag_detector/package.dsv
[18.754s] -- Installing: /home/nvidia/vtol_ws/install/tag_detector/share/ament_index/resource_index/packages/tag_detector
[18.754s] -- Installing: /home/nvidia/vtol_ws/install/tag_detector/share/tag_detector/cmake/tag_detectorConfig.cmake
[18.755s] -- Installing: /home/nvidia/vtol_ws/install/tag_detector/share/tag_detector/cmake/tag_detectorConfig-version.cmake
[18.755s] -- Installing: /home/nvidia/vtol_ws/install/tag_detector/share/tag_detector/package.xml
[18.759s] Invoked command in '/home/nvidia/vtol_ws/build/tag_detector' returned '0': CMAKE_PREFIX_PATH=/home/nvidia/vtol_ws/install/tag_nav_stub:/opt/ros/humble CONDA_PROMPT_MODIFIER=(nim) /usr/bin/cmake --install /home/nvidia/vtol_ws/build/tag_detector
