[2.516s] Invoking command in '/home/nvidia/vtol_ws/src/ardupilot_mavlink_bridge': CONDA_PROMPT_MODIFIER=(nim) PYTHONPATH=/home/nvidia/vtol_ws/build/ardupilot_mavlink_bridge/prefix_override:/usr/lib/python3/dist-packages/colcon_core/task/python/colcon_distutils_commands:/home/nvidia/vtol_ws/install/ardupilot_mavlink_bridge/lib/python3.10/site-packages:${PYTHONPATH} /usr/bin/python3 -W ignore:setup.py install is deprecated -W ignore:easy_install command is deprecated setup.py egg_info --egg-base ../../build/ardupilot_mavlink_bridge build --build-base /home/nvidia/vtol_ws/build/ardupilot_mavlink_bridge/build install --record /home/nvidia/vtol_ws/build/ardupilot_mavlink_bridge/install.log --single-version-externally-managed install_data
[2.954s] running egg_info
[2.955s] writing ../../build/ardupilot_mavlink_bridge/ardupilot_mavlink_bridge.egg-info/PKG-INFO
[2.956s] writing dependency_links to ../../build/ardupilot_mavlink_bridge/ardupilot_mavlink_bridge.egg-info/dependency_links.txt
[2.957s] writing entry points to ../../build/ardupilot_mavlink_bridge/ardupilot_mavlink_bridge.egg-info/entry_points.txt
[2.957s] writing requirements to ../../build/ardupilot_mavlink_bridge/ardupilot_mavlink_bridge.egg-info/requires.txt
[2.957s] writing top-level names to ../../build/ardupilot_mavlink_bridge/ardupilot_mavlink_bridge.egg-info/top_level.txt
[2.961s] reading manifest file '../../build/ardupilot_mavlink_bridge/ardupilot_mavlink_bridge.egg-info/SOURCES.txt'
[2.962s] writing manifest file '../../build/ardupilot_mavlink_bridge/ardupilot_mavlink_bridge.egg-info/SOURCES.txt'
[2.962s] running build
[2.962s] running build_py
[2.966s] running install
[2.967s] running install_lib
[2.970s] running install_data
[2.970s] running install_egg_info
[2.973s] removing '/home/nvidia/vtol_ws/install/ardupilot_mavlink_bridge/lib/python3.10/site-packages/ardupilot_mavlink_bridge-0.0.0-py3.10.egg-info' (and everything under it)
[2.974s] Copying ../../build/ardupilot_mavlink_bridge/ardupilot_mavlink_bridge.egg-info to /home/nvidia/vtol_ws/install/ardupilot_mavlink_bridge/lib/python3.10/site-packages/ardupilot_mavlink_bridge-0.0.0-py3.10.egg-info
[2.976s] running install_scripts
[3.015s] Installing mavlink_bridge_node script to /home/nvidia/vtol_ws/install/ardupilot_mavlink_bridge/lib/ardupilot_mavlink_bridge
[3.016s] writing list of installed files to '/home/nvidia/vtol_ws/build/ardupilot_mavlink_bridge/install.log'
[3.134s] Invoked command in '/home/nvidia/vtol_ws/src/ardupilot_mavlink_bridge' returned '0': CONDA_PROMPT_MODIFIER=(nim) PYTHONPATH=/home/nvidia/vtol_ws/build/ardupilot_mavlink_bridge/prefix_override:/usr/lib/python3/dist-packages/colcon_core/task/python/colcon_distutils_commands:/home/nvidia/vtol_ws/install/ardupilot_mavlink_bridge/lib/python3.10/site-packages:${PYTHONPATH} /usr/bin/python3 -W ignore:setup.py install is deprecated -W ignore:easy_install command is deprecated setup.py egg_info --egg-base ../../build/ardupilot_mavlink_bridge build --build-base /home/nvidia/vtol_ws/build/ardupilot_mavlink_bridge/build install --record /home/nvidia/vtol_ws/build/ardupilot_mavlink_bridge/install.log --single-version-externally-managed install_data
