[0.276s] DEBUG:colcon:Command line arguments: ['/usr/bin/colcon', 'build', '--packages-select', 'camera', 'bringup']
[0.276s] DEBUG:colcon:Parsed command line arguments: Namespace(log_base=None, log_level=None, verb_name='build', build_base='build', install_base='install', merge_install=False, symlink_install=False, test_result_base=None, continue_on_error=False, executor='parallel', parallel_workers=8, event_handlers=None, ignore_user_meta=False, metas=['./colcon.meta'], base_paths=['.'], packages_ignore=None, packages_ignore_regex=None, paths=None, packages_up_to=None, packages_up_to_regex=None, packages_above=None, packages_above_and_dependencies=None, packages_above_depth=None, packages_select_by_dep=None, packages_skip_by_dep=None, packages_skip_up_to=None, packages_select_build_failed=False, packages_skip_build_finished=False, packages_select_test_failures=False, packages_skip_test_passed=False, packages_select=['camera', 'bringup'], packages_skip=None, packages_select_regex=None, packages_skip_regex=None, packages_start=None, packages_end=None, allow_overriding=[], cmake_args=None, cmake_target=None, cmake_target_skip_unavailable=False, cmake_clean_cache=False, cmake_clean_first=False, cmake_force_configure=False, ament_cmake_args=None, catkin_cmake_args=None, catkin_skip_building_tests=False, mixin_files=None, mixin=None, verb_parser=<colcon_mixin.mixin.mixin_argument.MixinArgumentDecorator object at 0xffff96e9ab00>, verb_extension=<colcon_core.verb.build.BuildVerb object at 0xffff96e9a470>, main=<bound method BuildVerb.main of <colcon_core.verb.build.BuildVerb object at 0xffff96e9a470>>, mixin_verb=('build',))
[0.630s] Level 1:colcon.colcon_core.package_discovery:discover_packages(colcon_meta) check parameters
[0.631s] Level 1:colcon.colcon_core.package_discovery:discover_packages(recursive) check parameters
[0.631s] Level 1:colcon.colcon_core.package_discovery:discover_packages(ignore) check parameters
[0.631s] Level 1:colcon.colcon_core.package_discovery:discover_packages(path) check parameters
[0.631s] Level 1:colcon.colcon_core.package_discovery:discover_packages(colcon_meta) discover
[0.631s] Level 1:colcon.colcon_core.package_discovery:discover_packages(recursive) discover
[0.631s] INFO:colcon.colcon_core.package_discovery:Crawling recursively for packages in '/home/nvidia/vtol_ws'
[0.631s] Level 1:colcon.colcon_core.package_identification:_identify(.) by extensions ['ignore', 'ignore_ament_install']
[0.631s] Level 1:colcon.colcon_core.package_identification:_identify(.) by extension 'ignore'
[0.631s] Level 1:colcon.colcon_core.package_identification:_identify(.) by extension 'ignore_ament_install'
[0.632s] Level 1:colcon.colcon_core.package_identification:_identify(.) by extensions ['colcon_pkg']
[0.632s] Level 1:colcon.colcon_core.package_identification:_identify(.) by extension 'colcon_pkg'
[0.632s] Level 1:colcon.colcon_core.package_identification:_identify(.) by extensions ['colcon_meta']
[0.632s] Level 1:colcon.colcon_core.package_identification:_identify(.) by extension 'colcon_meta'
[0.632s] Level 1:colcon.colcon_core.package_identification:_identify(.) by extensions ['ros']
[0.632s] Level 1:colcon.colcon_core.package_identification:_identify(.) by extension 'ros'
[0.652s] Level 1:colcon.colcon_core.package_identification:_identify(.) by extensions ['cmake', 'python']
[0.652s] Level 1:colcon.colcon_core.package_identification:_identify(.) by extension 'cmake'
[0.653s] Level 1:colcon.colcon_core.package_identification:_identify(.) by extension 'python'
[0.653s] Level 1:colcon.colcon_core.package_identification:_identify(.) by extensions ['python_setup_py']
[0.653s] Level 1:colcon.colcon_core.package_identification:_identify(.) by extension 'python_setup_py'
[0.653s] Level 1:colcon.colcon_core.package_identification:_identify(build) by extensions ['ignore', 'ignore_ament_install']
[0.653s] Level 1:colcon.colcon_core.package_identification:_identify(build) by extension 'ignore'
[0.653s] Level 1:colcon.colcon_core.package_identification:_identify(build) ignored
[0.654s] Level 1:colcon.colcon_core.package_identification:_identify(install) by extensions ['ignore', 'ignore_ament_install']
[0.654s] Level 1:colcon.colcon_core.package_identification:_identify(install) by extension 'ignore'
[0.654s] Level 1:colcon.colcon_core.package_identification:_identify(install) ignored
[0.654s] Level 1:colcon.colcon_core.package_identification:_identify(log) by extensions ['ignore', 'ignore_ament_install']
[0.654s] Level 1:colcon.colcon_core.package_identification:_identify(log) by extension 'ignore'
[0.654s] Level 1:colcon.colcon_core.package_identification:_identify(log) ignored
[0.654s] Level 1:colcon.colcon_core.package_identification:_identify(src) by extensions ['ignore', 'ignore_ament_install']
[0.654s] Level 1:colcon.colcon_core.package_identification:_identify(src) by extension 'ignore'
[0.655s] Level 1:colcon.colcon_core.package_identification:_identify(src) by extension 'ignore_ament_install'
[0.655s] Level 1:colcon.colcon_core.package_identification:_identify(src) by extensions ['colcon_pkg']
[0.655s] Level 1:colcon.colcon_core.package_identification:_identify(src) by extension 'colcon_pkg'
[0.655s] Level 1:colcon.colcon_core.package_identification:_identify(src) by extensions ['colcon_meta']
[0.655s] Level 1:colcon.colcon_core.package_identification:_identify(src) by extension 'colcon_meta'
[0.655s] Level 1:colcon.colcon_core.package_identification:_identify(src) by extensions ['ros']
[0.655s] Level 1:colcon.colcon_core.package_identification:_identify(src) by extension 'ros'
[0.655s] Level 1:colcon.colcon_core.package_identification:_identify(src) by extensions ['cmake', 'python']
[0.655s] Level 1:colcon.colcon_core.package_identification:_identify(src) by extension 'cmake'
[0.655s] Level 1:colcon.colcon_core.package_identification:_identify(src) by extension 'python'
[0.655s] Level 1:colcon.colcon_core.package_identification:_identify(src) by extensions ['python_setup_py']
[0.655s] Level 1:colcon.colcon_core.package_identification:_identify(src) by extension 'python_setup_py'
[0.656s] Level 1:colcon.colcon_core.package_identification:_identify(src/ardupilot_mavlink_bridge) by extensions ['ignore', 'ignore_ament_install']
[0.656s] Level 1:colcon.colcon_core.package_identification:_identify(src/ardupilot_mavlink_bridge) by extension 'ignore'
[0.656s] Level 1:colcon.colcon_core.package_identification:_identify(src/ardupilot_mavlink_bridge) by extension 'ignore_ament_install'
[0.656s] Level 1:colcon.colcon_core.package_identification:_identify(src/ardupilot_mavlink_bridge) by extensions ['colcon_pkg']
[0.656s] Level 1:colcon.colcon_core.package_identification:_identify(src/ardupilot_mavlink_bridge) by extension 'colcon_pkg'
[0.656s] Level 1:colcon.colcon_core.package_identification:_identify(src/ardupilot_mavlink_bridge) by extensions ['colcon_meta']
[0.656s] Level 1:colcon.colcon_core.package_identification:_identify(src/ardupilot_mavlink_bridge) by extension 'colcon_meta'
[0.656s] Level 1:colcon.colcon_core.package_identification:_identify(src/ardupilot_mavlink_bridge) by extensions ['ros']
[0.656s] Level 1:colcon.colcon_core.package_identification:_identify(src/ardupilot_mavlink_bridge) by extension 'ros'
[0.661s] DEBUG:colcon.colcon_core.package_identification:Package 'src/ardupilot_mavlink_bridge' with type 'ros.ament_python' and name 'ardupilot_mavlink_bridge'
[0.661s] Level 1:colcon.colcon_core.package_identification:_identify(src/bringup) by extensions ['ignore', 'ignore_ament_install']
[0.662s] Level 1:colcon.colcon_core.package_identification:_identify(src/bringup) by extension 'ignore'
[0.662s] Level 1:colcon.colcon_core.package_identification:_identify(src/bringup) by extension 'ignore_ament_install'
[0.662s] Level 1:colcon.colcon_core.package_identification:_identify(src/bringup) by extensions ['colcon_pkg']
[0.662s] Level 1:colcon.colcon_core.package_identification:_identify(src/bringup) by extension 'colcon_pkg'
[0.662s] Level 1:colcon.colcon_core.package_identification:_identify(src/bringup) by extensions ['colcon_meta']
[0.662s] Level 1:colcon.colcon_core.package_identification:_identify(src/bringup) by extension 'colcon_meta'
[0.662s] Level 1:colcon.colcon_core.package_identification:_identify(src/bringup) by extensions ['ros']
[0.662s] Level 1:colcon.colcon_core.package_identification:_identify(src/bringup) by extension 'ros'
[0.663s] DEBUG:colcon.colcon_core.package_identification:Package 'src/bringup' with type 'ros.ament_python' and name 'bringup'
[0.663s] Level 1:colcon.colcon_core.package_identification:_identify(src/camera) by extensions ['ignore', 'ignore_ament_install']
[0.664s] Level 1:colcon.colcon_core.package_identification:_identify(src/camera) by extension 'ignore'
[0.664s] Level 1:colcon.colcon_core.package_identification:_identify(src/camera) by extension 'ignore_ament_install'
[0.664s] Level 1:colcon.colcon_core.package_identification:_identify(src/camera) by extensions ['colcon_pkg']
[0.664s] Level 1:colcon.colcon_core.package_identification:_identify(src/camera) by extension 'colcon_pkg'
[0.664s] Level 1:colcon.colcon_core.package_identification:_identify(src/camera) by extensions ['colcon_meta']
[0.664s] Level 1:colcon.colcon_core.package_identification:_identify(src/camera) by extension 'colcon_meta'
[0.664s] Level 1:colcon.colcon_core.package_identification:_identify(src/camera) by extensions ['ros']
[0.664s] Level 1:colcon.colcon_core.package_identification:_identify(src/camera) by extension 'ros'
[0.665s] DEBUG:colcon.colcon_core.package_identification:Package 'src/camera' with type 'ros.ament_cmake' and name 'camera'
[0.665s] Level 1:colcon.colcon_core.package_identification:_identify(src/pose_bridge) by extensions ['ignore', 'ignore_ament_install']
[0.665s] Level 1:colcon.colcon_core.package_identification:_identify(src/pose_bridge) by extension 'ignore'
[0.666s] Level 1:colcon.colcon_core.package_identification:_identify(src/pose_bridge) by extension 'ignore_ament_install'
[0.666s] Level 1:colcon.colcon_core.package_identification:_identify(src/pose_bridge) by extensions ['colcon_pkg']
[0.666s] Level 1:colcon.colcon_core.package_identification:_identify(src/pose_bridge) by extension 'colcon_pkg'
[0.666s] Level 1:colcon.colcon_core.package_identification:_identify(src/pose_bridge) by extensions ['colcon_meta']
[0.666s] Level 1:colcon.colcon_core.package_identification:_identify(src/pose_bridge) by extension 'colcon_meta'
[0.666s] Level 1:colcon.colcon_core.package_identification:_identify(src/pose_bridge) by extensions ['ros']
[0.666s] Level 1:colcon.colcon_core.package_identification:_identify(src/pose_bridge) by extension 'ros'
[0.667s] DEBUG:colcon.colcon_core.package_identification:Package 'src/pose_bridge' with type 'ros.ament_python' and name 'pose_bridge'
[0.667s] Level 1:colcon.colcon_core.package_identification:_identify(src/tag_detector) by extensions ['ignore', 'ignore_ament_install']
[0.667s] Level 1:colcon.colcon_core.package_identification:_identify(src/tag_detector) by extension 'ignore'
[0.668s] Level 1:colcon.colcon_core.package_identification:_identify(src/tag_detector) by extension 'ignore_ament_install'
[0.668s] Level 1:colcon.colcon_core.package_identification:_identify(src/tag_detector) by extensions ['colcon_pkg']
[0.668s] Level 1:colcon.colcon_core.package_identification:_identify(src/tag_detector) by extension 'colcon_pkg'
[0.668s] Level 1:colcon.colcon_core.package_identification:_identify(src/tag_detector) by extensions ['colcon_meta']
[0.668s] Level 1:colcon.colcon_core.package_identification:_identify(src/tag_detector) by extension 'colcon_meta'
[0.668s] Level 1:colcon.colcon_core.package_identification:_identify(src/tag_detector) by extensions ['ros']
[0.668s] Level 1:colcon.colcon_core.package_identification:_identify(src/tag_detector) by extension 'ros'
[0.669s] DEBUG:colcon.colcon_core.package_identification:Package 'src/tag_detector' with type 'ros.ament_cmake' and name 'tag_detector'
[0.669s] Level 1:colcon.colcon_core.package_identification:_identify(src/tag_nav_stub) by extensions ['ignore', 'ignore_ament_install']
[0.669s] Level 1:colcon.colcon_core.package_identification:_identify(src/tag_nav_stub) by extension 'ignore'
[0.670s] Level 1:colcon.colcon_core.package_identification:_identify(src/tag_nav_stub) by extension 'ignore_ament_install'
[0.670s] Level 1:colcon.colcon_core.package_identification:_identify(src/tag_nav_stub) by extensions ['colcon_pkg']
[0.670s] Level 1:colcon.colcon_core.package_identification:_identify(src/tag_nav_stub) by extension 'colcon_pkg'
[0.670s] Level 1:colcon.colcon_core.package_identification:_identify(src/tag_nav_stub) by extensions ['colcon_meta']
[0.670s] Level 1:colcon.colcon_core.package_identification:_identify(src/tag_nav_stub) by extension 'colcon_meta'
[0.670s] Level 1:colcon.colcon_core.package_identification:_identify(src/tag_nav_stub) by extensions ['ros']
[0.670s] Level 1:colcon.colcon_core.package_identification:_identify(src/tag_nav_stub) by extension 'ros'
[0.671s] DEBUG:colcon.colcon_core.package_identification:Package 'src/tag_nav_stub' with type 'ros.ament_python' and name 'tag_nav_stub'
[0.671s] Level 1:colcon.colcon_core.package_discovery:discover_packages(recursive) using defaults
[0.671s] Level 1:colcon.colcon_core.package_discovery:discover_packages(ignore) discover
[0.671s] Level 1:colcon.colcon_core.package_discovery:discover_packages(ignore) using defaults
[0.671s] Level 1:colcon.colcon_core.package_discovery:discover_packages(path) discover
[0.671s] Level 1:colcon.colcon_core.package_discovery:discover_packages(path) using defaults
[0.741s] INFO:colcon.colcon_core.package_selection:Skipping not selected package 'ardupilot_mavlink_bridge' in 'src/ardupilot_mavlink_bridge'
[0.741s] INFO:colcon.colcon_core.package_selection:Skipping not selected package 'pose_bridge' in 'src/pose_bridge'
[0.741s] INFO:colcon.colcon_core.package_selection:Skipping not selected package 'tag_detector' in 'src/tag_detector'
[0.741s] INFO:colcon.colcon_core.package_selection:Skipping not selected package 'tag_nav_stub' in 'src/tag_nav_stub'
[0.742s] Level 1:colcon.colcon_core.package_discovery:discover_packages(prefix_path) check parameters
[0.742s] Level 1:colcon.colcon_core.package_discovery:discover_packages(prefix_path) discover
[0.746s] DEBUG:colcon.colcon_installed_package_information.package_discovery:Found 6 installed packages in /home/nvidia/vtol_ws/install
[0.748s] DEBUG:colcon.colcon_installed_package_information.package_discovery:Found 275 installed packages in /opt/ros/humble
[0.750s] Level 1:colcon.colcon_core.package_discovery:discover_packages(prefix_path) using defaults
[0.812s] Level 5:colcon.colcon_core.verb:set package 'bringup' build argument 'cmake_args' from command line to 'None'
[0.812s] Level 5:colcon.colcon_core.verb:set package 'bringup' build argument 'cmake_target' from command line to 'None'
[0.812s] Level 5:colcon.colcon_core.verb:set package 'bringup' build argument 'cmake_target_skip_unavailable' from command line to 'False'
[0.813s] Level 5:colcon.colcon_core.verb:set package 'bringup' build argument 'cmake_clean_cache' from command line to 'False'
[0.813s] Level 5:colcon.colcon_core.verb:set package 'bringup' build argument 'cmake_clean_first' from command line to 'False'
[0.813s] Level 5:colcon.colcon_core.verb:set package 'bringup' build argument 'cmake_force_configure' from command line to 'False'
[0.813s] Level 5:colcon.colcon_core.verb:set package 'bringup' build argument 'ament_cmake_args' from command line to 'None'
[0.813s] Level 5:colcon.colcon_core.verb:set package 'bringup' build argument 'catkin_cmake_args' from command line to 'None'
[0.813s] Level 5:colcon.colcon_core.verb:set package 'bringup' build argument 'catkin_skip_building_tests' from command line to 'False'
[0.813s] DEBUG:colcon.colcon_core.verb:Building package 'bringup' with the following arguments: {'ament_cmake_args': None, 'build_base': '/home/nvidia/vtol_ws/build/bringup', 'catkin_cmake_args': None, 'catkin_skip_building_tests': False, 'cmake_args': None, 'cmake_clean_cache': False, 'cmake_clean_first': False, 'cmake_force_configure': False, 'cmake_target': None, 'cmake_target_skip_unavailable': False, 'install_base': '/home/nvidia/vtol_ws/install/bringup', 'merge_install': False, 'path': '/home/nvidia/vtol_ws/src/bringup', 'symlink_install': False, 'test_result_base': None}
[0.813s] Level 5:colcon.colcon_core.verb:set package 'camera' build argument 'cmake_args' from command line to 'None'
[0.814s] Level 5:colcon.colcon_core.verb:set package 'camera' build argument 'cmake_target' from command line to 'None'
[0.814s] Level 5:colcon.colcon_core.verb:set package 'camera' build argument 'cmake_target_skip_unavailable' from command line to 'False'
[0.814s] Level 5:colcon.colcon_core.verb:set package 'camera' build argument 'cmake_clean_cache' from command line to 'False'
[0.814s] Level 5:colcon.colcon_core.verb:set package 'camera' build argument 'cmake_clean_first' from command line to 'False'
[0.814s] Level 5:colcon.colcon_core.verb:set package 'camera' build argument 'cmake_force_configure' from command line to 'False'
[0.814s] Level 5:colcon.colcon_core.verb:set package 'camera' build argument 'ament_cmake_args' from command line to 'None'
[0.814s] Level 5:colcon.colcon_core.verb:set package 'camera' build argument 'catkin_cmake_args' from command line to 'None'
[0.814s] Level 5:colcon.colcon_core.verb:set package 'camera' build argument 'catkin_skip_building_tests' from command line to 'False'
[0.814s] DEBUG:colcon.colcon_core.verb:Building package 'camera' with the following arguments: {'ament_cmake_args': None, 'build_base': '/home/nvidia/vtol_ws/build/camera', 'catkin_cmake_args': None, 'catkin_skip_building_tests': False, 'cmake_args': None, 'cmake_clean_cache': False, 'cmake_clean_first': False, 'cmake_force_configure': False, 'cmake_target': None, 'cmake_target_skip_unavailable': False, 'install_base': '/home/nvidia/vtol_ws/install/camera', 'merge_install': False, 'path': '/home/nvidia/vtol_ws/src/camera', 'symlink_install': False, 'test_result_base': None}
[0.814s] INFO:colcon.colcon_core.executor:Executing jobs using 'parallel' executor
[0.816s] DEBUG:colcon.colcon_parallel_executor.executor.parallel:run_until_complete
[0.817s] INFO:colcon.colcon_ros.task.ament_python.build:Building ROS package in '/home/nvidia/vtol_ws/src/bringup' with build type 'ament_python'
[0.817s] Level 1:colcon.colcon_core.shell:create_environment_hook('bringup', 'ament_prefix_path')
[0.823s] INFO:colcon.colcon_core.plugin_system:Skipping extension 'colcon_core.shell.bat': Not used on non-Windows systems
[0.823s] INFO:colcon.colcon_core.shell:Creating environment hook '/home/nvidia/vtol_ws/install/bringup/share/bringup/hook/ament_prefix_path.ps1'
[0.824s] INFO:colcon.colcon_core.shell:Creating environment descriptor '/home/nvidia/vtol_ws/install/bringup/share/bringup/hook/ament_prefix_path.dsv'
[0.826s] INFO:colcon.colcon_core.shell:Creating environment hook '/home/nvidia/vtol_ws/install/bringup/share/bringup/hook/ament_prefix_path.sh'
[0.828s] INFO:colcon.colcon_core.shell:Skip shell extension 'powershell' for command environment: Not usable outside of PowerShell
[0.828s] DEBUG:colcon.colcon_core.shell:Skip shell extension 'dsv' for command environment
[0.834s] INFO:colcon.colcon_ros.task.ament_cmake.build:Building ROS package in '/home/nvidia/vtol_ws/src/camera' with build type 'ament_cmake'
[0.834s] INFO:colcon.colcon_cmake.task.cmake.build:Building CMake package in '/home/nvidia/vtol_ws/src/camera'
[0.834s] INFO:colcon.colcon_core.shell:Skip shell extension 'powershell' for command environment: Not usable outside of PowerShell
[0.834s] DEBUG:colcon.colcon_core.shell:Skip shell extension 'dsv' for command environment
[1.285s] INFO:colcon.colcon_core.task.python.build:Building Python package in '/home/nvidia/vtol_ws/src/bringup'
[1.286s] INFO:colcon.colcon_core.shell:Skip shell extension 'powershell' for command environment: Not usable outside of PowerShell
[1.286s] DEBUG:colcon.colcon_core.shell:Skip shell extension 'dsv' for command environment
[1.298s] DEBUG:colcon.colcon_core.event_handler.log_command:Invoking command in '/home/nvidia/vtol_ws/build/camera': CMAKE_PREFIX_PATH=${CMAKE_PREFIX_PATH}:/home/nvidia/vtol_ws/install/tag_nav_stub:/home/nvidia/vtol_ws/install/pose_bridge:/home/nvidia/vtol_ws/install/bringup:/home/nvidia/vtol_ws/install/ardupilot_mavlink_bridge:/opt/ros/humble CONDA_PROMPT_MODIFIER=(nim) /usr/bin/cmake --build /home/nvidia/vtol_ws/build/camera -- -j8 -l8
[1.916s] DEBUG:colcon.colcon_core.event_handler.log_command:Invoking command in '/home/nvidia/vtol_ws/src/bringup': CONDA_PROMPT_MODIFIER=(nim) PYTHONPATH=/home/nvidia/vtol_ws/build/bringup/prefix_override:/usr/lib/python3/dist-packages/colcon_core/task/python/colcon_distutils_commands:/home/nvidia/vtol_ws/install/bringup/lib/python3.10/site-packages:${PYTHONPATH} /usr/bin/python3 -W ignore:setup.py install is deprecated -W ignore:easy_install command is deprecated setup.py egg_info --egg-base ../../build/bringup build --build-base /home/nvidia/vtol_ws/build/bringup/build install --record /home/nvidia/vtol_ws/build/bringup/install.log --single-version-externally-managed install_data
[2.439s] DEBUG:colcon.colcon_core.event_handler.log_command:Invoked command in '/home/nvidia/vtol_ws/src/bringup' returned '0': CONDA_PROMPT_MODIFIER=(nim) PYTHONPATH=/home/nvidia/vtol_ws/build/bringup/prefix_override:/usr/lib/python3/dist-packages/colcon_core/task/python/colcon_distutils_commands:/home/nvidia/vtol_ws/install/bringup/lib/python3.10/site-packages:${PYTHONPATH} /usr/bin/python3 -W ignore:setup.py install is deprecated -W ignore:easy_install command is deprecated setup.py egg_info --egg-base ../../build/bringup build --build-base /home/nvidia/vtol_ws/build/bringup/build install --record /home/nvidia/vtol_ws/build/bringup/install.log --single-version-externally-managed install_data
[2.450s] Level 1:colcon.colcon_core.environment:checking '/home/nvidia/vtol_ws/install/bringup' for CMake module files
[2.450s] Level 1:colcon.colcon_core.environment:checking '/home/nvidia/vtol_ws/install/bringup' for CMake config files
[2.452s] Level 1:colcon.colcon_core.environment:checking '/home/nvidia/vtol_ws/install/bringup/lib'
[2.452s] Level 1:colcon.colcon_core.environment:checking '/home/nvidia/vtol_ws/install/bringup/bin'
[2.452s] Level 1:colcon.colcon_core.environment:checking '/home/nvidia/vtol_ws/install/bringup/lib/pkgconfig/bringup.pc'
[2.453s] Level 1:colcon.colcon_core.environment:checking '/home/nvidia/vtol_ws/install/bringup/lib/python3.10/site-packages'
[2.453s] Level 1:colcon.colcon_core.shell:create_environment_hook('bringup', 'pythonpath')
[2.454s] INFO:colcon.colcon_core.shell:Creating environment hook '/home/nvidia/vtol_ws/install/bringup/share/bringup/hook/pythonpath.ps1'
[2.455s] INFO:colcon.colcon_core.shell:Creating environment descriptor '/home/nvidia/vtol_ws/install/bringup/share/bringup/hook/pythonpath.dsv'
[2.456s] INFO:colcon.colcon_core.shell:Creating environment hook '/home/nvidia/vtol_ws/install/bringup/share/bringup/hook/pythonpath.sh'
[2.459s] Level 1:colcon.colcon_core.environment:checking '/home/nvidia/vtol_ws/install/bringup/bin'
[2.459s] Level 1:colcon.colcon_core.environment:create_environment_scripts_only(bringup)
[2.460s] INFO:colcon.colcon_core.shell:Creating package script '/home/nvidia/vtol_ws/install/bringup/share/bringup/package.ps1'
[2.464s] INFO:colcon.colcon_core.shell:Creating package descriptor '/home/nvidia/vtol_ws/install/bringup/share/bringup/package.dsv'
[2.467s] INFO:colcon.colcon_core.shell:Creating package script '/home/nvidia/vtol_ws/install/bringup/share/bringup/package.sh'
[2.470s] INFO:colcon.colcon_core.shell:Creating package script '/home/nvidia/vtol_ws/install/bringup/share/bringup/package.bash'
[2.473s] INFO:colcon.colcon_core.shell:Creating package script '/home/nvidia/vtol_ws/install/bringup/share/bringup/package.zsh'
[2.476s] Level 1:colcon.colcon_core.environment:create_file_with_runtime_dependencies(/home/nvidia/vtol_ws/install/bringup/share/colcon-core/packages/bringup)
[14.282s] DEBUG:colcon.colcon_core.event_handler.log_command:Invoked command in '/home/nvidia/vtol_ws/build/camera' returned '0': CMAKE_PREFIX_PATH=${CMAKE_PREFIX_PATH}:/home/nvidia/vtol_ws/install/tag_nav_stub:/home/nvidia/vtol_ws/install/pose_bridge:/home/nvidia/vtol_ws/install/bringup:/home/nvidia/vtol_ws/install/ardupilot_mavlink_bridge:/opt/ros/humble CONDA_PROMPT_MODIFIER=(nim) /usr/bin/cmake --build /home/nvidia/vtol_ws/build/camera -- -j8 -l8
[14.303s] DEBUG:colcon.colcon_core.event_handler.log_command:Invoking command in '/home/nvidia/vtol_ws/build/camera': CMAKE_PREFIX_PATH=${CMAKE_PREFIX_PATH}:/home/nvidia/vtol_ws/install/tag_nav_stub:/home/nvidia/vtol_ws/install/pose_bridge:/home/nvidia/vtol_ws/install/bringup:/home/nvidia/vtol_ws/install/ardupilot_mavlink_bridge:/opt/ros/humble CONDA_PROMPT_MODIFIER=(nim) /usr/bin/cmake --install /home/nvidia/vtol_ws/build/camera
[14.324s] Level 1:colcon.colcon_core.environment:create_environment_scripts_only(camera)
[14.325s] Level 1:colcon.colcon_core.environment:checking '/home/nvidia/vtol_ws/install/camera' for CMake module files
[14.326s] DEBUG:colcon.colcon_core.event_handler.log_command:Invoked command in '/home/nvidia/vtol_ws/build/camera' returned '0': CMAKE_PREFIX_PATH=${CMAKE_PREFIX_PATH}:/home/nvidia/vtol_ws/install/tag_nav_stub:/home/nvidia/vtol_ws/install/pose_bridge:/home/nvidia/vtol_ws/install/bringup:/home/nvidia/vtol_ws/install/ardupilot_mavlink_bridge:/opt/ros/humble CONDA_PROMPT_MODIFIER=(nim) /usr/bin/cmake --install /home/nvidia/vtol_ws/build/camera
[14.326s] Level 1:colcon.colcon_core.environment:checking '/home/nvidia/vtol_ws/install/camera' for CMake config files
[14.327s] Level 1:colcon.colcon_core.shell:create_environment_hook('camera', 'cmake_prefix_path')
[14.327s] INFO:colcon.colcon_core.shell:Creating environment hook '/home/nvidia/vtol_ws/install/camera/share/camera/hook/cmake_prefix_path.ps1'
[14.328s] INFO:colcon.colcon_core.shell:Creating environment descriptor '/home/nvidia/vtol_ws/install/camera/share/camera/hook/cmake_prefix_path.dsv'
[14.329s] INFO:colcon.colcon_core.shell:Creating environment hook '/home/nvidia/vtol_ws/install/camera/share/camera/hook/cmake_prefix_path.sh'
[14.330s] Level 1:colcon.colcon_core.environment:checking '/home/nvidia/vtol_ws/install/camera/lib'
[14.330s] Level 1:colcon.colcon_core.environment:checking '/home/nvidia/vtol_ws/install/camera/bin'
[14.330s] Level 1:colcon.colcon_core.environment:checking '/home/nvidia/vtol_ws/install/camera/lib/pkgconfig/camera.pc'
[14.331s] Level 1:colcon.colcon_core.environment:checking '/home/nvidia/vtol_ws/install/camera/lib/python3.10/site-packages'
[14.331s] Level 1:colcon.colcon_core.environment:checking '/home/nvidia/vtol_ws/install/camera/bin'
[14.332s] INFO:colcon.colcon_core.shell:Creating package script '/home/nvidia/vtol_ws/install/camera/share/camera/package.ps1'
[14.332s] INFO:colcon.colcon_core.shell:Creating package descriptor '/home/nvidia/vtol_ws/install/camera/share/camera/package.dsv'
[14.333s] INFO:colcon.colcon_core.shell:Creating package script '/home/nvidia/vtol_ws/install/camera/share/camera/package.sh'
[14.334s] INFO:colcon.colcon_core.shell:Creating package script '/home/nvidia/vtol_ws/install/camera/share/camera/package.bash'
[14.334s] INFO:colcon.colcon_core.shell:Creating package script '/home/nvidia/vtol_ws/install/camera/share/camera/package.zsh'
[14.335s] Level 1:colcon.colcon_core.environment:create_file_with_runtime_dependencies(/home/nvidia/vtol_ws/install/camera/share/colcon-core/packages/camera)
[14.336s] Level 1:colcon.colcon_core.environment:create_environment_scripts_only(camera)
[14.336s] Level 1:colcon.colcon_core.environment:checking '/home/nvidia/vtol_ws/install/camera' for CMake module files
[14.337s] Level 1:colcon.colcon_core.environment:checking '/home/nvidia/vtol_ws/install/camera' for CMake config files
[14.337s] Level 1:colcon.colcon_core.shell:create_environment_hook('camera', 'cmake_prefix_path')
[14.338s] INFO:colcon.colcon_core.shell:Creating environment hook '/home/nvidia/vtol_ws/install/camera/share/camera/hook/cmake_prefix_path.ps1'
[14.338s] INFO:colcon.colcon_core.shell:Creating environment descriptor '/home/nvidia/vtol_ws/install/camera/share/camera/hook/cmake_prefix_path.dsv'
[14.339s] INFO:colcon.colcon_core.shell:Creating environment hook '/home/nvidia/vtol_ws/install/camera/share/camera/hook/cmake_prefix_path.sh'
[14.340s] Level 1:colcon.colcon_core.environment:checking '/home/nvidia/vtol_ws/install/camera/lib'
[14.340s] Level 1:colcon.colcon_core.environment:checking '/home/nvidia/vtol_ws/install/camera/bin'
[14.340s] Level 1:colcon.colcon_core.environment:checking '/home/nvidia/vtol_ws/install/camera/lib/pkgconfig/camera.pc'
[14.340s] Level 1:colcon.colcon_core.environment:checking '/home/nvidia/vtol_ws/install/camera/lib/python3.10/site-packages'
[14.341s] Level 1:colcon.colcon_core.environment:checking '/home/nvidia/vtol_ws/install/camera/bin'
[14.341s] INFO:colcon.colcon_core.shell:Creating package script '/home/nvidia/vtol_ws/install/camera/share/camera/package.ps1'
[14.343s] INFO:colcon.colcon_core.shell:Creating package descriptor '/home/nvidia/vtol_ws/install/camera/share/camera/package.dsv'
[14.343s] INFO:colcon.colcon_core.shell:Creating package script '/home/nvidia/vtol_ws/install/camera/share/camera/package.sh'
[14.344s] INFO:colcon.colcon_core.shell:Creating package script '/home/nvidia/vtol_ws/install/camera/share/camera/package.bash'
[14.345s] INFO:colcon.colcon_core.shell:Creating package script '/home/nvidia/vtol_ws/install/camera/share/camera/package.zsh'
[14.345s] Level 1:colcon.colcon_core.environment:create_file_with_runtime_dependencies(/home/nvidia/vtol_ws/install/camera/share/colcon-core/packages/camera)
[14.346s] DEBUG:colcon.colcon_parallel_executor.executor.parallel:closing loop
[14.346s] DEBUG:colcon.colcon_parallel_executor.executor.parallel:loop closed
[14.347s] DEBUG:colcon.colcon_parallel_executor.executor.parallel:run_until_complete finished with '0'
[14.347s] DEBUG:colcon.colcon_core.event_reactor:joining thread
[14.357s] INFO:colcon.colcon_core.plugin_system:Skipping extension 'colcon_notification.desktop_notification.terminal_notifier': Not used on non-Darwin systems
[14.358s] INFO:colcon.colcon_core.plugin_system:Skipping extension 'colcon_notification.desktop_notification.win32': Not used on non-Windows systems
[14.358s] INFO:colcon.colcon_notification.desktop_notification:Sending desktop notification using 'notify2'
[14.421s] DEBUG:colcon.colcon_core.event_reactor:joined thread
[14.422s] INFO:colcon.colcon_core.shell:Creating prefix script '/home/nvidia/vtol_ws/install/local_setup.ps1'
[14.425s] INFO:colcon.colcon_core.shell:Creating prefix util module '/home/nvidia/vtol_ws/install/_local_setup_util_ps1.py'
[14.428s] INFO:colcon.colcon_core.shell:Creating prefix chain script '/home/nvidia/vtol_ws/install/setup.ps1'
[14.432s] INFO:colcon.colcon_core.shell:Creating prefix script '/home/nvidia/vtol_ws/install/local_setup.sh'
[14.433s] INFO:colcon.colcon_core.shell:Creating prefix util module '/home/nvidia/vtol_ws/install/_local_setup_util_sh.py'
[14.435s] INFO:colcon.colcon_core.shell:Creating prefix chain script '/home/nvidia/vtol_ws/install/setup.sh'
[14.438s] INFO:colcon.colcon_core.shell:Creating prefix script '/home/nvidia/vtol_ws/install/local_setup.bash'
[14.440s] INFO:colcon.colcon_core.shell:Creating prefix chain script '/home/nvidia/vtol_ws/install/setup.bash'
[14.443s] INFO:colcon.colcon_core.shell:Creating prefix script '/home/nvidia/vtol_ws/install/local_setup.zsh'
[14.444s] INFO:colcon.colcon_core.shell:Creating prefix chain script '/home/nvidia/vtol_ws/install/setup.zsh'
