[2.510s] Invoking command in '/home/nvidia/vtol_ws/src/tag_nav_stub': CONDA_PROMPT_MODIFIER=(nim) PYTHONPATH=/home/nvidia/vtol_ws/build/tag_nav_stub/prefix_override:/usr/lib/python3/dist-packages/colcon_core/task/python/colcon_distutils_commands:/home/nvidia/vtol_ws/install/tag_nav_stub/lib/python3.10/site-packages:${PYTHONPATH} /usr/bin/python3 -W ignore:setup.py install is deprecated -W ignore:easy_install command is deprecated setup.py egg_info --egg-base ../../build/tag_nav_stub build --build-base /home/nvidia/vtol_ws/build/tag_nav_stub/build install --record /home/nvidia/vtol_ws/build/tag_nav_stub/install.log --single-version-externally-managed install_data
[2.987s] running egg_info
[2.988s] writing ../../build/tag_nav_stub/tag_nav_stub.egg-info/PKG-INFO
[2.988s] writing dependency_links to ../../build/tag_nav_stub/tag_nav_stub.egg-info/dependency_links.txt
[2.989s] writing entry points to ../../build/tag_nav_stub/tag_nav_stub.egg-info/entry_points.txt
[2.989s] writing requirements to ../../build/tag_nav_stub/tag_nav_stub.egg-info/requires.txt
[2.989s] writing top-level names to ../../build/tag_nav_stub/tag_nav_stub.egg-info/top_level.txt
[2.996s] reading manifest file '../../build/tag_nav_stub/tag_nav_stub.egg-info/SOURCES.txt'
[2.998s] writing manifest file '../../build/tag_nav_stub/tag_nav_stub.egg-info/SOURCES.txt'
[2.998s] running build
[2.998s] running build_py
[2.999s] running install
[2.999s] running install_lib
[3.002s] running install_data
[3.002s] running install_egg_info
[3.005s] removing '/home/nvidia/vtol_ws/install/tag_nav_stub/lib/python3.10/site-packages/tag_nav_stub-0.0.0-py3.10.egg-info' (and everything under it)
[3.006s] Copying ../../build/tag_nav_stub/tag_nav_stub.egg-info to /home/nvidia/vtol_ws/install/tag_nav_stub/lib/python3.10/site-packages/tag_nav_stub-0.0.0-py3.10.egg-info
[3.008s] running install_scripts
[3.046s] writing list of installed files to '/home/nvidia/vtol_ws/build/tag_nav_stub/install.log'
[3.128s] Invoked command in '/home/nvidia/vtol_ws/src/tag_nav_stub' returned '0': CONDA_PROMPT_MODIFIER=(nim) PYTHONPATH=/home/nvidia/vtol_ws/build/tag_nav_stub/prefix_override:/usr/lib/python3/dist-packages/colcon_core/task/python/colcon_distutils_commands:/home/nvidia/vtol_ws/install/tag_nav_stub/lib/python3.10/site-packages:${PYTHONPATH} /usr/bin/python3 -W ignore:setup.py install is deprecated -W ignore:easy_install command is deprecated setup.py egg_info --egg-base ../../build/tag_nav_stub build --build-base /home/nvidia/vtol_ws/build/tag_nav_stub/build install --record /home/nvidia/vtol_ws/build/tag_nav_stub/install.log --single-version-externally-managed install_data
