[1.114s] Invoking command in '/home/nvidia/vtol_ws/src/bringup': CONDA_PROMPT_MODIFIER=(nim) PYTHONPATH=/home/nvidia/vtol_ws/build/bringup/prefix_override:/usr/lib/python3/dist-packages/colcon_core/task/python/colcon_distutils_commands:/home/nvidia/vtol_ws/install/bringup/lib/python3.10/site-packages:${PYTHONPATH} /usr/bin/python3 -W ignore:setup.py install is deprecated -W ignore:easy_install command is deprecated setup.py egg_info --egg-base ../../build/bringup build --build-base /home/nvidia/vtol_ws/build/bringup/build install --record /home/nvidia/vtol_ws/build/bringup/install.log --single-version-externally-managed install_data
[1.511s] running egg_info
[1.512s] writing ../../build/bringup/bringup.egg-info/PKG-INFO
[1.512s] writing dependency_links to ../../build/bringup/bringup.egg-info/dependency_links.txt
[1.512s] writing entry points to ../../build/bringup/bringup.egg-info/entry_points.txt
[1.513s] writing requirements to ../../build/bringup/bringup.egg-info/requires.txt
[1.513s] writing top-level names to ../../build/bringup/bringup.egg-info/top_level.txt
[1.516s] reading manifest file '../../build/bringup/bringup.egg-info/SOURCES.txt'
[1.517s] writing manifest file '../../build/bringup/bringup.egg-info/SOURCES.txt'
[1.518s] running build
[1.518s] running build_py
[1.519s] running install
[1.519s] running install_lib
[1.522s] running install_data
[1.523s] copying launch/system.launch.py -> /home/nvidia/vtol_ws/install/bringup/share/bringup/launch
[1.523s] running install_egg_info
[1.526s] removing '/home/nvidia/vtol_ws/install/bringup/lib/python3.10/site-packages/bringup-0.0.0-py3.10.egg-info' (and everything under it)
[1.527s] Copying ../../build/bringup/bringup.egg-info to /home/nvidia/vtol_ws/install/bringup/lib/python3.10/site-packages/bringup-0.0.0-py3.10.egg-info
[1.528s] running install_scripts
[1.562s] writing list of installed files to '/home/nvidia/vtol_ws/build/bringup/install.log'
[1.626s] Invoked command in '/home/nvidia/vtol_ws/src/bringup' returned '0': CONDA_PROMPT_MODIFIER=(nim) PYTHONPATH=/home/nvidia/vtol_ws/build/bringup/prefix_override:/usr/lib/python3/dist-packages/colcon_core/task/python/colcon_distutils_commands:/home/nvidia/vtol_ws/install/bringup/lib/python3.10/site-packages:${PYTHONPATH} /usr/bin/python3 -W ignore:setup.py install is deprecated -W ignore:easy_install command is deprecated setup.py egg_info --egg-base ../../build/bringup build --build-base /home/nvidia/vtol_ws/build/bringup/build install --record /home/nvidia/vtol_ws/build/bringup/install.log --single-version-externally-managed install_data
