[0.016s] Invoking command in '/home/nvidia/vtol_ws/build/tag_detector': CMAKE_PREFIX_PATH=/home/nvidia/vtol_ws/install/tag_nav_stub:/opt/ros/humble CONDA_PROMPT_MODIFIER=(nim) /usr/bin/cmake --build /home/nvidia/vtol_ws/build/tag_detector -- -j8 -l8
[0.055s] -- Found ament_cmake: 1.3.14 (/opt/ros/humble/share/ament_cmake/cmake)
[0.303s] -- Found rclcpp: 16.0.18 (/opt/ros/humble/share/rclcpp/cmake)
[0.363s] -- Found rosidl_generator_c: 3.1.8 (/opt/ros/humble/share/rosidl_generator_c/cmake)
[0.367s] -- Found rosidl_adapter: 3.1.8 (/opt/ros/humble/share/rosidl_adapter/cmake)
[0.377s] -- Found rosidl_generator_cpp: 3.1.8 (/opt/ros/humble/share/rosidl_generator_cpp/cmake)
[0.390s] -- Using all available rosidl_typesupport_c: rosidl_typesupport_fastrtps_c;rosidl_typesupport_introspection_c
[0.408s] -- Using all available rosidl_typesupport_cpp: rosidl_typesupport_fastrtps_cpp;rosidl_typesupport_introspection_cpp
[0.452s] -- Found rmw_implementation_cmake: 6.1.2 (/opt/ros/humble/share/rmw_implementation_cmake/cmake)
[0.454s] -- Found rmw_fastrtps_cpp: 6.2.10 (/opt/ros/humble/share/rmw_fastrtps_cpp/cmake)
[0.598s] -- Using RMW implementation 'rmw_fastrtps_cpp' as default
[0.667s] -- Found sensor_msgs: 4.9.1 (/opt/ros/humble/share/sensor_msgs/cmake)
[0.708s] -- Found cv_bridge: 3.2.1 (/opt/ros/humble/share/cv_bridge/cmake)
[0.720s] -- Found OpenCV: /usr (found version "4.8.0") 
[0.901s] -- Configuring done
[0.919s] -- Generating done
[0.925s] -- Build files have been written to: /home/nvidia/vtol_ws/build/tag_detector
[0.985s] Consolidate compiler generated dependencies of target tag_detector_node
[1.010s] [ 50%] Building CXX object CMakeFiles/tag_detector_node.dir/src/tag_detector_node.cpp.o
[19.877s] [100%] Linking CXX executable tag_detector_node
[20.237s] /usr/bin/ld: warning: libopencv_imgcodecs.so.4.5d, needed by /opt/ros/humble/lib/libcv_bridge.so, may conflict with libopencv_imgcodecs.so.408
[20.238s] /usr/bin/ld: warning: libopencv_imgproc.so.4.5d, needed by /opt/ros/humble/lib/libcv_bridge.so, may conflict with libopencv_imgproc.so.408
[20.239s] /usr/bin/ld: warning: libopencv_core.so.4.5d, needed by /opt/ros/humble/lib/libcv_bridge.so, may conflict with libopencv_core.so.408
[21.158s] [100%] Built target tag_detector_node
[21.180s] Invoked command in '/home/nvidia/vtol_ws/build/tag_detector' returned '0': CMAKE_PREFIX_PATH=/home/nvidia/vtol_ws/install/tag_nav_stub:/opt/ros/humble CONDA_PROMPT_MODIFIER=(nim) /usr/bin/cmake --build /home/nvidia/vtol_ws/build/tag_detector -- -j8 -l8
[21.202s] Invoking command in '/home/nvidia/vtol_ws/build/tag_detector': CMAKE_PREFIX_PATH=/home/nvidia/vtol_ws/install/tag_nav_stub:/opt/ros/humble CONDA_PROMPT_MODIFIER=(nim) /usr/bin/cmake --install /home/nvidia/vtol_ws/build/tag_detector
[21.217s] -- Install configuration: ""
[21.218s] -- Installing: /home/nvidia/vtol_ws/install/tag_detector/lib/tag_detector/tag_detector_node
[21.227s] -- Set runtime path of "/home/nvidia/vtol_ws/install/tag_detector/lib/tag_detector/tag_detector_node" to ""
[21.227s] -- Installing: /home/nvidia/vtol_ws/install/tag_detector/share/ament_index/resource_index/package_run_dependencies/tag_detector
[21.227s] -- Up-to-date: /home/nvidia/vtol_ws/install/tag_detector/share/ament_index/resource_index/parent_prefix_path/tag_detector
[21.227s] -- Up-to-date: /home/nvidia/vtol_ws/install/tag_detector/share/tag_detector/environment/ament_prefix_path.sh
[21.228s] -- Installing: /home/nvidia/vtol_ws/install/tag_detector/share/tag_detector/environment/ament_prefix_path.dsv
[21.228s] -- Up-to-date: /home/nvidia/vtol_ws/install/tag_detector/share/tag_detector/environment/path.sh
[21.228s] -- Installing: /home/nvidia/vtol_ws/install/tag_detector/share/tag_detector/environment/path.dsv
[21.228s] -- Up-to-date: /home/nvidia/vtol_ws/install/tag_detector/share/tag_detector/local_setup.bash
[21.228s] -- Up-to-date: /home/nvidia/vtol_ws/install/tag_detector/share/tag_detector/local_setup.sh
[21.228s] -- Up-to-date: /home/nvidia/vtol_ws/install/tag_detector/share/tag_detector/local_setup.zsh
[21.228s] -- Installing: /home/nvidia/vtol_ws/install/tag_detector/share/tag_detector/local_setup.dsv
[21.229s] -- Installing: /home/nvidia/vtol_ws/install/tag_detector/share/tag_detector/package.dsv
[21.229s] -- Up-to-date: /home/nvidia/vtol_ws/install/tag_detector/share/ament_index/resource_index/packages/tag_detector
[21.229s] -- Up-to-date: /home/nvidia/vtol_ws/install/tag_detector/share/tag_detector/cmake/tag_detectorConfig.cmake
[21.229s] -- Up-to-date: /home/nvidia/vtol_ws/install/tag_detector/share/tag_detector/cmake/tag_detectorConfig-version.cmake
[21.229s] -- Installing: /home/nvidia/vtol_ws/install/tag_detector/share/tag_detector/package.xml
[21.232s] Invoked command in '/home/nvidia/vtol_ws/build/tag_detector' returned '0': CMAKE_PREFIX_PATH=/home/nvidia/vtol_ws/install/tag_nav_stub:/opt/ros/humble CONDA_PROMPT_MODIFIER=(nim) /usr/bin/cmake --install /home/nvidia/vtol_ws/build/tag_detector
