[2.512s] Invoking command in '/home/nvidia/vtol_ws/src/bringup': CONDA_PROMPT_MODIFIER=(nim) PYTHONPATH=/home/nvidia/vtol_ws/build/bringup/prefix_override:/usr/lib/python3/dist-packages/colcon_core/task/python/colcon_distutils_commands:/home/nvidia/vtol_ws/install/bringup/lib/python3.10/site-packages:${PYTHONPATH} /usr/bin/python3 -W ignore:setup.py install is deprecated -W ignore:easy_install command is deprecated setup.py egg_info --egg-base ../../build/bringup build --build-base /home/nvidia/vtol_ws/build/bringup/build install --record /home/nvidia/vtol_ws/build/bringup/install.log --single-version-externally-managed install_data
[3.007s] running egg_info
[3.008s] creating ../../build/bringup/bringup.egg-info
[3.009s] writing ../../build/bringup/bringup.egg-info/PKG-INFO
[3.010s] writing dependency_links to ../../build/bringup/bringup.egg-info/dependency_links.txt
[3.010s] writing entry points to ../../build/bringup/bringup.egg-info/entry_points.txt
[3.010s] writing requirements to ../../build/bringup/bringup.egg-info/requires.txt
[3.011s] writing top-level names to ../../build/bringup/bringup.egg-info/top_level.txt
[3.011s] writing manifest file '../../build/bringup/bringup.egg-info/SOURCES.txt'
[3.016s] reading manifest file '../../build/bringup/bringup.egg-info/SOURCES.txt'
[3.018s] writing manifest file '../../build/bringup/bringup.egg-info/SOURCES.txt'
[3.018s] running build
[3.018s] running build_py
[3.019s] creating /home/nvidia/vtol_ws/build/bringup/build
[3.019s] creating /home/nvidia/vtol_ws/build/bringup/build/lib
[3.019s] creating /home/nvidia/vtol_ws/build/bringup/build/lib/bringup
[3.020s] copying bringup/__init__.py -> /home/nvidia/vtol_ws/build/bringup/build/lib/bringup
[3.020s] running install
[3.021s] running install_lib
[3.028s] creating /home/nvidia/vtol_ws/install/bringup/lib/python3.10/site-packages/bringup
[3.028s] copying /home/nvidia/vtol_ws/build/bringup/build/lib/bringup/__init__.py -> /home/nvidia/vtol_ws/install/bringup/lib/python3.10/site-packages/bringup
[3.030s] byte-compiling /home/nvidia/vtol_ws/install/bringup/lib/python3.10/site-packages/bringup/__init__.py to __init__.cpython-310.pyc
[3.031s] running install_data
[3.031s] creating /home/nvidia/vtol_ws/install/bringup/share/ament_index
[3.031s] creating /home/nvidia/vtol_ws/install/bringup/share/ament_index/resource_index
[3.031s] creating /home/nvidia/vtol_ws/install/bringup/share/ament_index/resource_index/packages
[3.032s] copying resource/bringup -> /home/nvidia/vtol_ws/install/bringup/share/ament_index/resource_index/packages
[3.032s] copying package.xml -> /home/nvidia/vtol_ws/install/bringup/share/bringup
[3.033s] creating /home/nvidia/vtol_ws/install/bringup/share/bringup/launch
[3.033s] copying launch/system.launch.py -> /home/nvidia/vtol_ws/install/bringup/share/bringup/launch
[3.033s] running install_egg_info
[3.038s] Copying ../../build/bringup/bringup.egg-info to /home/nvidia/vtol_ws/install/bringup/lib/python3.10/site-packages/bringup-0.0.0-py3.10.egg-info
[3.040s] running install_scripts
[3.087s] writing list of installed files to '/home/nvidia/vtol_ws/build/bringup/install.log'
[3.177s] Invoked command in '/home/nvidia/vtol_ws/src/bringup' returned '0': CONDA_PROMPT_MODIFIER=(nim) PYTHONPATH=/home/nvidia/vtol_ws/build/bringup/prefix_override:/usr/lib/python3/dist-packages/colcon_core/task/python/colcon_distutils_commands:/home/nvidia/vtol_ws/install/bringup/lib/python3.10/site-packages:${PYTHONPATH} /usr/bin/python3 -W ignore:setup.py install is deprecated -W ignore:easy_install command is deprecated setup.py egg_info --egg-base ../../build/bringup build --build-base /home/nvidia/vtol_ws/build/bringup/build install --record /home/nvidia/vtol_ws/build/bringup/install.log --single-version-externally-managed install_data
