[0.903s] Invoking command in '/home/nvidia/vtol_ws/build/camera': CMAKE_PREFIX_PATH=/home/nvidia/vtol_ws/install/tag_nav_stub:/opt/ros/humble CONDA_PROMPT_MODIFIER=(nim) /usr/bin/cmake /home/nvidia/vtol_ws/src/camera -DCMAKE_INSTALL_PREFIX=/home/nvidia/vtol_ws/install/camera
[1.816s] -- The C compiler identification is GNU 11.4.0
[1.817s] -- The CXX compiler identification is GNU 11.4.0
[1.818s] -- Detecting C compiler ABI info
[1.818s] -- Detecting C compiler ABI info - done
[1.818s] -- Check for working C compiler: /usr/bin/cc - skipped
[1.819s] -- Detecting C compile features
[1.819s] -- Detecting C compile features - done
[1.819s] -- Detecting CXX compiler ABI info
[1.820s] -- Detecting CXX compiler ABI info - done
[1.820s] -- Check for working CXX compiler: /usr/bin/c++ - skipped
[1.820s] -- Detecting CXX compile features
[1.821s] -- Detecting CXX compile features - done
[1.822s] -- Found ament_cmake: 1.3.14 (/opt/ros/humble/share/ament_cmake/cmake)
[2.278s] -- Found Python3: /home/nvidia/miniconda3/envs/nim/bin/python3 (found version "3.10.18") found components: Interpreter 
[2.525s] -- Found rclcpp: 16.0.18 (/opt/ros/humble/share/rclcpp/cmake)
[2.590s] -- Found rosidl_generator_c: 3.1.8 (/opt/ros/humble/share/rosidl_generator_c/cmake)
[2.590s] -- Found rosidl_adapter: 3.1.8 (/opt/ros/humble/share/rosidl_adapter/cmake)
[2.597s] -- Found rosidl_generator_cpp: 3.1.8 (/opt/ros/humble/share/rosidl_generator_cpp/cmake)
[2.619s] -- Using all available rosidl_typesupport_c: rosidl_typesupport_fastrtps_c;rosidl_typesupport_introspection_c
[2.650s] -- Using all available rosidl_typesupport_cpp: rosidl_typesupport_fastrtps_cpp;rosidl_typesupport_introspection_cpp
[2.736s] -- Found rmw_implementation_cmake: 6.1.2 (/opt/ros/humble/share/rmw_implementation_cmake/cmake)
[2.741s] -- Found rmw_fastrtps_cpp: 6.2.10 (/opt/ros/humble/share/rmw_fastrtps_cpp/cmake)
[3.026s] -- Found OpenSSL: /usr/lib/aarch64-linux-gnu/libcrypto.so (found version "3.0.2")  
[3.072s] -- Found FastRTPS: /opt/ros/humble/include  
[3.168s] -- Using RMW implementation 'rmw_fastrtps_cpp' as default
[3.181s] -- Looking for pthread.h
[3.296s] -- Looking for pthread.h - found
[3.297s] -- Performing Test CMAKE_HAVE_LIBC_PTHREAD
[3.414s] -- Performing Test CMAKE_HAVE_LIBC_PTHREAD - Success
[3.415s] -- Found Threads: TRUE  
[3.491s] -- Found sensor_msgs: 4.9.1 (/opt/ros/humble/share/sensor_msgs/cmake)
[3.575s] Traceback (most recent call last):
[3.575s]   File "/opt/ros/humble/share/ament_cmake_core/cmake/core/package_xml_2_cmake.py", line 22, in <module>
[3.575s]     from catkin_pkg.package import parse_package_string
[3.575s] ModuleNotFoundError: No module named 'catkin_pkg'
[3.581s] CMake Error at /opt/ros/humble/share/ament_cmake_core/cmake/core/ament_package_xml.cmake:95 (message):
[3.581s]   execute_process(/home/nvidia/miniconda3/envs/nim/bin/python3
[3.582s]   /opt/ros/humble/share/ament_cmake_core/cmake/core/package_xml_2_cmake.py
[3.582s]   /home/nvidia/vtol_ws/src/camera/package.xml
[3.582s]   /home/nvidia/vtol_ws/build/camera/ament_cmake_core/package.cmake) returned
[3.582s]   error code 1
[3.582s] Call Stack (most recent call first):
[3.582s]   /opt/ros/humble/share/ament_cmake_core/cmake/core/ament_package_xml.cmake:49 (_ament_package_xml)
[3.582s]   /opt/ros/humble/share/ament_cmake_core/cmake/core/ament_package.cmake:63 (ament_package_xml)
[3.582s]   CMakeLists.txt:21 (ament_package)
[3.582s] 
[3.583s] 
[3.583s] -- Configuring incomplete, errors occurred!
[3.583s] See also "/home/nvidia/vtol_ws/build/camera/CMakeFiles/CMakeOutput.log".
[3.604s] Invoked command in '/home/nvidia/vtol_ws/build/camera' returned '1': CMAKE_PREFIX_PATH=/home/nvidia/vtol_ws/install/tag_nav_stub:/opt/ros/humble CONDA_PROMPT_MODIFIER=(nim) /usr/bin/cmake /home/nvidia/vtol_ws/src/camera -DCMAKE_INSTALL_PREFIX=/home/nvidia/vtol_ws/install/camera
