[0.223s] DEBUG:colcon:Command line arguments: ['/usr/bin/colcon', 'build', '--packages-select', 'ardupilot_mavlink_bridge']
[0.223s] DEBUG:colcon:Parsed command line arguments: Namespace(log_base=None, log_level=None, verb_name='build', build_base='build', install_base='install', merge_install=False, symlink_install=False, test_result_base=None, continue_on_error=False, executor='parallel', parallel_workers=8, event_handlers=None, ignore_user_meta=False, metas=['./colcon.meta'], base_paths=['.'], packages_ignore=None, packages_ignore_regex=None, paths=None, packages_up_to=None, packages_up_to_regex=None, packages_above=None, packages_above_and_dependencies=None, packages_above_depth=None, packages_select_by_dep=None, packages_skip_by_dep=None, packages_skip_up_to=None, packages_select_build_failed=False, packages_skip_build_finished=False, packages_select_test_failures=False, packages_skip_test_passed=False, packages_select=['ardupilot_mavlink_bridge'], packages_skip=None, packages_select_regex=None, packages_skip_regex=None, packages_start=None, packages_end=None, allow_overriding=[], cmake_args=None, cmake_target=None, cmake_target_skip_unavailable=False, cmake_clean_cache=False, cmake_clean_first=False, cmake_force_configure=False, ament_cmake_args=None, catkin_cmake_args=None, catkin_skip_building_tests=False, mixin_files=None, mixin=None, verb_parser=<colcon_mixin.mixin.mixin_argument.MixinArgumentDecorator object at 0xffff992f34f0>, verb_extension=<colcon_core.verb.build.BuildVerb object at 0xffff992f2920>, main=<bound method BuildVerb.main of <colcon_core.verb.build.BuildVerb object at 0xffff992f2920>>, mixin_verb=('build',))
[0.547s] Level 1:colcon.colcon_core.package_discovery:discover_packages(colcon_meta) check parameters
[0.547s] Level 1:colcon.colcon_core.package_discovery:discover_packages(recursive) check parameters
[0.547s] Level 1:colcon.colcon_core.package_discovery:discover_packages(ignore) check parameters
[0.547s] Level 1:colcon.colcon_core.package_discovery:discover_packages(path) check parameters
[0.547s] Level 1:colcon.colcon_core.package_discovery:discover_packages(colcon_meta) discover
[0.547s] Level 1:colcon.colcon_core.package_discovery:discover_packages(recursive) discover
[0.547s] INFO:colcon.colcon_core.package_discovery:Crawling recursively for packages in '/home/nvidia/vtol_ws'
[0.548s] Level 1:colcon.colcon_core.package_identification:_identify(.) by extensions ['ignore', 'ignore_ament_install']
[0.548s] Level 1:colcon.colcon_core.package_identification:_identify(.) by extension 'ignore'
[0.548s] Level 1:colcon.colcon_core.package_identification:_identify(.) by extension 'ignore_ament_install'
[0.548s] Level 1:colcon.colcon_core.package_identification:_identify(.) by extensions ['colcon_pkg']
[0.548s] Level 1:colcon.colcon_core.package_identification:_identify(.) by extension 'colcon_pkg'
[0.548s] Level 1:colcon.colcon_core.package_identification:_identify(.) by extensions ['colcon_meta']
[0.548s] Level 1:colcon.colcon_core.package_identification:_identify(.) by extension 'colcon_meta'
[0.548s] Level 1:colcon.colcon_core.package_identification:_identify(.) by extensions ['ros']
[0.548s] Level 1:colcon.colcon_core.package_identification:_identify(.) by extension 'ros'
[0.570s] Level 1:colcon.colcon_core.package_identification:_identify(.) by extensions ['cmake', 'python']
[0.570s] Level 1:colcon.colcon_core.package_identification:_identify(.) by extension 'cmake'
[0.570s] Level 1:colcon.colcon_core.package_identification:_identify(.) by extension 'python'
[0.570s] Level 1:colcon.colcon_core.package_identification:_identify(.) by extensions ['python_setup_py']
[0.570s] Level 1:colcon.colcon_core.package_identification:_identify(.) by extension 'python_setup_py'
[0.570s] Level 1:colcon.colcon_core.package_identification:_identify(build) by extensions ['ignore', 'ignore_ament_install']
[0.571s] Level 1:colcon.colcon_core.package_identification:_identify(build) by extension 'ignore'
[0.571s] Level 1:colcon.colcon_core.package_identification:_identify(build) ignored
[0.571s] Level 1:colcon.colcon_core.package_identification:_identify(install) by extensions ['ignore', 'ignore_ament_install']
[0.571s] Level 1:colcon.colcon_core.package_identification:_identify(install) by extension 'ignore'
[0.571s] Level 1:colcon.colcon_core.package_identification:_identify(install) ignored
[0.572s] Level 1:colcon.colcon_core.package_identification:_identify(log) by extensions ['ignore', 'ignore_ament_install']
[0.572s] Level 1:colcon.colcon_core.package_identification:_identify(log) by extension 'ignore'
[0.572s] Level 1:colcon.colcon_core.package_identification:_identify(log) ignored
[0.572s] Level 1:colcon.colcon_core.package_identification:_identify(src) by extensions ['ignore', 'ignore_ament_install']
[0.572s] Level 1:colcon.colcon_core.package_identification:_identify(src) by extension 'ignore'
[0.572s] Level 1:colcon.colcon_core.package_identification:_identify(src) by extension 'ignore_ament_install'
[0.572s] Level 1:colcon.colcon_core.package_identification:_identify(src) by extensions ['colcon_pkg']
[0.572s] Level 1:colcon.colcon_core.package_identification:_identify(src) by extension 'colcon_pkg'
[0.572s] Level 1:colcon.colcon_core.package_identification:_identify(src) by extensions ['colcon_meta']
[0.573s] Level 1:colcon.colcon_core.package_identification:_identify(src) by extension 'colcon_meta'
[0.573s] Level 1:colcon.colcon_core.package_identification:_identify(src) by extensions ['ros']
[0.573s] Level 1:colcon.colcon_core.package_identification:_identify(src) by extension 'ros'
[0.573s] Level 1:colcon.colcon_core.package_identification:_identify(src) by extensions ['cmake', 'python']
[0.573s] Level 1:colcon.colcon_core.package_identification:_identify(src) by extension 'cmake'
[0.573s] Level 1:colcon.colcon_core.package_identification:_identify(src) by extension 'python'
[0.573s] Level 1:colcon.colcon_core.package_identification:_identify(src) by extensions ['python_setup_py']
[0.573s] Level 1:colcon.colcon_core.package_identification:_identify(src) by extension 'python_setup_py'
[0.573s] Level 1:colcon.colcon_core.package_identification:_identify(src/ardupilot_mavlink_bridge) by extensions ['ignore', 'ignore_ament_install']
[0.574s] Level 1:colcon.colcon_core.package_identification:_identify(src/ardupilot_mavlink_bridge) by extension 'ignore'
[0.574s] Level 1:colcon.colcon_core.package_identification:_identify(src/ardupilot_mavlink_bridge) by extension 'ignore_ament_install'
[0.574s] Level 1:colcon.colcon_core.package_identification:_identify(src/ardupilot_mavlink_bridge) by extensions ['colcon_pkg']
[0.574s] Level 1:colcon.colcon_core.package_identification:_identify(src/ardupilot_mavlink_bridge) by extension 'colcon_pkg'
[0.574s] Level 1:colcon.colcon_core.package_identification:_identify(src/ardupilot_mavlink_bridge) by extensions ['colcon_meta']
[0.574s] Level 1:colcon.colcon_core.package_identification:_identify(src/ardupilot_mavlink_bridge) by extension 'colcon_meta'
[0.574s] Level 1:colcon.colcon_core.package_identification:_identify(src/ardupilot_mavlink_bridge) by extensions ['ros']
[0.574s] Level 1:colcon.colcon_core.package_identification:_identify(src/ardupilot_mavlink_bridge) by extension 'ros'
[0.579s] DEBUG:colcon.colcon_core.package_identification:Package 'src/ardupilot_mavlink_bridge' with type 'ros.ament_python' and name 'ardupilot_mavlink_bridge'
[0.579s] Level 1:colcon.colcon_core.package_identification:_identify(src/bringup) by extensions ['ignore', 'ignore_ament_install']
[0.579s] Level 1:colcon.colcon_core.package_identification:_identify(src/bringup) by extension 'ignore'
[0.580s] Level 1:colcon.colcon_core.package_identification:_identify(src/bringup) by extension 'ignore_ament_install'
[0.580s] Level 1:colcon.colcon_core.package_identification:_identify(src/bringup) by extensions ['colcon_pkg']
[0.580s] Level 1:colcon.colcon_core.package_identification:_identify(src/bringup) by extension 'colcon_pkg'
[0.580s] Level 1:colcon.colcon_core.package_identification:_identify(src/bringup) by extensions ['colcon_meta']
[0.580s] Level 1:colcon.colcon_core.package_identification:_identify(src/bringup) by extension 'colcon_meta'
[0.580s] Level 1:colcon.colcon_core.package_identification:_identify(src/bringup) by extensions ['ros']
[0.580s] Level 1:colcon.colcon_core.package_identification:_identify(src/bringup) by extension 'ros'
[0.581s] DEBUG:colcon.colcon_core.package_identification:Package 'src/bringup' with type 'ros.ament_python' and name 'bringup'
[0.581s] Level 1:colcon.colcon_core.package_identification:_identify(src/camera) by extensions ['ignore', 'ignore_ament_install']
[0.582s] Level 1:colcon.colcon_core.package_identification:_identify(src/camera) by extension 'ignore'
[0.582s] Level 1:colcon.colcon_core.package_identification:_identify(src/camera) by extension 'ignore_ament_install'
[0.582s] Level 1:colcon.colcon_core.package_identification:_identify(src/camera) by extensions ['colcon_pkg']
[0.582s] Level 1:colcon.colcon_core.package_identification:_identify(src/camera) by extension 'colcon_pkg'
[0.582s] Level 1:colcon.colcon_core.package_identification:_identify(src/camera) by extensions ['colcon_meta']
[0.582s] Level 1:colcon.colcon_core.package_identification:_identify(src/camera) by extension 'colcon_meta'
[0.582s] Level 1:colcon.colcon_core.package_identification:_identify(src/camera) by extensions ['ros']
[0.582s] Level 1:colcon.colcon_core.package_identification:_identify(src/camera) by extension 'ros'
[0.584s] DEBUG:colcon.colcon_core.package_identification:Package 'src/camera' with type 'ros.ament_cmake' and name 'camera'
[0.584s] Level 1:colcon.colcon_core.package_identification:_identify(src/pose_bridge) by extensions ['ignore', 'ignore_ament_install']
[0.584s] Level 1:colcon.colcon_core.package_identification:_identify(src/pose_bridge) by extension 'ignore'
[0.584s] Level 1:colcon.colcon_core.package_identification:_identify(src/pose_bridge) by extension 'ignore_ament_install'
[0.584s] Level 1:colcon.colcon_core.package_identification:_identify(src/pose_bridge) by extensions ['colcon_pkg']
[0.584s] Level 1:colcon.colcon_core.package_identification:_identify(src/pose_bridge) by extension 'colcon_pkg'
[0.584s] Level 1:colcon.colcon_core.package_identification:_identify(src/pose_bridge) by extensions ['colcon_meta']
[0.584s] Level 1:colcon.colcon_core.package_identification:_identify(src/pose_bridge) by extension 'colcon_meta'
[0.585s] Level 1:colcon.colcon_core.package_identification:_identify(src/pose_bridge) by extensions ['ros']
[0.585s] Level 1:colcon.colcon_core.package_identification:_identify(src/pose_bridge) by extension 'ros'
[0.586s] DEBUG:colcon.colcon_core.package_identification:Package 'src/pose_bridge' with type 'ros.ament_python' and name 'pose_bridge'
[0.586s] Level 1:colcon.colcon_core.package_identification:_identify(src/tag_detector) by extensions ['ignore', 'ignore_ament_install']
[0.586s] Level 1:colcon.colcon_core.package_identification:_identify(src/tag_detector) by extension 'ignore'
[0.586s] Level 1:colcon.colcon_core.package_identification:_identify(src/tag_detector) by extension 'ignore_ament_install'
[0.587s] Level 1:colcon.colcon_core.package_identification:_identify(src/tag_detector) by extensions ['colcon_pkg']
[0.587s] Level 1:colcon.colcon_core.package_identification:_identify(src/tag_detector) by extension 'colcon_pkg'
[0.587s] Level 1:colcon.colcon_core.package_identification:_identify(src/tag_detector) by extensions ['colcon_meta']
[0.587s] Level 1:colcon.colcon_core.package_identification:_identify(src/tag_detector) by extension 'colcon_meta'
[0.587s] Level 1:colcon.colcon_core.package_identification:_identify(src/tag_detector) by extensions ['ros']
[0.587s] Level 1:colcon.colcon_core.package_identification:_identify(src/tag_detector) by extension 'ros'
[0.588s] DEBUG:colcon.colcon_core.package_identification:Package 'src/tag_detector' with type 'ros.ament_cmake' and name 'tag_detector'
[0.588s] Level 1:colcon.colcon_core.package_identification:_identify(src/tag_nav_stub) by extensions ['ignore', 'ignore_ament_install']
[0.589s] Level 1:colcon.colcon_core.package_identification:_identify(src/tag_nav_stub) by extension 'ignore'
[0.589s] Level 1:colcon.colcon_core.package_identification:_identify(src/tag_nav_stub) by extension 'ignore_ament_install'
[0.589s] Level 1:colcon.colcon_core.package_identification:_identify(src/tag_nav_stub) by extensions ['colcon_pkg']
[0.589s] Level 1:colcon.colcon_core.package_identification:_identify(src/tag_nav_stub) by extension 'colcon_pkg'
[0.589s] Level 1:colcon.colcon_core.package_identification:_identify(src/tag_nav_stub) by extensions ['colcon_meta']
[0.589s] Level 1:colcon.colcon_core.package_identification:_identify(src/tag_nav_stub) by extension 'colcon_meta'
[0.589s] Level 1:colcon.colcon_core.package_identification:_identify(src/tag_nav_stub) by extensions ['ros']
[0.589s] Level 1:colcon.colcon_core.package_identification:_identify(src/tag_nav_stub) by extension 'ros'
[0.590s] DEBUG:colcon.colcon_core.package_identification:Package 'src/tag_nav_stub' with type 'ros.ament_python' and name 'tag_nav_stub'
[0.591s] Level 1:colcon.colcon_core.package_discovery:discover_packages(recursive) using defaults
[0.591s] Level 1:colcon.colcon_core.package_discovery:discover_packages(ignore) discover
[0.591s] Level 1:colcon.colcon_core.package_discovery:discover_packages(ignore) using defaults
[0.591s] Level 1:colcon.colcon_core.package_discovery:discover_packages(path) discover
[0.591s] Level 1:colcon.colcon_core.package_discovery:discover_packages(path) using defaults
[0.675s] INFO:colcon.colcon_core.package_selection:Skipping not selected package 'bringup' in 'src/bringup'
[0.675s] INFO:colcon.colcon_core.package_selection:Skipping not selected package 'camera' in 'src/camera'
[0.675s] INFO:colcon.colcon_core.package_selection:Skipping not selected package 'pose_bridge' in 'src/pose_bridge'
[0.675s] INFO:colcon.colcon_core.package_selection:Skipping not selected package 'tag_detector' in 'src/tag_detector'
[0.675s] INFO:colcon.colcon_core.package_selection:Skipping not selected package 'tag_nav_stub' in 'src/tag_nav_stub'
[0.676s] Level 1:colcon.colcon_core.package_discovery:discover_packages(prefix_path) check parameters
[0.676s] Level 1:colcon.colcon_core.package_discovery:discover_packages(prefix_path) discover
[0.680s] DEBUG:colcon.colcon_installed_package_information.package_discovery:Found 6 installed packages in /home/nvidia/vtol_ws/install
[0.682s] DEBUG:colcon.colcon_installed_package_information.package_discovery:Found 275 installed packages in /opt/ros/humble
[0.684s] Level 1:colcon.colcon_core.package_discovery:discover_packages(prefix_path) using defaults
[0.750s] Level 5:colcon.colcon_core.verb:set package 'ardupilot_mavlink_bridge' build argument 'cmake_args' from command line to 'None'
[0.750s] Level 5:colcon.colcon_core.verb:set package 'ardupilot_mavlink_bridge' build argument 'cmake_target' from command line to 'None'
[0.750s] Level 5:colcon.colcon_core.verb:set package 'ardupilot_mavlink_bridge' build argument 'cmake_target_skip_unavailable' from command line to 'False'
[0.750s] Level 5:colcon.colcon_core.verb:set package 'ardupilot_mavlink_bridge' build argument 'cmake_clean_cache' from command line to 'False'
[0.750s] Level 5:colcon.colcon_core.verb:set package 'ardupilot_mavlink_bridge' build argument 'cmake_clean_first' from command line to 'False'
[0.750s] Level 5:colcon.colcon_core.verb:set package 'ardupilot_mavlink_bridge' build argument 'cmake_force_configure' from command line to 'False'
[0.750s] Level 5:colcon.colcon_core.verb:set package 'ardupilot_mavlink_bridge' build argument 'ament_cmake_args' from command line to 'None'
[0.750s] Level 5:colcon.colcon_core.verb:set package 'ardupilot_mavlink_bridge' build argument 'catkin_cmake_args' from command line to 'None'
[0.750s] Level 5:colcon.colcon_core.verb:set package 'ardupilot_mavlink_bridge' build argument 'catkin_skip_building_tests' from command line to 'False'
[0.750s] DEBUG:colcon.colcon_core.verb:Building package 'ardupilot_mavlink_bridge' with the following arguments: {'ament_cmake_args': None, 'build_base': '/home/nvidia/vtol_ws/build/ardupilot_mavlink_bridge', 'catkin_cmake_args': None, 'catkin_skip_building_tests': False, 'cmake_args': None, 'cmake_clean_cache': False, 'cmake_clean_first': False, 'cmake_force_configure': False, 'cmake_target': None, 'cmake_target_skip_unavailable': False, 'install_base': '/home/nvidia/vtol_ws/install/ardupilot_mavlink_bridge', 'merge_install': False, 'path': '/home/nvidia/vtol_ws/src/ardupilot_mavlink_bridge', 'symlink_install': False, 'test_result_base': None}
[0.751s] INFO:colcon.colcon_core.executor:Executing jobs using 'parallel' executor
[0.753s] DEBUG:colcon.colcon_parallel_executor.executor.parallel:run_until_complete
[0.753s] INFO:colcon.colcon_ros.task.ament_python.build:Building ROS package in '/home/nvidia/vtol_ws/src/ardupilot_mavlink_bridge' with build type 'ament_python'
[0.754s] Level 1:colcon.colcon_core.shell:create_environment_hook('ardupilot_mavlink_bridge', 'ament_prefix_path')
[0.758s] INFO:colcon.colcon_core.plugin_system:Skipping extension 'colcon_core.shell.bat': Not used on non-Windows systems
[0.759s] INFO:colcon.colcon_core.shell:Creating environment hook '/home/nvidia/vtol_ws/install/ardupilot_mavlink_bridge/share/ardupilot_mavlink_bridge/hook/ament_prefix_path.ps1'
[0.760s] INFO:colcon.colcon_core.shell:Creating environment descriptor '/home/nvidia/vtol_ws/install/ardupilot_mavlink_bridge/share/ardupilot_mavlink_bridge/hook/ament_prefix_path.dsv'
[0.761s] INFO:colcon.colcon_core.shell:Creating environment hook '/home/nvidia/vtol_ws/install/ardupilot_mavlink_bridge/share/ardupilot_mavlink_bridge/hook/ament_prefix_path.sh'
[0.763s] INFO:colcon.colcon_core.shell:Skip shell extension 'powershell' for command environment: Not usable outside of PowerShell
[0.763s] DEBUG:colcon.colcon_core.shell:Skip shell extension 'dsv' for command environment
[1.348s] INFO:colcon.colcon_core.task.python.build:Building Python package in '/home/nvidia/vtol_ws/src/ardupilot_mavlink_bridge'
[1.349s] INFO:colcon.colcon_core.shell:Skip shell extension 'powershell' for command environment: Not usable outside of PowerShell
[1.349s] DEBUG:colcon.colcon_core.shell:Skip shell extension 'dsv' for command environment
[2.144s] DEBUG:colcon.colcon_core.event_handler.log_command:Invoking command in '/home/nvidia/vtol_ws/src/ardupilot_mavlink_bridge': CONDA_PROMPT_MODIFIER=(nim) PYTHONPATH=/home/nvidia/vtol_ws/build/ardupilot_mavlink_bridge/prefix_override:/usr/lib/python3/dist-packages/colcon_core/task/python/colcon_distutils_commands:/home/nvidia/vtol_ws/install/ardupilot_mavlink_bridge/lib/python3.10/site-packages:${PYTHONPATH} /usr/bin/python3 -W ignore:setup.py install is deprecated -W ignore:easy_install command is deprecated setup.py egg_info --egg-base ../../build/ardupilot_mavlink_bridge build --build-base /home/nvidia/vtol_ws/build/ardupilot_mavlink_bridge/build install --record /home/nvidia/vtol_ws/build/ardupilot_mavlink_bridge/install.log --single-version-externally-managed install_data
[2.738s] DEBUG:colcon.colcon_core.event_handler.log_command:Invoked command in '/home/nvidia/vtol_ws/src/ardupilot_mavlink_bridge' returned '0': CONDA_PROMPT_MODIFIER=(nim) PYTHONPATH=/home/nvidia/vtol_ws/build/ardupilot_mavlink_bridge/prefix_override:/usr/lib/python3/dist-packages/colcon_core/task/python/colcon_distutils_commands:/home/nvidia/vtol_ws/install/ardupilot_mavlink_bridge/lib/python3.10/site-packages:${PYTHONPATH} /usr/bin/python3 -W ignore:setup.py install is deprecated -W ignore:easy_install command is deprecated setup.py egg_info --egg-base ../../build/ardupilot_mavlink_bridge build --build-base /home/nvidia/vtol_ws/build/ardupilot_mavlink_bridge/build install --record /home/nvidia/vtol_ws/build/ardupilot_mavlink_bridge/install.log --single-version-externally-managed install_data
[2.747s] Level 1:colcon.colcon_core.environment:checking '/home/nvidia/vtol_ws/install/ardupilot_mavlink_bridge' for CMake module files
[2.748s] Level 1:colcon.colcon_core.environment:checking '/home/nvidia/vtol_ws/install/ardupilot_mavlink_bridge' for CMake config files
[2.750s] Level 1:colcon.colcon_core.environment:checking '/home/nvidia/vtol_ws/install/ardupilot_mavlink_bridge/lib'
[2.750s] Level 1:colcon.colcon_core.environment:checking '/home/nvidia/vtol_ws/install/ardupilot_mavlink_bridge/bin'
[2.750s] Level 1:colcon.colcon_core.environment:checking '/home/nvidia/vtol_ws/install/ardupilot_mavlink_bridge/lib/pkgconfig/ardupilot_mavlink_bridge.pc'
[2.751s] Level 1:colcon.colcon_core.environment:checking '/home/nvidia/vtol_ws/install/ardupilot_mavlink_bridge/lib/python3.10/site-packages'
[2.752s] Level 1:colcon.colcon_core.shell:create_environment_hook('ardupilot_mavlink_bridge', 'pythonpath')
[2.752s] INFO:colcon.colcon_core.shell:Creating environment hook '/home/nvidia/vtol_ws/install/ardupilot_mavlink_bridge/share/ardupilot_mavlink_bridge/hook/pythonpath.ps1'
[2.754s] INFO:colcon.colcon_core.shell:Creating environment descriptor '/home/nvidia/vtol_ws/install/ardupilot_mavlink_bridge/share/ardupilot_mavlink_bridge/hook/pythonpath.dsv'
[2.755s] INFO:colcon.colcon_core.shell:Creating environment hook '/home/nvidia/vtol_ws/install/ardupilot_mavlink_bridge/share/ardupilot_mavlink_bridge/hook/pythonpath.sh'
[2.757s] Level 1:colcon.colcon_core.environment:checking '/home/nvidia/vtol_ws/install/ardupilot_mavlink_bridge/bin'
[2.757s] Level 1:colcon.colcon_core.environment:create_environment_scripts_only(ardupilot_mavlink_bridge)
[2.758s] INFO:colcon.colcon_core.shell:Creating package script '/home/nvidia/vtol_ws/install/ardupilot_mavlink_bridge/share/ardupilot_mavlink_bridge/package.ps1'
[2.761s] INFO:colcon.colcon_core.shell:Creating package descriptor '/home/nvidia/vtol_ws/install/ardupilot_mavlink_bridge/share/ardupilot_mavlink_bridge/package.dsv'
[2.763s] INFO:colcon.colcon_core.shell:Creating package script '/home/nvidia/vtol_ws/install/ardupilot_mavlink_bridge/share/ardupilot_mavlink_bridge/package.sh'
[2.765s] INFO:colcon.colcon_core.shell:Creating package script '/home/nvidia/vtol_ws/install/ardupilot_mavlink_bridge/share/ardupilot_mavlink_bridge/package.bash'
[2.768s] INFO:colcon.colcon_core.shell:Creating package script '/home/nvidia/vtol_ws/install/ardupilot_mavlink_bridge/share/ardupilot_mavlink_bridge/package.zsh'
[2.770s] Level 1:colcon.colcon_core.environment:create_file_with_runtime_dependencies(/home/nvidia/vtol_ws/install/ardupilot_mavlink_bridge/share/colcon-core/packages/ardupilot_mavlink_bridge)
[2.772s] DEBUG:colcon.colcon_parallel_executor.executor.parallel:closing loop
[2.772s] DEBUG:colcon.colcon_parallel_executor.executor.parallel:loop closed
[2.772s] DEBUG:colcon.colcon_parallel_executor.executor.parallel:run_until_complete finished with '0'
[2.773s] DEBUG:colcon.colcon_core.event_reactor:joining thread
[2.784s] INFO:colcon.colcon_core.plugin_system:Skipping extension 'colcon_notification.desktop_notification.terminal_notifier': Not used on non-Darwin systems
[2.785s] INFO:colcon.colcon_core.plugin_system:Skipping extension 'colcon_notification.desktop_notification.win32': Not used on non-Windows systems
[2.785s] INFO:colcon.colcon_notification.desktop_notification:Sending desktop notification using 'notify2'
[2.816s] DEBUG:colcon.colcon_core.event_reactor:joined thread
[2.817s] INFO:colcon.colcon_core.shell:Creating prefix script '/home/nvidia/vtol_ws/install/local_setup.ps1'
[2.820s] INFO:colcon.colcon_core.shell:Creating prefix util module '/home/nvidia/vtol_ws/install/_local_setup_util_ps1.py'
[2.824s] INFO:colcon.colcon_core.shell:Creating prefix chain script '/home/nvidia/vtol_ws/install/setup.ps1'
[2.827s] INFO:colcon.colcon_core.shell:Creating prefix script '/home/nvidia/vtol_ws/install/local_setup.sh'
[2.828s] INFO:colcon.colcon_core.shell:Creating prefix util module '/home/nvidia/vtol_ws/install/_local_setup_util_sh.py'
[2.830s] INFO:colcon.colcon_core.shell:Creating prefix chain script '/home/nvidia/vtol_ws/install/setup.sh'
[2.833s] INFO:colcon.colcon_core.shell:Creating prefix script '/home/nvidia/vtol_ws/install/local_setup.bash'
[2.834s] INFO:colcon.colcon_core.shell:Creating prefix chain script '/home/nvidia/vtol_ws/install/setup.bash'
[2.838s] INFO:colcon.colcon_core.shell:Creating prefix script '/home/nvidia/vtol_ws/install/local_setup.zsh'
[2.840s] INFO:colcon.colcon_core.shell:Creating prefix chain script '/home/nvidia/vtol_ws/install/setup.zsh'
