[1.332s] Invoking command in '/home/nvidia/vtol_ws/build/tag_detector': CMAKE_PREFIX_PATH=/home/nvidia/vtol_ws/install/tag_nav_stub:/opt/ros/humble CONDA_PROMPT_MODIFIER=(nim) /usr/bin/cmake /home/nvidia/vtol_ws/src/tag_detector -DCMAKE_INSTALL_PREFIX=/home/nvidia/vtol_ws/install/tag_detector
[1.808s] -- The C compiler identification is GNU 11.4.0
[1.809s] -- The CXX compiler identification is GNU 11.4.0
[1.809s] -- Detecting C compiler ABI info
[1.809s] -- Detecting C compiler ABI info - done
[1.809s] -- Check for working C compiler: /usr/bin/cc - skipped
[1.809s] -- Detecting C compile features
[1.809s] -- Detecting C compile features - done
[1.809s] -- Detecting CXX compiler ABI info
[1.809s] -- Detecting CXX compiler ABI info - done
[1.809s] -- Check for working CXX compiler: /usr/bin/c++ - skipped
[1.809s] -- Detecting CXX compile features
[1.810s] -- Detecting CXX compile features - done
[1.810s] -- Found ament_cmake: 1.3.14 (/opt/ros/humble/share/ament_cmake/cmake)
[2.642s] -- Found Python3: /home/nvidia/miniconda3/envs/nim/bin/python3 (found version "3.10.18") found components: Interpreter 
[2.862s] -- Found rclcpp: 16.0.18 (/opt/ros/humble/share/rclcpp/cmake)
[2.934s] -- Found rosidl_generator_c: 3.1.8 (/opt/ros/humble/share/rosidl_generator_c/cmake)
[2.942s] -- Found rosidl_adapter: 3.1.8 (/opt/ros/humble/share/rosidl_adapter/cmake)
[2.955s] -- Found rosidl_generator_cpp: 3.1.8 (/opt/ros/humble/share/rosidl_generator_cpp/cmake)
[2.979s] -- Using all available rosidl_typesupport_c: rosidl_typesupport_fastrtps_c;rosidl_typesupport_introspection_c
[3.004s] -- Using all available rosidl_typesupport_cpp: rosidl_typesupport_fastrtps_cpp;rosidl_typesupport_introspection_cpp
[3.069s] -- Found rmw_implementation_cmake: 6.1.2 (/opt/ros/humble/share/rmw_implementation_cmake/cmake)
[3.073s] -- Found rmw_fastrtps_cpp: 6.2.10 (/opt/ros/humble/share/rmw_fastrtps_cpp/cmake)
[3.229s] -- Found OpenSSL: /usr/lib/aarch64-linux-gnu/libcrypto.so (found version "3.0.2")  
[3.269s] -- Found FastRTPS: /opt/ros/humble/include  
[3.332s] -- Using RMW implementation 'rmw_fastrtps_cpp' as default
[3.346s] -- Looking for pthread.h
[3.455s] -- Looking for pthread.h - found
[3.455s] -- Performing Test CMAKE_HAVE_LIBC_PTHREAD
[3.566s] -- Performing Test CMAKE_HAVE_LIBC_PTHREAD - Success
[3.567s] -- Found Threads: TRUE  
[3.642s] -- Found sensor_msgs: 4.9.1 (/opt/ros/humble/share/sensor_msgs/cmake)
[3.725s] Traceback (most recent call last):
[3.725s]   File "/opt/ros/humble/share/ament_cmake_core/cmake/core/package_xml_2_cmake.py", line 22, in <module>
[3.726s]     from catkin_pkg.package import parse_package_string
[3.726s] ModuleNotFoundError: No module named 'catkin_pkg'
[3.731s] CMake Error at /opt/ros/humble/share/ament_cmake_core/cmake/core/ament_package_xml.cmake:95 (message):
[3.731s]   execute_process(/home/nvidia/miniconda3/envs/nim/bin/python3
[3.731s]   /opt/ros/humble/share/ament_cmake_core/cmake/core/package_xml_2_cmake.py
[3.732s]   /home/nvidia/vtol_ws/src/tag_detector/package.xml
[3.732s]   /home/nvidia/vtol_ws/build/tag_detector/ament_cmake_core/package.cmake)
[3.732s]   returned error code 1
[3.732s] Call Stack (most recent call first):
[3.732s]   /opt/ros/humble/share/ament_cmake_core/cmake/core/ament_package_xml.cmake:49 (_ament_package_xml)
[3.732s]   /opt/ros/humble/share/ament_cmake_core/cmake/core/ament_package.cmake:63 (ament_package_xml)
[3.732s]   CMakeLists.txt:21 (ament_package)
[3.732s] 
[3.732s] 
[3.732s] -- Configuring incomplete, errors occurred!
[3.733s] See also "/home/nvidia/vtol_ws/build/tag_detector/CMakeFiles/CMakeOutput.log".
