[0.464s] Invoking command in '/home/nvidia/vtol_ws/build/camera': CMAKE_PREFIX_PATH=${CMAKE_PREFIX_PATH}:/home/nvidia/vtol_ws/install/tag_nav_stub:/home/nvidia/vtol_ws/install/pose_bridge:/home/nvidia/vtol_ws/install/bringup:/home/nvidia/vtol_ws/install/ardupilot_mavlink_bridge:/opt/ros/humble CONDA_PROMPT_MODIFIER=(nim) /usr/bin/cmake --build /home/nvidia/vtol_ws/build/camera -- -j8 -l8
[0.579s] [35m[1mConsolidate compiler generated dependencies of target camera_node[0m
[0.639s] [ 50%] [32mBuilding CXX object CMakeFiles/camera_node.dir/src/camera_node.cpp.o[0m
[12.236s] [100%] [32m[1mLinking CXX executable camera_node[0m
[12.507s] /usr/bin/ld: warning: libopencv_core.so.4.5d, needed by /opt/ros/humble/lib/libcv_bridge.so, may conflict with libopencv_core.so.408
[13.423s] [100%] Built target camera_node
[13.448s] Invoked command in '/home/nvidia/vtol_ws/build/camera' returned '0': CMAKE_PREFIX_PATH=${CMAKE_PREFIX_PATH}:/home/nvidia/vtol_ws/install/tag_nav_stub:/home/nvidia/vtol_ws/install/pose_bridge:/home/nvidia/vtol_ws/install/bringup:/home/nvidia/vtol_ws/install/ardupilot_mavlink_bridge:/opt/ros/humble CONDA_PROMPT_MODIFIER=(nim) /usr/bin/cmake --build /home/nvidia/vtol_ws/build/camera -- -j8 -l8
[13.469s] Invoking command in '/home/nvidia/vtol_ws/build/camera': CMAKE_PREFIX_PATH=${CMAKE_PREFIX_PATH}:/home/nvidia/vtol_ws/install/tag_nav_stub:/home/nvidia/vtol_ws/install/pose_bridge:/home/nvidia/vtol_ws/install/bringup:/home/nvidia/vtol_ws/install/ardupilot_mavlink_bridge:/opt/ros/humble CONDA_PROMPT_MODIFIER=(nim) /usr/bin/cmake --install /home/nvidia/vtol_ws/build/camera
[13.481s] -- Install configuration: ""
[13.482s] -- Installing: /home/nvidia/vtol_ws/install/camera/lib/camera/camera_node
[13.485s] -- Set runtime path of "/home/nvidia/vtol_ws/install/camera/lib/camera/camera_node" to ""
[13.485s] -- Up-to-date: /home/nvidia/vtol_ws/install/camera/share/ament_index/resource_index/package_run_dependencies/camera
[13.485s] -- Up-to-date: /home/nvidia/vtol_ws/install/camera/share/ament_index/resource_index/parent_prefix_path/camera
[13.486s] -- Up-to-date: /home/nvidia/vtol_ws/install/camera/share/camera/environment/ament_prefix_path.sh
[13.486s] -- Up-to-date: /home/nvidia/vtol_ws/install/camera/share/camera/environment/ament_prefix_path.dsv
[13.486s] -- Up-to-date: /home/nvidia/vtol_ws/install/camera/share/camera/environment/path.sh
[13.486s] -- Up-to-date: /home/nvidia/vtol_ws/install/camera/share/camera/environment/path.dsv
[13.486s] -- Up-to-date: /home/nvidia/vtol_ws/install/camera/share/camera/local_setup.bash
[13.486s] -- Up-to-date: /home/nvidia/vtol_ws/install/camera/share/camera/local_setup.sh
[13.486s] -- Up-to-date: /home/nvidia/vtol_ws/install/camera/share/camera/local_setup.zsh
[13.487s] -- Up-to-date: /home/nvidia/vtol_ws/install/camera/share/camera/local_setup.dsv
[13.487s] -- Installing: /home/nvidia/vtol_ws/install/camera/share/camera/package.dsv
[13.487s] -- Up-to-date: /home/nvidia/vtol_ws/install/camera/share/ament_index/resource_index/packages/camera
[13.487s] -- Up-to-date: /home/nvidia/vtol_ws/install/camera/share/camera/cmake/cameraConfig.cmake
[13.487s] -- Up-to-date: /home/nvidia/vtol_ws/install/camera/share/camera/cmake/cameraConfig-version.cmake
[13.487s] -- Up-to-date: /home/nvidia/vtol_ws/install/camera/share/camera/package.xml
[13.491s] Invoked command in '/home/nvidia/vtol_ws/build/camera' returned '0': CMAKE_PREFIX_PATH=${CMAKE_PREFIX_PATH}:/home/nvidia/vtol_ws/install/tag_nav_stub:/home/nvidia/vtol_ws/install/pose_bridge:/home/nvidia/vtol_ws/install/bringup:/home/nvidia/vtol_ws/install/ardupilot_mavlink_bridge:/opt/ros/humble CONDA_PROMPT_MODIFIER=(nim) /usr/bin/cmake --install /home/nvidia/vtol_ws/build/camera
