-- Found ament_cmake: 1.3.14 (/opt/ros/humble/share/ament_cmake/cmake)
-- Found rclcpp: 16.0.18 (/opt/ros/humble/share/rclcpp/cmake)
-- Found rosidl_generator_c: 3.1.8 (/opt/ros/humble/share/rosidl_generator_c/cmake)
-- Found rosidl_adapter: 3.1.8 (/opt/ros/humble/share/rosidl_adapter/cmake)
-- Found rosidl_generator_cpp: 3.1.8 (/opt/ros/humble/share/rosidl_generator_cpp/cmake)
-- Using all available rosidl_typesupport_c: rosidl_typesupport_fastrtps_c;rosidl_typesupport_introspection_c
-- Using all available rosidl_typesupport_cpp: rosidl_typesupport_fastrtps_cpp;rosidl_typesupport_introspection_cpp
-- Found rmw_implementation_cmake: 6.1.2 (/opt/ros/humble/share/rmw_implementation_cmake/cmake)
-- Found rmw_fastrtps_cpp: 6.2.10 (/opt/ros/humble/share/rmw_fastrtps_cpp/cmake)
-- Using RMW implementation 'rmw_fastrtps_cpp' as default
-- Found sensor_msgs: 4.9.1 (/opt/ros/humble/share/sensor_msgs/cmake)
-- Found cv_bridge: 3.2.1 (/opt/ros/humble/share/cv_bridge/cmake)
-- Found OpenCV: /usr (found version "4.8.0") 
-- Configuring done
-- Generating done
-- Build files have been written to: /home/nvidia/vtol_ws/build/camera
Consolidate compiler generated dependencies of target camera_node
[ 50%] Building CXX object CMakeFiles/camera_node.dir/src/camera_node.cpp.o
[100%] Linking CXX executable camera_node
/usr/bin/ld: warning: libopencv_imgcodecs.so.4.5d, needed by /opt/ros/humble/lib/libcv_bridge.so, may conflict with libopencv_imgcodecs.so.408
/usr/bin/ld: warning: libopencv_core.so.4.5d, needed by /opt/ros/humble/lib/libcv_bridge.so, may conflict with libopencv_core.so.408
[100%] Built target camera_node
-- Install configuration: ""
-- Installing: /home/nvidia/vtol_ws/install/camera/lib/camera/camera_node
-- Set runtime path of "/home/nvidia/vtol_ws/install/camera/lib/camera/camera_node" to ""
-- Installing: /home/nvidia/vtol_ws/install/camera/share/ament_index/resource_index/package_run_dependencies/camera
-- Up-to-date: /home/nvidia/vtol_ws/install/camera/share/ament_index/resource_index/parent_prefix_path/camera
-- Up-to-date: /home/nvidia/vtol_ws/install/camera/share/camera/environment/ament_prefix_path.sh
-- Installing: /home/nvidia/vtol_ws/install/camera/share/camera/environment/ament_prefix_path.dsv
-- Up-to-date: /home/nvidia/vtol_ws/install/camera/share/camera/environment/path.sh
-- Installing: /home/nvidia/vtol_ws/install/camera/share/camera/environment/path.dsv
-- Up-to-date: /home/nvidia/vtol_ws/install/camera/share/camera/local_setup.bash
-- Up-to-date: /home/nvidia/vtol_ws/install/camera/share/camera/local_setup.sh
-- Up-to-date: /home/nvidia/vtol_ws/install/camera/share/camera/local_setup.zsh
-- Installing: /home/nvidia/vtol_ws/install/camera/share/camera/local_setup.dsv
-- Installing: /home/nvidia/vtol_ws/install/camera/share/camera/package.dsv
-- Up-to-date: /home/nvidia/vtol_ws/install/camera/share/ament_index/resource_index/packages/camera
-- Up-to-date: /home/nvidia/vtol_ws/install/camera/share/camera/cmake/cameraConfig.cmake
-- Up-to-date: /home/nvidia/vtol_ws/install/camera/share/camera/cmake/cameraConfig-version.cmake
-- Installing: /home/nvidia/vtol_ws/install/camera/share/camera/package.xml
