[0.018s] Invoking command in '/home/nvidia/vtol_ws/build/camera': CMAKE_PREFIX_PATH=/home/nvidia/vtol_ws/install/tag_nav_stub:/opt/ros/humble CONDA_PROMPT_MODIFIER=(nim) /usr/bin/cmake --build /home/nvidia/vtol_ws/build/camera -- -j8 -l8
[0.056s] -- Found ament_cmake: 1.3.14 (/opt/ros/humble/share/ament_cmake/cmake)
[0.303s] -- Found rclcpp: 16.0.18 (/opt/ros/humble/share/rclcpp/cmake)
[0.360s] -- Found rosidl_generator_c: 3.1.8 (/opt/ros/humble/share/rosidl_generator_c/cmake)
[0.363s] -- Found rosidl_adapter: 3.1.8 (/opt/ros/humble/share/rosidl_adapter/cmake)
[0.373s] -- Found rosidl_generator_cpp: 3.1.8 (/opt/ros/humble/share/rosidl_generator_cpp/cmake)
[0.386s] -- Using all available rosidl_typesupport_c: rosidl_typesupport_fastrtps_c;rosidl_typesupport_introspection_c
[0.403s] -- Using all available rosidl_typesupport_cpp: rosidl_typesupport_fastrtps_cpp;rosidl_typesupport_introspection_cpp
[0.449s] -- Found rmw_implementation_cmake: 6.1.2 (/opt/ros/humble/share/rmw_implementation_cmake/cmake)
[0.450s] -- Found rmw_fastrtps_cpp: 6.2.10 (/opt/ros/humble/share/rmw_fastrtps_cpp/cmake)
[0.591s] -- Using RMW implementation 'rmw_fastrtps_cpp' as default
[0.659s] -- Found sensor_msgs: 4.9.1 (/opt/ros/humble/share/sensor_msgs/cmake)
[0.700s] -- Found cv_bridge: 3.2.1 (/opt/ros/humble/share/cv_bridge/cmake)
[0.713s] -- Found OpenCV: /usr (found version "4.8.0") 
[0.886s] -- Configuring done
[0.904s] -- Generating done
[0.910s] -- Build files have been written to: /home/nvidia/vtol_ws/build/camera
[0.970s] Consolidate compiler generated dependencies of target camera_node
[0.998s] [ 50%] Building CXX object CMakeFiles/camera_node.dir/src/camera_node.cpp.o
[12.554s] [100%] Linking CXX executable camera_node
[12.763s] /usr/bin/ld: warning: libopencv_imgcodecs.so.4.5d, needed by /opt/ros/humble/lib/libcv_bridge.so, may conflict with libopencv_imgcodecs.so.408
[12.766s] /usr/bin/ld: warning: libopencv_core.so.4.5d, needed by /opt/ros/humble/lib/libcv_bridge.so, may conflict with libopencv_core.so.408
[13.515s] [100%] Built target camera_node
[13.534s] Invoked command in '/home/nvidia/vtol_ws/build/camera' returned '0': CMAKE_PREFIX_PATH=/home/nvidia/vtol_ws/install/tag_nav_stub:/opt/ros/humble CONDA_PROMPT_MODIFIER=(nim) /usr/bin/cmake --build /home/nvidia/vtol_ws/build/camera -- -j8 -l8
[13.551s] Invoking command in '/home/nvidia/vtol_ws/build/camera': CMAKE_PREFIX_PATH=/home/nvidia/vtol_ws/install/tag_nav_stub:/opt/ros/humble CONDA_PROMPT_MODIFIER=(nim) /usr/bin/cmake --install /home/nvidia/vtol_ws/build/camera
[13.567s] -- Install configuration: ""
[13.567s] -- Installing: /home/nvidia/vtol_ws/install/camera/lib/camera/camera_node
[13.571s] -- Set runtime path of "/home/nvidia/vtol_ws/install/camera/lib/camera/camera_node" to ""
[13.571s] -- Installing: /home/nvidia/vtol_ws/install/camera/share/ament_index/resource_index/package_run_dependencies/camera
[13.571s] -- Up-to-date: /home/nvidia/vtol_ws/install/camera/share/ament_index/resource_index/parent_prefix_path/camera
[13.571s] -- Up-to-date: /home/nvidia/vtol_ws/install/camera/share/camera/environment/ament_prefix_path.sh
[13.572s] -- Installing: /home/nvidia/vtol_ws/install/camera/share/camera/environment/ament_prefix_path.dsv
[13.572s] -- Up-to-date: /home/nvidia/vtol_ws/install/camera/share/camera/environment/path.sh
[13.572s] -- Installing: /home/nvidia/vtol_ws/install/camera/share/camera/environment/path.dsv
[13.572s] -- Up-to-date: /home/nvidia/vtol_ws/install/camera/share/camera/local_setup.bash
[13.572s] -- Up-to-date: /home/nvidia/vtol_ws/install/camera/share/camera/local_setup.sh
[13.572s] -- Up-to-date: /home/nvidia/vtol_ws/install/camera/share/camera/local_setup.zsh
[13.573s] -- Installing: /home/nvidia/vtol_ws/install/camera/share/camera/local_setup.dsv
[13.573s] -- Installing: /home/nvidia/vtol_ws/install/camera/share/camera/package.dsv
[13.573s] -- Up-to-date: /home/nvidia/vtol_ws/install/camera/share/ament_index/resource_index/packages/camera
[13.573s] -- Up-to-date: /home/nvidia/vtol_ws/install/camera/share/camera/cmake/cameraConfig.cmake
[13.573s] -- Up-to-date: /home/nvidia/vtol_ws/install/camera/share/camera/cmake/cameraConfig-version.cmake
[13.573s] -- Installing: /home/nvidia/vtol_ws/install/camera/share/camera/package.xml
[13.577s] Invoked command in '/home/nvidia/vtol_ws/build/camera' returned '0': CMAKE_PREFIX_PATH=/home/nvidia/vtol_ws/install/tag_nav_stub:/opt/ros/humble CONDA_PROMPT_MODIFIER=(nim) /usr/bin/cmake --install /home/nvidia/vtol_ws/build/camera
