[2.521s] Invoking command in '/home/nvidia/vtol_ws/src/tag_nav_stub': CONDA_PROMPT_MODIFIER=(nim) PYTHONPATH=/home/nvidia/vtol_ws/build/tag_nav_stub/prefix_override:/usr/lib/python3/dist-packages/colcon_core/task/python/colcon_distutils_commands:/home/nvidia/vtol_ws/install/tag_nav_stub/lib/python3.10/site-packages:${PYTHONPATH} /usr/bin/python3 -W ignore:setup.py install is deprecated -W ignore:easy_install command is deprecated setup.py egg_info --egg-base ../../build/tag_nav_stub build --build-base /home/nvidia/vtol_ws/build/tag_nav_stub/build install --record /home/nvidia/vtol_ws/build/tag_nav_stub/install.log --single-version-externally-managed install_data
[2.965s] running egg_info
[2.968s] writing ../../build/tag_nav_stub/tag_nav_stub.egg-info/PKG-INFO
[2.969s] writing dependency_links to ../../build/tag_nav_stub/tag_nav_stub.egg-info/dependency_links.txt
[2.969s] writing entry points to ../../build/tag_nav_stub/tag_nav_stub.egg-info/entry_points.txt
[2.970s] writing requirements to ../../build/tag_nav_stub/tag_nav_stub.egg-info/requires.txt
[2.970s] writing top-level names to ../../build/tag_nav_stub/tag_nav_stub.egg-info/top_level.txt
[2.981s] reading manifest file '../../build/tag_nav_stub/tag_nav_stub.egg-info/SOURCES.txt'
[2.983s] writing manifest file '../../build/tag_nav_stub/tag_nav_stub.egg-info/SOURCES.txt'
[2.983s] running build
[2.983s] running build_py
[2.984s] running install
[2.985s] running install_lib
[2.989s] running install_data
[2.989s] running install_egg_info
[2.994s] removing '/home/nvidia/vtol_ws/install/tag_nav_stub/lib/python3.10/site-packages/tag_nav_stub-0.0.0-py3.10.egg-info' (and everything under it)
[2.995s] Copying ../../build/tag_nav_stub/tag_nav_stub.egg-info to /home/nvidia/vtol_ws/install/tag_nav_stub/lib/python3.10/site-packages/tag_nav_stub-0.0.0-py3.10.egg-info
[2.997s] running install_scripts
[3.054s] writing list of installed files to '/home/nvidia/vtol_ws/build/tag_nav_stub/install.log'
[3.132s] Invoked command in '/home/nvidia/vtol_ws/src/tag_nav_stub' returned '0': CONDA_PROMPT_MODIFIER=(nim) PYTHONPATH=/home/nvidia/vtol_ws/build/tag_nav_stub/prefix_override:/usr/lib/python3/dist-packages/colcon_core/task/python/colcon_distutils_commands:/home/nvidia/vtol_ws/install/tag_nav_stub/lib/python3.10/site-packages:${PYTHONPATH} /usr/bin/python3 -W ignore:setup.py install is deprecated -W ignore:easy_install command is deprecated setup.py egg_info --egg-base ../../build/tag_nav_stub build --build-base /home/nvidia/vtol_ws/build/tag_nav_stub/build install --record /home/nvidia/vtol_ws/build/tag_nav_stub/install.log --single-version-externally-managed install_data
