[0.908s] Invoking command in '/home/nvidia/vtol_ws/build/camera': CMAKE_PREFIX_PATH=/home/nvidia/vtol_ws/install/tag_nav_stub:/opt/ros/humble CONDA_PROMPT_MODIFIER=(nim) /usr/bin/cmake /home/nvidia/vtol_ws/src/camera -DCMAKE_INSTALL_PREFIX=/home/nvidia/vtol_ws/install/camera
[1.825s] -- Found ament_cmake: 1.3.14 (/opt/ros/humble/share/ament_cmake/cmake)
[1.825s] -- Found rclcpp: 16.0.18 (/opt/ros/humble/share/rclcpp/cmake)
[1.825s] -- Found rosidl_generator_c: 3.1.8 (/opt/ros/humble/share/rosidl_generator_c/cmake)
[1.826s] -- Found rosidl_adapter: 3.1.8 (/opt/ros/humble/share/rosidl_adapter/cmake)
[1.826s] -- Found rosidl_generator_cpp: 3.1.8 (/opt/ros/humble/share/rosidl_generator_cpp/cmake)
[1.826s] -- Using all available rosidl_typesupport_c: rosidl_typesupport_fastrtps_c;rosidl_typesupport_introspection_c
[1.827s] -- Using all available rosidl_typesupport_cpp: rosidl_typesupport_fastrtps_cpp;rosidl_typesupport_introspection_cpp
[1.827s] -- Found rmw_implementation_cmake: 6.1.2 (/opt/ros/humble/share/rmw_implementation_cmake/cmake)
[1.827s] -- Found rmw_fastrtps_cpp: 6.2.10 (/opt/ros/humble/share/rmw_fastrtps_cpp/cmake)
[1.827s] -- Using RMW implementation 'rmw_fastrtps_cpp' as default
[1.828s] -- Found sensor_msgs: 4.9.1 (/opt/ros/humble/share/sensor_msgs/cmake)
[1.829s] -- Configuring done
[1.830s] -- Generating done
[1.837s] -- Build files have been written to: /home/nvidia/vtol_ws/build/camera
[1.849s] Invoked command in '/home/nvidia/vtol_ws/build/camera' returned '0': CMAKE_PREFIX_PATH=/home/nvidia/vtol_ws/install/tag_nav_stub:/opt/ros/humble CONDA_PROMPT_MODIFIER=(nim) /usr/bin/cmake /home/nvidia/vtol_ws/src/camera -DCMAKE_INSTALL_PREFIX=/home/nvidia/vtol_ws/install/camera
[1.850s] Invoking command in '/home/nvidia/vtol_ws/build/camera': CMAKE_PREFIX_PATH=/home/nvidia/vtol_ws/install/tag_nav_stub:/opt/ros/humble CONDA_PROMPT_MODIFIER=(nim) /usr/bin/cmake --build /home/nvidia/vtol_ws/build/camera -- -j8 -l8
[1.938s] [ 50%] Building CXX object CMakeFiles/camera_node.dir/src/camera_node.cpp.o
[10.790s] [100%] Linking CXX executable camera_node
[11.152s] [100%] Built target camera_node
[11.171s] Invoked command in '/home/nvidia/vtol_ws/build/camera' returned '0': CMAKE_PREFIX_PATH=/home/nvidia/vtol_ws/install/tag_nav_stub:/opt/ros/humble CONDA_PROMPT_MODIFIER=(nim) /usr/bin/cmake --build /home/nvidia/vtol_ws/build/camera -- -j8 -l8
[11.189s] Invoking command in '/home/nvidia/vtol_ws/build/camera': CMAKE_PREFIX_PATH=/home/nvidia/vtol_ws/install/tag_nav_stub:/opt/ros/humble CONDA_PROMPT_MODIFIER=(nim) /usr/bin/cmake --install /home/nvidia/vtol_ws/build/camera
[11.200s] -- Install configuration: ""
[11.201s] -- Installing: /home/nvidia/vtol_ws/install/camera/lib/camera/camera_node
[11.203s] -- Set runtime path of "/home/nvidia/vtol_ws/install/camera/lib/camera/camera_node" to ""
[11.204s] -- Installing: /home/nvidia/vtol_ws/install/camera/share/ament_index/resource_index/package_run_dependencies/camera
[11.204s] -- Installing: /home/nvidia/vtol_ws/install/camera/share/ament_index/resource_index/parent_prefix_path/camera
[11.204s] -- Installing: /home/nvidia/vtol_ws/install/camera/share/camera/environment/ament_prefix_path.sh
[11.205s] -- Installing: /home/nvidia/vtol_ws/install/camera/share/camera/environment/ament_prefix_path.dsv
[11.205s] -- Installing: /home/nvidia/vtol_ws/install/camera/share/camera/environment/path.sh
[11.205s] -- Installing: /home/nvidia/vtol_ws/install/camera/share/camera/environment/path.dsv
[11.205s] -- Installing: /home/nvidia/vtol_ws/install/camera/share/camera/local_setup.bash
[11.205s] -- Installing: /home/nvidia/vtol_ws/install/camera/share/camera/local_setup.sh
[11.206s] -- Installing: /home/nvidia/vtol_ws/install/camera/share/camera/local_setup.zsh
[11.206s] -- Installing: /home/nvidia/vtol_ws/install/camera/share/camera/local_setup.dsv
[11.206s] -- Installing: /home/nvidia/vtol_ws/install/camera/share/camera/package.dsv
[11.206s] -- Installing: /home/nvidia/vtol_ws/install/camera/share/ament_index/resource_index/packages/camera
[11.207s] -- Installing: /home/nvidia/vtol_ws/install/camera/share/camera/cmake/cameraConfig.cmake
[11.207s] -- Installing: /home/nvidia/vtol_ws/install/camera/share/camera/cmake/cameraConfig-version.cmake
[11.207s] -- Installing: /home/nvidia/vtol_ws/install/camera/share/camera/package.xml
[11.210s] Invoked command in '/home/nvidia/vtol_ws/build/camera' returned '0': CMAKE_PREFIX_PATH=/home/nvidia/vtol_ws/install/tag_nav_stub:/opt/ros/humble CONDA_PROMPT_MODIFIER=(nim) /usr/bin/cmake --install /home/nvidia/vtol_ws/build/camera
