running egg_info
creating ../../build/tag_nav_stub/tag_nav_stub.egg-info
writing ../../build/tag_nav_stub/tag_nav_stub.egg-info/PKG-INFO
writing dependency_links to ../../build/tag_nav_stub/tag_nav_stub.egg-info/dependency_links.txt
writing entry points to ../../build/tag_nav_stub/tag_nav_stub.egg-info/entry_points.txt
writing requirements to ../../build/tag_nav_stub/tag_nav_stub.egg-info/requires.txt
writing top-level names to ../../build/tag_nav_stub/tag_nav_stub.egg-info/top_level.txt
writing manifest file '../../build/tag_nav_stub/tag_nav_stub.egg-info/SOURCES.txt'
reading manifest file '../../build/tag_nav_stub/tag_nav_stub.egg-info/SOURCES.txt'
writing manifest file '../../build/tag_nav_stub/tag_nav_stub.egg-info/SOURCES.txt'
running build
running build_py
creating /home/nvidia/vtol_ws/build/tag_nav_stub/build
creating /home/nvidia/vtol_ws/build/tag_nav_stub/build/lib
creating /home/nvidia/vtol_ws/build/tag_nav_stub/build/lib/tag_nav_stub
copying tag_nav_stub/__init__.py -> /home/nvidia/vtol_ws/build/tag_nav_stub/build/lib/tag_nav_stub
running install
running install_lib
creating /home/nvidia/vtol_ws/install/tag_nav_stub/lib/python3.10/site-packages/tag_nav_stub
copying /home/nvidia/vtol_ws/build/tag_nav_stub/build/lib/tag_nav_stub/__init__.py -> /home/nvidia/vtol_ws/install/tag_nav_stub/lib/python3.10/site-packages/tag_nav_stub
byte-compiling /home/nvidia/vtol_ws/install/tag_nav_stub/lib/python3.10/site-packages/tag_nav_stub/__init__.py to __init__.cpython-310.pyc
running install_data
creating /home/nvidia/vtol_ws/install/tag_nav_stub/share/ament_index
creating /home/nvidia/vtol_ws/install/tag_nav_stub/share/ament_index/resource_index
creating /home/nvidia/vtol_ws/install/tag_nav_stub/share/ament_index/resource_index/packages
copying resource/tag_nav_stub -> /home/nvidia/vtol_ws/install/tag_nav_stub/share/ament_index/resource_index/packages
copying package.xml -> /home/nvidia/vtol_ws/install/tag_nav_stub/share/tag_nav_stub
running install_egg_info
Copying ../../build/tag_nav_stub/tag_nav_stub.egg-info to /home/nvidia/vtol_ws/install/tag_nav_stub/lib/python3.10/site-packages/tag_nav_stub-0.0.0-py3.10.egg-info
running install_scripts
writing list of installed files to '/home/nvidia/vtol_ws/build/tag_nav_stub/install.log'
