[1.032s] Invoking command in '/home/nvidia/vtol_ws/src/tag_nav_stub': CONDA_PROMPT_MODIFIER=(nim) PYTHONPATH=/home/nvidia/vtol_ws/build/tag_nav_stub/prefix_override:/usr/lib/python3/dist-packages/colcon_core/task/python/colcon_distutils_commands:/home/nvidia/vtol_ws/install/tag_nav_stub/lib/python3.10/site-packages:${PYTHONPATH} /usr/bin/python3 -W ignore:setup.py install is deprecated -W ignore:easy_install command is deprecated setup.py egg_info --egg-base ../../build/tag_nav_stub build --build-base /home/nvidia/vtol_ws/build/tag_nav_stub/build install --record /home/nvidia/vtol_ws/build/tag_nav_stub/install.log --single-version-externally-managed install_data
[1.426s] running egg_info
[1.427s] creating ../../build/tag_nav_stub/tag_nav_stub.egg-info
[1.427s] writing ../../build/tag_nav_stub/tag_nav_stub.egg-info/PKG-INFO
[1.428s] writing dependency_links to ../../build/tag_nav_stub/tag_nav_stub.egg-info/dependency_links.txt
[1.428s] writing entry points to ../../build/tag_nav_stub/tag_nav_stub.egg-info/entry_points.txt
[1.428s] writing requirements to ../../build/tag_nav_stub/tag_nav_stub.egg-info/requires.txt
[1.428s] writing top-level names to ../../build/tag_nav_stub/tag_nav_stub.egg-info/top_level.txt
[1.429s] writing manifest file '../../build/tag_nav_stub/tag_nav_stub.egg-info/SOURCES.txt'
[1.434s] reading manifest file '../../build/tag_nav_stub/tag_nav_stub.egg-info/SOURCES.txt'
[1.435s] writing manifest file '../../build/tag_nav_stub/tag_nav_stub.egg-info/SOURCES.txt'
[1.435s] running build
[1.435s] running build_py
[1.435s] creating /home/nvidia/vtol_ws/build/tag_nav_stub/build
[1.435s] creating /home/nvidia/vtol_ws/build/tag_nav_stub/build/lib
[1.435s] creating /home/nvidia/vtol_ws/build/tag_nav_stub/build/lib/tag_nav_stub
[1.435s] copying tag_nav_stub/__init__.py -> /home/nvidia/vtol_ws/build/tag_nav_stub/build/lib/tag_nav_stub
[1.436s] running install
[1.436s] running install_lib
[1.437s] creating /home/nvidia/vtol_ws/install/tag_nav_stub/lib/python3.10/site-packages/tag_nav_stub
[1.437s] copying /home/nvidia/vtol_ws/build/tag_nav_stub/build/lib/tag_nav_stub/__init__.py -> /home/nvidia/vtol_ws/install/tag_nav_stub/lib/python3.10/site-packages/tag_nav_stub
[1.438s] byte-compiling /home/nvidia/vtol_ws/install/tag_nav_stub/lib/python3.10/site-packages/tag_nav_stub/__init__.py to __init__.cpython-310.pyc
[1.439s] running install_data
[1.439s] creating /home/nvidia/vtol_ws/install/tag_nav_stub/share/ament_index
[1.439s] creating /home/nvidia/vtol_ws/install/tag_nav_stub/share/ament_index/resource_index
[1.439s] creating /home/nvidia/vtol_ws/install/tag_nav_stub/share/ament_index/resource_index/packages
[1.439s] copying resource/tag_nav_stub -> /home/nvidia/vtol_ws/install/tag_nav_stub/share/ament_index/resource_index/packages
[1.439s] copying package.xml -> /home/nvidia/vtol_ws/install/tag_nav_stub/share/tag_nav_stub
[1.440s] running install_egg_info
[1.443s] Copying ../../build/tag_nav_stub/tag_nav_stub.egg-info to /home/nvidia/vtol_ws/install/tag_nav_stub/lib/python3.10/site-packages/tag_nav_stub-0.0.0-py3.10.egg-info
[1.444s] running install_scripts
[1.478s] writing list of installed files to '/home/nvidia/vtol_ws/build/tag_nav_stub/install.log'
[1.538s] Invoked command in '/home/nvidia/vtol_ws/src/tag_nav_stub' returned '0': CONDA_PROMPT_MODIFIER=(nim) PYTHONPATH=/home/nvidia/vtol_ws/build/tag_nav_stub/prefix_override:/usr/lib/python3/dist-packages/colcon_core/task/python/colcon_distutils_commands:/home/nvidia/vtol_ws/install/tag_nav_stub/lib/python3.10/site-packages:${PYTHONPATH} /usr/bin/python3 -W ignore:setup.py install is deprecated -W ignore:easy_install command is deprecated setup.py egg_info --egg-base ../../build/tag_nav_stub build --build-base /home/nvidia/vtol_ws/build/tag_nav_stub/build install --record /home/nvidia/vtol_ws/build/tag_nav_stub/install.log --single-version-externally-managed install_data
