[0.000000] (-) TimerEvent: {}
[0.000198] (-) JobUnselected: {'identifier': 'bringup'}
[0.000409] (-) JobUnselected: {'identifier': 'camera'}
[0.000785] (-) JobUnselected: {'identifier': 'pose_bridge'}
[0.000986] (-) JobUnselected: {'identifier': 'tag_detector'}
[0.001203] (-) JobUnselected: {'identifier': 'tag_nav_stub'}
[0.001277] (ardupilot_mavlink_bridge) JobQueued: {'identifier': 'ardupilot_mavlink_bridge', 'dependencies': OrderedDict()}
[0.001341] (ardupilot_mavlink_bridge) JobStarted: {'identifier': 'ardupilot_mavlink_bridge'}
[0.099527] (-) TimerEvent: {}
[0.199862] (-) TimerEvent: {}
[0.300196] (-) TimerEvent: {}
[0.400529] (-) TimerEvent: {}
[0.500899] (-) TimerEvent: {}
[0.601360] (-) TimerEvent: {}
[0.701699] (-) TimerEvent: {}
[0.802024] (-) TimerEvent: {}
[0.902347] (-) TimerEvent: {}
[1.002676] (-) TimerEvent: {}
[1.103020] (-) TimerEvent: {}
[1.145885] (ardupilot_mavlink_bridge) Command: {'cmd': ['/usr/bin/python3', '-W', 'ignore:setup.py install is deprecated', '-W', 'ignore:easy_install command is deprecated', 'setup.py', 'egg_info', '--egg-base', '../../build/ardupilot_mavlink_bridge', 'build', '--build-base', '/home/nvidia/vtol_ws/build/ardupilot_mavlink_bridge/build', 'install', '--record', '/home/nvidia/vtol_ws/build/ardupilot_mavlink_bridge/install.log', '--single-version-externally-managed', 'install_data'], 'cwd': '/home/nvidia/vtol_ws/src/ardupilot_mavlink_bridge', 'env': {'LESSOPEN': '| /usr/bin/lesspipe %s', 'VSCODE_CWD': '/home/nvidia', 'VSCODE_ESM_ENTRYPOINT': 'vs/workbench/api/node/extensionHostProcess', 'CONDA_PROMPT_MODIFIER': '(nim)', 'USER': 'nvidia', 'SSH_CLIENT': '192.168.0.56 52507 22', 'VSCODE_NLS_CONFIG': '{"userLocale":"en","osLocale":"en","resolvedLanguage":"en","defaultMessagesFile":"/home/nvidia/.cursor-server/bin/linux-arm64/b29eb4ee5f9f6d1cb2afbc09070198d3ea6ad760/out/nls.messages.json","locale":"en","availableLanguages":{}}', 'CI': '1', 'VSCODE_HANDLES_UNCAUGHT_ERRORS': 'true', 'XDG_SESSION_TYPE': 'tty', 'SHLVL': '1', 'LD_LIBRARY_PATH': '/usr/local/cuda-12.6/lib64:/opt/ros/humble/opt/rviz_ogre_vendor/lib:/opt/ros/humble/lib/aarch64-linux-gnu:/opt/ros/humble/lib:/usr/local/cuda-12.6/lib64:', 'BROWSER': '/home/nvidia/.cursor-server/bin/linux-arm64/b29eb4ee5f9f6d1cb2afbc09070198d3ea6ad760/bin/helpers/browser.sh', 'MOTD_SHOWN': 'pam', 'HOME': '/home/nvidia', 'CONDA_SHLVL': '1', 'OLDPWD': '/home/nvidia/vtol_ws', 'VSCODE_IPC_HOOK_CLI': '/run/user/1000/vscode-ipc-18e09148-2a44-4365-85ae-71a3aedf5eb5.sock', 'JETSON_L4T': '36.4.7', 'ROS_PYTHON_VERSION': '3', 'JETSON_MODEL': 'NVIDIA Jetson Orin NX Engineering Reference Developer Kit', 'NO_COLOR': '1', 'DBUS_SESSION_BUS_ADDRESS': 'unix:path=/run/user/1000/bus', 'COLCON_PREFIX_PATH': '/home/nvidia/vtol_ws/install', 'ROS_DISTRO': 'humble', 'OVSX_REGISTRY_URL': 'https://open-vsx.org', 'LOGNAME': 'nvidia', 'FORCE_COLOR': '0', 'JETSON_MODULE': 'NVIDIA Jetson Orin NX (16GB ram)', 'JETSON_SERIAL_NUMBER': '1420825014689', 'VSCODE_HANDLES_SIGPIPE': 'true', '_': '/usr/bin/colcon', 'ROS_VERSION': '2', 'XDG_SESSION_CLASS': 'user', 'TERM': 'dumb', 'XDG_SESSION_ID': '4', 'ROS_LOCALHOST_ONLY': '0', 'PATH': '/home/nvidia/.local/bin:/usr/local/cuda-12.6/bin:/home/nvidia/.cursor-server/bin/linux-arm64/b29eb4ee5f9f6d1cb2afbc09070198d3ea6ad760/bin/remote-cli:/home/nvidia/.local/bin:/opt/ros/humble/bin:/home/nvidia/miniconda3/envs/nim/bin:/home/nvidia/miniconda3/condabin:/usr/local/cuda-12.6/bin:/home/nvidia/.cursor-server/bin/linux-arm64/b29eb4ee5f9f6d1cb2afbc09070198d3ea6ad760/bin/remote-cli:/home/nvidia/.local/bin:/usr/local/sbin:/usr/local/bin:/usr/sbin:/usr/bin:/sbin:/bin:/usr/games:/usr/local/games:/snap/bin', 'VSCODE_AGENT_FOLDER': '/home/nvidia/.cursor-server', 'XDG_RUNTIME_DIR': '/run/user/1000', 'CURSOR_AGENT': '1', 'LANG': 'en_US.UTF-8', 'LS_COLORS': '', 'JETSON_SOC': 'tegra234', 'AMENT_PREFIX_PATH': '/home/nvidia/vtol_ws/install/tag_nav_stub:/home/nvidia/vtol_ws/install/tag_detector:/home/nvidia/vtol_ws/install/pose_bridge:/home/nvidia/vtol_ws/install/camera:/home/nvidia/vtol_ws/install/bringup:/home/nvidia/vtol_ws/install/ardupilot_mavlink_bridge:/opt/ros/humble', 'CONDA_PYTHON_EXE': '/home/nvidia/miniconda3/bin/python', 'SHELL': '/bin/bash', 'VSCODE_SERVER_SHUTDOWN_TIMEOUT': '300', 'LESSCLOSE': '/usr/bin/lesspipe %s %s', 'CONDA_DEFAULT_ENV': 'nim', 'JETSON_CUDA_ARCH_BIN': '8.7', 'PWD': '/home/nvidia/vtol_ws/build/ardupilot_mavlink_bridge', 'LC_ALL': 'en_US.UTF-8', 'CONDA_EXE': '/home/nvidia/miniconda3/bin/conda', 'SSH_CONNECTION': '192.168.0.56 52507 192.168.0.79 22', 'XDG_DATA_DIRS': '/usr/share/gnome:/usr/local/share:/usr/share:/var/lib/snapd/desktop', 'PYTHONPATH': '/home/nvidia/vtol_ws/build/ardupilot_mavlink_bridge/prefix_override:/usr/lib/python3/dist-packages/colcon_core/task/python/colcon_distutils_commands:/home/nvidia/vtol_ws/install/ardupilot_mavlink_bridge/lib/python3.10/site-packages:/usr/lib/python3.10/dist-packages:/usr/lib/python3.10/dist-packages:/home/nvidia/vtol_ws/install/tag_nav_stub/lib/python3.10/site-packages:/home/nvidia/vtol_ws/install/pose_bridge/lib/python3.10/site-packages:/home/nvidia/vtol_ws/install/bringup/lib/python3.10/site-packages:/home/nvidia/vtol_ws/install/ardupilot_mavlink_bridge/lib/python3.10/site-packages:/opt/ros/humble/lib/python3.10/site-packages:/opt/ros/humble/local/lib/python3.10/dist-packages:/usr/lib/python3.10/dist-packages:/usr/lib/python3.10/dist-packages:', 'CONDA_PREFIX': '/home/nvidia/miniconda3/envs/nim', 'COLCON': '1', '_ZO_DOCTOR': '0', 'JETSON_JETPACK': '', 'CMAKE_PREFIX_PATH': '/home/nvidia/vtol_ws/install/tag_detector:/home/nvidia/vtol_ws/install/camera', 'JETSON_P_NUMBER': 'p3767-0000'}, 'shell': False}
[1.203159] (-) TimerEvent: {}
[1.303531] (-) TimerEvent: {}
[1.403853] (-) TimerEvent: {}
[1.504172] (-) TimerEvent: {}
[1.550522] (ardupilot_mavlink_bridge) StdoutLine: {'line': b'running egg_info\n'}
[1.551515] (ardupilot_mavlink_bridge) StdoutLine: {'line': b'writing ../../build/ardupilot_mavlink_bridge/ardupilot_mavlink_bridge.egg-info/PKG-INFO\n'}
[1.551965] (ardupilot_mavlink_bridge) StdoutLine: {'line': b'writing dependency_links to ../../build/ardupilot_mavlink_bridge/ardupilot_mavlink_bridge.egg-info/dependency_links.txt\n'}
[1.552240] (ardupilot_mavlink_bridge) StdoutLine: {'line': b'writing entry points to ../../build/ardupilot_mavlink_bridge/ardupilot_mavlink_bridge.egg-info/entry_points.txt\n'}
[1.552446] (ardupilot_mavlink_bridge) StdoutLine: {'line': b'writing requirements to ../../build/ardupilot_mavlink_bridge/ardupilot_mavlink_bridge.egg-info/requires.txt\n'}
[1.552629] (ardupilot_mavlink_bridge) StdoutLine: {'line': b'writing top-level names to ../../build/ardupilot_mavlink_bridge/ardupilot_mavlink_bridge.egg-info/top_level.txt\n'}
[1.555501] (ardupilot_mavlink_bridge) StdoutLine: {'line': b"reading manifest file '../../build/ardupilot_mavlink_bridge/ardupilot_mavlink_bridge.egg-info/SOURCES.txt'\n"}
[1.556740] (ardupilot_mavlink_bridge) StdoutLine: {'line': b"writing manifest file '../../build/ardupilot_mavlink_bridge/ardupilot_mavlink_bridge.egg-info/SOURCES.txt'\n"}
[1.556979] (ardupilot_mavlink_bridge) StdoutLine: {'line': b'running build\n'}
[1.557088] (ardupilot_mavlink_bridge) StdoutLine: {'line': b'running build_py\n'}
[1.557295] (ardupilot_mavlink_bridge) StdoutLine: {'line': b'copying ardupilot_mavlink_bridge/mavlink_bridge_node.py -> /home/nvidia/vtol_ws/build/ardupilot_mavlink_bridge/build/lib/ardupilot_mavlink_bridge\n'}
[1.557780] (ardupilot_mavlink_bridge) StdoutLine: {'line': b'running install\n'}
[1.558277] (ardupilot_mavlink_bridge) StdoutLine: {'line': b'running install_lib\n'}
[1.559742] (ardupilot_mavlink_bridge) StdoutLine: {'line': b'copying /home/nvidia/vtol_ws/build/ardupilot_mavlink_bridge/build/lib/ardupilot_mavlink_bridge/mavlink_bridge_node.py -> /home/nvidia/vtol_ws/install/ardupilot_mavlink_bridge/lib/python3.10/site-packages/ardupilot_mavlink_bridge\n'}
[1.560802] (ardupilot_mavlink_bridge) StdoutLine: {'line': b'byte-compiling /home/nvidia/vtol_ws/install/ardupilot_mavlink_bridge/lib/python3.10/site-packages/ardupilot_mavlink_bridge/mavlink_bridge_node.py to mavlink_bridge_node.cpython-310.pyc\n'}
[1.562406] (ardupilot_mavlink_bridge) StdoutLine: {'line': b'running install_data\n'}
[1.562618] (ardupilot_mavlink_bridge) StdoutLine: {'line': b'running install_egg_info\n'}
[1.565623] (ardupilot_mavlink_bridge) StdoutLine: {'line': b"removing '/home/nvidia/vtol_ws/install/ardupilot_mavlink_bridge/lib/python3.10/site-packages/ardupilot_mavlink_bridge-0.0.0-py3.10.egg-info' (and everything under it)\n"}
[1.566222] (ardupilot_mavlink_bridge) StdoutLine: {'line': b'Copying ../../build/ardupilot_mavlink_bridge/ardupilot_mavlink_bridge.egg-info to /home/nvidia/vtol_ws/install/ardupilot_mavlink_bridge/lib/python3.10/site-packages/ardupilot_mavlink_bridge-0.0.0-py3.10.egg-info\n'}
[1.567778] (ardupilot_mavlink_bridge) StdoutLine: {'line': b'running install_scripts\n'}
[1.600575] (ardupilot_mavlink_bridge) StdoutLine: {'line': b'Installing mavlink_bridge_node script to /home/nvidia/vtol_ws/install/ardupilot_mavlink_bridge/lib/ardupilot_mavlink_bridge\n'}
[1.601302] (ardupilot_mavlink_bridge) StdoutLine: {'line': b"writing list of installed files to '/home/nvidia/vtol_ws/build/ardupilot_mavlink_bridge/install.log'\n"}
[1.604240] (-) TimerEvent: {}
[1.662199] (ardupilot_mavlink_bridge) CommandEnded: {'returncode': 0}
[1.698514] (ardupilot_mavlink_bridge) JobEnded: {'identifier': 'ardupilot_mavlink_bridge', 'rc': 0}
[1.700294] (-) EventReactorShutdown: {}
