[0.000000] (-) TimerEvent: {}
[0.000220] (-) JobUnselected: {'identifier': 'ardupilot_mavlink_bridge'}
[0.000440] (-) JobUnselected: {'identifier': 'bringup'}
[0.000823] (-) JobUnselected: {'identifier': 'camera'}
[0.001027] (-) JobUnselected: {'identifier': 'pose_bridge'}
[0.001253] (-) JobUnselected: {'identifier': 'tag_nav_stub'}
[0.001332] (tag_detector) JobQueued: {'identifier': 'tag_detector', 'dependencies': OrderedDict()}
[0.001394] (tag_detector) JobStarted: {'identifier': 'tag_detector'}
[0.013552] (tag_detector) JobProgress: {'identifier': 'tag_detector', 'progress': 'cmake'}
[0.014637] (tag_detector) JobProgress: {'identifier': 'tag_detector', 'progress': 'build'}
[0.015633] (tag_detector) Command: {'cmd': ['/usr/bin/cmake', '--build', '/home/nvidia/vtol_ws/build/tag_detector', '--', '-j8', '-l8'], 'cwd': '/home/nvidia/vtol_ws/build/tag_detector', 'env': OrderedDict([('LESSOPEN', '| /usr/bin/lesspipe %s'), ('VSCODE_CWD', '/home/nvidia'), ('VSCODE_ESM_ENTRYPOINT', 'vs/workbench/api/node/extensionHostProcess'), ('CONDA_PROMPT_MODIFIER', '(nim)'), ('USER', 'nvidia'), ('SSH_CLIENT', '192.168.0.100 56272 22'), ('VSCODE_NLS_CONFIG', '{"userLocale":"en","osLocale":"en","resolvedLanguage":"en","defaultMessagesFile":"/home/nvidia/.cursor-server/bin/linux-arm64/b29eb4ee5f9f6d1cb2afbc09070198d3ea6ad760/out/nls.messages.json","locale":"en","availableLanguages":{}}'), ('CI', '1'), ('VSCODE_HANDLES_UNCAUGHT_ERRORS', 'true'), ('XDG_SESSION_TYPE', 'tty'), ('SHLVL', '1'), ('LD_LIBRARY_PATH', '/opt/ros/humble/opt/rviz_ogre_vendor/lib:/opt/ros/humble/lib/aarch64-linux-gnu:/opt/ros/humble/lib:/usr/local/cuda-12.6/lib64:/usr/local/cuda-12.6/lib64:'), ('BROWSER', '/home/nvidia/.cursor-server/bin/linux-arm64/b29eb4ee5f9f6d1cb2afbc09070198d3ea6ad760/bin/helpers/browser.sh'), ('MOTD_SHOWN', 'pam'), ('HOME', '/home/nvidia'), ('CONDA_SHLVL', '2'), ('OLDPWD', '/tmp'), ('VSCODE_IPC_HOOK_CLI', '/run/user/1000/vscode-ipc-32435362-afb5-4eed-99b8-f345e7daeea2.sock'), ('JETSON_L4T', '36.4.7'), ('ROS_PYTHON_VERSION', '3'), ('JETSON_MODEL', 'NVIDIA Jetson Orin NX Engineering Reference Developer Kit'), ('NO_COLOR', '1'), ('DBUS_SESSION_BUS_ADDRESS', 'unix:path=/run/user/1000/bus'), ('COLCON_PREFIX_PATH', '/home/nvidia/vtol_ws/install'), ('ROS_DISTRO', 'humble'), ('OVSX_REGISTRY_URL', 'https://open-vsx.org'), ('LOGNAME', 'nvidia'), ('FORCE_COLOR', '0'), ('JETSON_MODULE', 'NVIDIA Jetson Orin NX (16GB ram)'), ('JETSON_SERIAL_NUMBER', '1420825014689'), ('VSCODE_HANDLES_SIGPIPE', 'true'), ('_', '/usr/bin/colcon'), ('ROS_VERSION', '2'), ('XDG_SESSION_CLASS', 'user'), ('TERM', 'dumb'), ('XDG_SESSION_ID', '6'), ('ROS_LOCALHOST_ONLY', '0'), ('PATH', '/home/nvidia/.local/bin:/opt/ros/humble/bin:/usr/local/cuda-12.6/bin:/home/nvidia/.cursor-server/bin/linux-arm64/b29eb4ee5f9f6d1cb2afbc09070198d3ea6ad760/bin/remote-cli:/home/nvidia/.local/bin:/home/nvidia/miniconda3/envs/nim/bin:/home/nvidia/miniconda3/condabin:/usr/local/cuda-12.6/bin:/home/nvidia/.cursor-server/bin/linux-arm64/b29eb4ee5f9f6d1cb2afbc09070198d3ea6ad760/bin/remote-cli:/home/nvidia/.local/bin:/usr/local/sbin:/usr/local/bin:/usr/sbin:/usr/bin:/sbin:/bin:/usr/games:/usr/local/games:/snap/bin'), ('VSCODE_AGENT_FOLDER', '/home/nvidia/.cursor-server'), ('XDG_RUNTIME_DIR', '/run/user/1000'), ('CURSOR_AGENT', '1'), ('LANG', 'ru_RU.UTF-8'), ('CONDA_PREFIX_1', '/home/nvidia/miniconda3'), ('LS_COLORS', ''), ('JETSON_SOC', 'tegra234'), ('AMENT_PREFIX_PATH', '/home/nvidia/vtol_ws/install/tag_nav_stub:/opt/ros/humble'), ('CONDA_PYTHON_EXE', '/home/nvidia/miniconda3/bin/python'), ('SHELL', '/bin/bash'), ('VSCODE_SERVER_SHUTDOWN_TIMEOUT', '300'), ('LESSCLOSE', '/usr/bin/lesspipe %s %s'), ('CONDA_DEFAULT_ENV', 'nim'), ('JETSON_CUDA_ARCH_BIN', '8.7'), ('PWD', '/home/nvidia/vtol_ws/build/tag_detector'), ('CONDA_EXE', '/home/nvidia/miniconda3/bin/conda'), ('SSH_CONNECTION', '192.168.0.100 56272 192.168.0.107 22'), ('XDG_DATA_DIRS', '/usr/share/gnome:/usr/local/share:/usr/share:/var/lib/snapd/desktop'), ('PYTHONPATH', '/home/nvidia/vtol_ws/install/tag_nav_stub/lib/python3.10/site-packages:/opt/ros/humble/lib/python3.10/site-packages:/opt/ros/humble/local/lib/python3.10/dist-packages:/usr/lib/python3.10/dist-packages:/usr/lib/python3.10/dist-packages:/usr/lib/python3.10/dist-packages:/usr/lib/python3.10/dist-packages:'), ('CONDA_PREFIX', '/home/nvidia/miniconda3/envs/nim'), ('COLCON', '1'), ('_ZO_DOCTOR', '0'), ('JETSON_JETPACK', ''), ('JETSON_P_NUMBER', 'p3767-0000'), ('CMAKE_PREFIX_PATH', '/home/nvidia/vtol_ws/install/tag_nav_stub:/opt/ros/humble')]), 'shell': False}
[0.056033] (tag_detector) StdoutLine: {'line': b'-- Found ament_cmake: 1.3.14 (/opt/ros/humble/share/ament_cmake/cmake)\n'}
[0.099484] (-) TimerEvent: {}
[0.199847] (-) TimerEvent: {}
[0.300267] (-) TimerEvent: {}
[0.303989] (tag_detector) StdoutLine: {'line': b'-- Found rclcpp: 16.0.18 (/opt/ros/humble/share/rclcpp/cmake)\n'}
[0.364598] (tag_detector) StdoutLine: {'line': b'-- Found rosidl_generator_c: 3.1.8 (/opt/ros/humble/share/rosidl_generator_c/cmake)\n'}
[0.368512] (tag_detector) StdoutLine: {'line': b'-- Found rosidl_adapter: 3.1.8 (/opt/ros/humble/share/rosidl_adapter/cmake)\n'}
[0.377807] (tag_detector) StdoutLine: {'line': b'-- Found rosidl_generator_cpp: 3.1.8 (/opt/ros/humble/share/rosidl_generator_cpp/cmake)\n'}
[0.391516] (tag_detector) StdoutLine: {'line': b'-- Using all available rosidl_typesupport_c: rosidl_typesupport_fastrtps_c;rosidl_typesupport_introspection_c\n'}
[0.400332] (-) TimerEvent: {}
[0.408800] (tag_detector) StdoutLine: {'line': b'-- Using all available rosidl_typesupport_cpp: rosidl_typesupport_fastrtps_cpp;rosidl_typesupport_introspection_cpp\n'}
[0.453546] (tag_detector) StdoutLine: {'line': b'-- Found rmw_implementation_cmake: 6.1.2 (/opt/ros/humble/share/rmw_implementation_cmake/cmake)\n'}
[0.455273] (tag_detector) StdoutLine: {'line': b'-- Found rmw_fastrtps_cpp: 6.2.10 (/opt/ros/humble/share/rmw_fastrtps_cpp/cmake)\n'}
[0.500710] (-) TimerEvent: {}
[0.599088] (tag_detector) StdoutLine: {'line': b"-- Using RMW implementation 'rmw_fastrtps_cpp' as default\n"}
[0.600757] (-) TimerEvent: {}
[0.668456] (tag_detector) StdoutLine: {'line': b'-- Found sensor_msgs: 4.9.1 (/opt/ros/humble/share/sensor_msgs/cmake)\n'}
[0.700923] (-) TimerEvent: {}
[0.709338] (tag_detector) StdoutLine: {'line': b'-- Found cv_bridge: 3.2.1 (/opt/ros/humble/share/cv_bridge/cmake)\n'}
[0.720909] (tag_detector) StdoutLine: {'line': b'-- Found OpenCV: /usr (found version "4.8.0") \n'}
[0.801097] (-) TimerEvent: {}
[0.901495] (-) TimerEvent: {}
[0.902373] (tag_detector) StdoutLine: {'line': b'-- Configuring done\n'}
[0.920153] (tag_detector) StdoutLine: {'line': b'-- Generating done\n'}
[0.926511] (tag_detector) StdoutLine: {'line': b'-- Build files have been written to: /home/nvidia/vtol_ws/build/tag_detector\n'}
[0.985936] (tag_detector) StdoutLine: {'line': b'Consolidate compiler generated dependencies of target tag_detector_node\n'}
[1.001669] (-) TimerEvent: {}
[1.010941] (tag_detector) StdoutLine: {'line': b'[ 50%] Building CXX object CMakeFiles/tag_detector_node.dir/src/tag_detector_node.cpp.o\n'}
[1.101827] (-) TimerEvent: {}
[1.202237] (-) TimerEvent: {}
[1.302619] (-) TimerEvent: {}
[1.403008] (-) TimerEvent: {}
[1.503402] (-) TimerEvent: {}
[1.603797] (-) TimerEvent: {}
[1.704193] (-) TimerEvent: {}
[1.804602] (-) TimerEvent: {}
[1.905024] (-) TimerEvent: {}
[2.005430] (-) TimerEvent: {}
[2.105826] (-) TimerEvent: {}
[2.206250] (-) TimerEvent: {}
[2.306649] (-) TimerEvent: {}
[2.407046] (-) TimerEvent: {}
[2.507454] (-) TimerEvent: {}
[2.607855] (-) TimerEvent: {}
[2.708246] (-) TimerEvent: {}
[2.808649] (-) TimerEvent: {}
[2.909065] (-) TimerEvent: {}
[3.009481] (-) TimerEvent: {}
[3.109897] (-) TimerEvent: {}
[3.210342] (-) TimerEvent: {}
[3.310748] (-) TimerEvent: {}
[3.411157] (-) TimerEvent: {}
[3.511571] (-) TimerEvent: {}
[3.611980] (-) TimerEvent: {}
[3.712393] (-) TimerEvent: {}
[3.812805] (-) TimerEvent: {}
[3.913216] (-) TimerEvent: {}
[4.013633] (-) TimerEvent: {}
[4.114081] (-) TimerEvent: {}
[4.214488] (-) TimerEvent: {}
[4.314890] (-) TimerEvent: {}
[4.415286] (-) TimerEvent: {}
[4.515676] (-) TimerEvent: {}
[4.616068] (-) TimerEvent: {}
[4.716508] (-) TimerEvent: {}
[4.816907] (-) TimerEvent: {}
[4.917319] (-) TimerEvent: {}
[5.017732] (-) TimerEvent: {}
[5.118144] (-) TimerEvent: {}
[5.218555] (-) TimerEvent: {}
[5.318968] (-) TimerEvent: {}
[5.419377] (-) TimerEvent: {}
[5.519794] (-) TimerEvent: {}
[5.620205] (-) TimerEvent: {}
[5.720618] (-) TimerEvent: {}
[5.821027] (-) TimerEvent: {}
[5.921440] (-) TimerEvent: {}
[6.021836] (-) TimerEvent: {}
[6.122267] (-) TimerEvent: {}
[6.222667] (-) TimerEvent: {}
[6.323064] (-) TimerEvent: {}
[6.423465] (-) TimerEvent: {}
[6.523877] (-) TimerEvent: {}
[6.624288] (-) TimerEvent: {}
[6.724704] (-) TimerEvent: {}
[6.825102] (-) TimerEvent: {}
[6.925506] (-) TimerEvent: {}
[7.025916] (-) TimerEvent: {}
[7.126349] (-) TimerEvent: {}
[7.226743] (-) TimerEvent: {}
[7.327151] (-) TimerEvent: {}
[7.427529] (-) TimerEvent: {}
[7.527920] (-) TimerEvent: {}
[7.628312] (-) TimerEvent: {}
[7.728701] (-) TimerEvent: {}
[7.829094] (-) TimerEvent: {}
[7.929495] (-) TimerEvent: {}
[8.029900] (-) TimerEvent: {}
[8.130339] (-) TimerEvent: {}
[8.230744] (-) TimerEvent: {}
[8.331154] (-) TimerEvent: {}
[8.431573] (-) TimerEvent: {}
[8.532001] (-) TimerEvent: {}
[8.632421] (-) TimerEvent: {}
[8.732828] (-) TimerEvent: {}
[8.833240] (-) TimerEvent: {}
[8.933637] (-) TimerEvent: {}
[9.034055] (-) TimerEvent: {}
[9.134448] (-) TimerEvent: {}
[9.234862] (-) TimerEvent: {}
[9.335274] (-) TimerEvent: {}
[9.435687] (-) TimerEvent: {}
[9.536109] (-) TimerEvent: {}
[9.636527] (-) TimerEvent: {}
[9.736924] (-) TimerEvent: {}
[9.837335] (-) TimerEvent: {}
[9.937740] (-) TimerEvent: {}
[10.038129] (-) TimerEvent: {}
[10.138538] (-) TimerEvent: {}
[10.238948] (-) TimerEvent: {}
[10.339363] (-) TimerEvent: {}
[10.439780] (-) TimerEvent: {}
[10.540192] (-) TimerEvent: {}
[10.640603] (-) TimerEvent: {}
[10.740996] (-) TimerEvent: {}
[10.841401] (-) TimerEvent: {}
[10.941785] (-) TimerEvent: {}
[11.042206] (-) TimerEvent: {}
[11.142612] (-) TimerEvent: {}
[11.243025] (-) TimerEvent: {}
[11.343429] (-) TimerEvent: {}
[11.443847] (-) TimerEvent: {}
[11.544270] (-) TimerEvent: {}
[11.644687] (-) TimerEvent: {}
[11.745085] (-) TimerEvent: {}
[11.845495] (-) TimerEvent: {}
[11.945876] (-) TimerEvent: {}
[12.046274] (-) TimerEvent: {}
[12.146674] (-) TimerEvent: {}
[12.247266] (-) TimerEvent: {}
[12.347675] (-) TimerEvent: {}
[12.448091] (-) TimerEvent: {}
[12.548510] (-) TimerEvent: {}
[12.648931] (-) TimerEvent: {}
[12.749332] (-) TimerEvent: {}
[12.849754] (-) TimerEvent: {}
[12.950125] (-) TimerEvent: {}
[13.050512] (-) TimerEvent: {}
[13.150876] (-) TimerEvent: {}
[13.251193] (-) TimerEvent: {}
[13.351521] (-) TimerEvent: {}
[13.451837] (-) TimerEvent: {}
[13.552157] (-) TimerEvent: {}
[13.652467] (-) TimerEvent: {}
[13.752765] (-) TimerEvent: {}
[13.853109] (-) TimerEvent: {}
[13.953517] (-) TimerEvent: {}
[14.053939] (-) TimerEvent: {}
[14.154342] (-) TimerEvent: {}
[14.254701] (-) TimerEvent: {}
[14.355005] (-) TimerEvent: {}
[14.455428] (-) TimerEvent: {}
[14.555998] (-) TimerEvent: {}
[14.656409] (-) TimerEvent: {}
[14.756806] (-) TimerEvent: {}
[14.857191] (-) TimerEvent: {}
[14.957568] (-) TimerEvent: {}
[15.057936] (-) TimerEvent: {}
[15.158320] (-) TimerEvent: {}
[15.258674] (-) TimerEvent: {}
[15.359016] (-) TimerEvent: {}
[15.459386] (-) TimerEvent: {}
[15.559733] (-) TimerEvent: {}
[15.660020] (-) TimerEvent: {}
[15.760325] (-) TimerEvent: {}
[15.860656] (-) TimerEvent: {}
[15.960971] (-) TimerEvent: {}
[16.061293] (-) TimerEvent: {}
[16.161616] (-) TimerEvent: {}
[16.261964] (-) TimerEvent: {}
[16.362277] (-) TimerEvent: {}
[16.462598] (-) TimerEvent: {}
[16.562925] (-) TimerEvent: {}
[16.663259] (-) TimerEvent: {}
[16.763576] (-) TimerEvent: {}
[16.863860] (-) TimerEvent: {}
[16.964164] (-) TimerEvent: {}
[17.064488] (-) TimerEvent: {}
[17.164812] (-) TimerEvent: {}
[17.265162] (-) TimerEvent: {}
[17.365459] (-) TimerEvent: {}
[17.465751] (-) TimerEvent: {}
[17.566054] (-) TimerEvent: {}
[17.666329] (-) TimerEvent: {}
[17.766602] (-) TimerEvent: {}
[17.866873] (-) TimerEvent: {}
[17.967172] (-) TimerEvent: {}
[18.067496] (-) TimerEvent: {}
[18.167831] (-) TimerEvent: {}
[18.268220] (-) TimerEvent: {}
[18.368610] (-) TimerEvent: {}
[18.469002] (-) TimerEvent: {}
[18.569385] (-) TimerEvent: {}
[18.669754] (-) TimerEvent: {}
[18.770168] (-) TimerEvent: {}
[18.870647] (-) TimerEvent: {}
[18.971083] (-) TimerEvent: {}
[19.071538] (-) TimerEvent: {}
[19.172020] (-) TimerEvent: {}
[19.272507] (-) TimerEvent: {}
[19.372997] (-) TimerEvent: {}
[19.473490] (-) TimerEvent: {}
[19.573951] (-) TimerEvent: {}
[19.674397] (-) TimerEvent: {}
[19.774777] (-) TimerEvent: {}
[19.875155] (-) TimerEvent: {}
[19.878209] (tag_detector) StdoutLine: {'line': b'[100%] Linking CXX executable tag_detector_node\n'}
[19.975290] (-) TimerEvent: {}
[20.075680] (-) TimerEvent: {}
[20.176084] (-) TimerEvent: {}
[20.238146] (tag_detector) StderrLine: {'line': b'/usr/bin/ld: warning: libopencv_imgcodecs.so.4.5d, needed by /opt/ros/humble/lib/libcv_bridge.so, may conflict with libopencv_imgcodecs.so.408\n'}
[20.238836] (tag_detector) StderrLine: {'line': b'/usr/bin/ld: warning: libopencv_imgproc.so.4.5d, needed by /opt/ros/humble/lib/libcv_bridge.so, may conflict with libopencv_imgproc.so.408\n'}
[20.239862] (tag_detector) StderrLine: {'line': b'/usr/bin/ld: warning: libopencv_core.so.4.5d, needed by /opt/ros/humble/lib/libcv_bridge.so, may conflict with libopencv_core.so.408\n'}
[20.276252] (-) TimerEvent: {}
[20.376665] (-) TimerEvent: {}
[20.477110] (-) TimerEvent: {}
[20.577514] (-) TimerEvent: {}
[20.677918] (-) TimerEvent: {}
[20.778530] (-) TimerEvent: {}
[20.878949] (-) TimerEvent: {}
[20.979323] (-) TimerEvent: {}
[21.079694] (-) TimerEvent: {}
[21.159484] (tag_detector) StdoutLine: {'line': b'[100%] Built target tag_detector_node\n'}
[21.179948] (-) TimerEvent: {}
[21.181380] (tag_detector) CommandEnded: {'returncode': 0}
[21.182678] (tag_detector) JobProgress: {'identifier': 'tag_detector', 'progress': 'install'}
[21.201452] (tag_detector) Command: {'cmd': ['/usr/bin/cmake', '--install', '/home/nvidia/vtol_ws/build/tag_detector'], 'cwd': '/home/nvidia/vtol_ws/build/tag_detector', 'env': OrderedDict([('LESSOPEN', '| /usr/bin/lesspipe %s'), ('VSCODE_CWD', '/home/nvidia'), ('VSCODE_ESM_ENTRYPOINT', 'vs/workbench/api/node/extensionHostProcess'), ('CONDA_PROMPT_MODIFIER', '(nim)'), ('USER', 'nvidia'), ('SSH_CLIENT', '192.168.0.100 56272 22'), ('VSCODE_NLS_CONFIG', '{"userLocale":"en","osLocale":"en","resolvedLanguage":"en","defaultMessagesFile":"/home/nvidia/.cursor-server/bin/linux-arm64/b29eb4ee5f9f6d1cb2afbc09070198d3ea6ad760/out/nls.messages.json","locale":"en","availableLanguages":{}}'), ('CI', '1'), ('VSCODE_HANDLES_UNCAUGHT_ERRORS', 'true'), ('XDG_SESSION_TYPE', 'tty'), ('SHLVL', '1'), ('LD_LIBRARY_PATH', '/opt/ros/humble/opt/rviz_ogre_vendor/lib:/opt/ros/humble/lib/aarch64-linux-gnu:/opt/ros/humble/lib:/usr/local/cuda-12.6/lib64:/usr/local/cuda-12.6/lib64:'), ('BROWSER', '/home/nvidia/.cursor-server/bin/linux-arm64/b29eb4ee5f9f6d1cb2afbc09070198d3ea6ad760/bin/helpers/browser.sh'), ('MOTD_SHOWN', 'pam'), ('HOME', '/home/nvidia'), ('CONDA_SHLVL', '2'), ('OLDPWD', '/tmp'), ('VSCODE_IPC_HOOK_CLI', '/run/user/1000/vscode-ipc-32435362-afb5-4eed-99b8-f345e7daeea2.sock'), ('JETSON_L4T', '36.4.7'), ('ROS_PYTHON_VERSION', '3'), ('JETSON_MODEL', 'NVIDIA Jetson Orin NX Engineering Reference Developer Kit'), ('NO_COLOR', '1'), ('DBUS_SESSION_BUS_ADDRESS', 'unix:path=/run/user/1000/bus'), ('COLCON_PREFIX_PATH', '/home/nvidia/vtol_ws/install'), ('ROS_DISTRO', 'humble'), ('OVSX_REGISTRY_URL', 'https://open-vsx.org'), ('LOGNAME', 'nvidia'), ('FORCE_COLOR', '0'), ('JETSON_MODULE', 'NVIDIA Jetson Orin NX (16GB ram)'), ('JETSON_SERIAL_NUMBER', '1420825014689'), ('VSCODE_HANDLES_SIGPIPE', 'true'), ('_', '/usr/bin/colcon'), ('ROS_VERSION', '2'), ('XDG_SESSION_CLASS', 'user'), ('TERM', 'dumb'), ('XDG_SESSION_ID', '6'), ('ROS_LOCALHOST_ONLY', '0'), ('PATH', '/home/nvidia/.local/bin:/opt/ros/humble/bin:/usr/local/cuda-12.6/bin:/home/nvidia/.cursor-server/bin/linux-arm64/b29eb4ee5f9f6d1cb2afbc09070198d3ea6ad760/bin/remote-cli:/home/nvidia/.local/bin:/home/nvidia/miniconda3/envs/nim/bin:/home/nvidia/miniconda3/condabin:/usr/local/cuda-12.6/bin:/home/nvidia/.cursor-server/bin/linux-arm64/b29eb4ee5f9f6d1cb2afbc09070198d3ea6ad760/bin/remote-cli:/home/nvidia/.local/bin:/usr/local/sbin:/usr/local/bin:/usr/sbin:/usr/bin:/sbin:/bin:/usr/games:/usr/local/games:/snap/bin'), ('VSCODE_AGENT_FOLDER', '/home/nvidia/.cursor-server'), ('XDG_RUNTIME_DIR', '/run/user/1000'), ('CURSOR_AGENT', '1'), ('LANG', 'ru_RU.UTF-8'), ('CONDA_PREFIX_1', '/home/nvidia/miniconda3'), ('LS_COLORS', ''), ('JETSON_SOC', 'tegra234'), ('AMENT_PREFIX_PATH', '/home/nvidia/vtol_ws/install/tag_nav_stub:/opt/ros/humble'), ('CONDA_PYTHON_EXE', '/home/nvidia/miniconda3/bin/python'), ('SHELL', '/bin/bash'), ('VSCODE_SERVER_SHUTDOWN_TIMEOUT', '300'), ('LESSCLOSE', '/usr/bin/lesspipe %s %s'), ('CONDA_DEFAULT_ENV', 'nim'), ('JETSON_CUDA_ARCH_BIN', '8.7'), ('PWD', '/home/nvidia/vtol_ws/build/tag_detector'), ('CONDA_EXE', '/home/nvidia/miniconda3/bin/conda'), ('SSH_CONNECTION', '192.168.0.100 56272 192.168.0.107 22'), ('XDG_DATA_DIRS', '/usr/share/gnome:/usr/local/share:/usr/share:/var/lib/snapd/desktop'), ('PYTHONPATH', '/home/nvidia/vtol_ws/install/tag_nav_stub/lib/python3.10/site-packages:/opt/ros/humble/lib/python3.10/site-packages:/opt/ros/humble/local/lib/python3.10/dist-packages:/usr/lib/python3.10/dist-packages:/usr/lib/python3.10/dist-packages:/usr/lib/python3.10/dist-packages:/usr/lib/python3.10/dist-packages:'), ('CONDA_PREFIX', '/home/nvidia/miniconda3/envs/nim'), ('COLCON', '1'), ('_ZO_DOCTOR', '0'), ('JETSON_JETPACK', ''), ('JETSON_P_NUMBER', 'p3767-0000'), ('CMAKE_PREFIX_PATH', '/home/nvidia/vtol_ws/install/tag_nav_stub:/opt/ros/humble')]), 'shell': False}
[21.218472] (tag_detector) StdoutLine: {'line': b'-- Install configuration: ""\n'}
[21.219017] (tag_detector) StdoutLine: {'line': b'-- Installing: /home/nvidia/vtol_ws/install/tag_detector/lib/tag_detector/tag_detector_node\n'}
[21.227579] (tag_detector) StdoutLine: {'line': b'-- Set runtime path of "/home/nvidia/vtol_ws/install/tag_detector/lib/tag_detector/tag_detector_node" to ""\n'}
[21.228128] (tag_detector) StdoutLine: {'line': b'-- Installing: /home/nvidia/vtol_ws/install/tag_detector/share/ament_index/resource_index/package_run_dependencies/tag_detector\n'}
[21.228421] (tag_detector) StdoutLine: {'line': b'-- Up-to-date: /home/nvidia/vtol_ws/install/tag_detector/share/ament_index/resource_index/parent_prefix_path/tag_detector\n'}
[21.228533] (tag_detector) StdoutLine: {'line': b'-- Up-to-date: /home/nvidia/vtol_ws/install/tag_detector/share/tag_detector/environment/ament_prefix_path.sh\n'}
[21.228900] (tag_detector) StdoutLine: {'line': b'-- Installing: /home/nvidia/vtol_ws/install/tag_detector/share/tag_detector/environment/ament_prefix_path.dsv\n'}
[21.229003] (tag_detector) StdoutLine: {'line': b'-- Up-to-date: /home/nvidia/vtol_ws/install/tag_detector/share/tag_detector/environment/path.sh\n'}
[21.229194] (tag_detector) StdoutLine: {'line': b'-- Installing: /home/nvidia/vtol_ws/install/tag_detector/share/tag_detector/environment/path.dsv\n'}
[21.229289] (tag_detector) StdoutLine: {'line': b'-- Up-to-date: /home/nvidia/vtol_ws/install/tag_detector/share/tag_detector/local_setup.bash\n'}
[21.229636] (tag_detector) StdoutLine: {'line': b'-- Up-to-date: /home/nvidia/vtol_ws/install/tag_detector/share/tag_detector/local_setup.sh\n'}
[21.229734] (tag_detector) StdoutLine: {'line': b'-- Up-to-date: /home/nvidia/vtol_ws/install/tag_detector/share/tag_detector/local_setup.zsh\n'}
[21.229829] (tag_detector) StdoutLine: {'line': b'-- Installing: /home/nvidia/vtol_ws/install/tag_detector/share/tag_detector/local_setup.dsv\n'}
[21.229943] (tag_detector) StdoutLine: {'line': b'-- Installing: /home/nvidia/vtol_ws/install/tag_detector/share/tag_detector/package.dsv\n'}
[21.230066] (tag_detector) StdoutLine: {'line': b'-- Up-to-date: /home/nvidia/vtol_ws/install/tag_detector/share/ament_index/resource_index/packages/tag_detector\n'}
[21.230166] (tag_detector) StdoutLine: {'line': b'-- Up-to-date: /home/nvidia/vtol_ws/install/tag_detector/share/tag_detector/cmake/tag_detectorConfig.cmake\n'}
[21.230259] (tag_detector) StdoutLine: {'line': b'-- Up-to-date: /home/nvidia/vtol_ws/install/tag_detector/share/tag_detector/cmake/tag_detectorConfig-version.cmake\n'}
[21.230364] (tag_detector) StdoutLine: {'line': b'-- Installing: /home/nvidia/vtol_ws/install/tag_detector/share/tag_detector/package.xml\n'}
[21.232709] (tag_detector) CommandEnded: {'returncode': 0}
[21.280432] (-) TimerEvent: {}
[21.290364] (tag_detector) JobEnded: {'identifier': 'tag_detector', 'rc': 0}
[21.291712] (-) EventReactorShutdown: {}
