[0.221s] DEBUG:colcon:Command line arguments: ['/usr/bin/colcon', 'build', '--packages-select', 'ardupilot_mavlink_bridge']
[0.221s] DEBUG:colcon:Parsed command line arguments: Namespace(log_base=None, log_level=None, verb_name='build', build_base='build', install_base='install', merge_install=False, symlink_install=False, test_result_base=None, continue_on_error=False, executor='parallel', parallel_workers=8, event_handlers=None, ignore_user_meta=False, metas=['./colcon.meta'], base_paths=['.'], packages_ignore=None, packages_ignore_regex=None, paths=None, packages_up_to=None, packages_up_to_regex=None, packages_above=None, packages_above_and_dependencies=None, packages_above_depth=None, packages_select_by_dep=None, packages_skip_by_dep=None, packages_skip_up_to=None, packages_select_build_failed=False, packages_skip_build_finished=False, packages_select_test_failures=False, packages_skip_test_passed=False, packages_select=['ardupilot_mavlink_bridge'], packages_skip=None, packages_select_regex=None, packages_skip_regex=None, packages_start=None, packages_end=None, allow_overriding=[], cmake_args=None, cmake_target=None, cmake_target_skip_unavailable=False, cmake_clean_cache=False, cmake_clean_first=False, cmake_force_configure=False, ament_cmake_args=None, catkin_cmake_args=None, catkin_skip_building_tests=False, mixin_files=None, mixin=None, verb_parser=<colcon_mixin.mixin.mixin_argument.MixinArgumentDecorator object at 0xffff84d534f0>, verb_extension=<colcon_core.verb.build.BuildVerb object at 0xffff84d52920>, main=<bound method BuildVerb.main of <colcon_core.verb.build.BuildVerb object at 0xffff84d52920>>, mixin_verb=('build',))
[0.529s] Level 1:colcon.colcon_core.package_discovery:discover_packages(colcon_meta) check parameters
[0.530s] Level 1:colcon.colcon_core.package_discovery:discover_packages(recursive) check parameters
[0.530s] Level 1:colcon.colcon_core.package_discovery:discover_packages(ignore) check parameters
[0.530s] Level 1:colcon.colcon_core.package_discovery:discover_packages(path) check parameters
[0.530s] Level 1:colcon.colcon_core.package_discovery:discover_packages(colcon_meta) discover
[0.530s] Level 1:colcon.colcon_core.package_discovery:discover_packages(recursive) discover
[0.530s] INFO:colcon.colcon_core.package_discovery:Crawling recursively for packages in '/home/nvidia/vtol_ws'
[0.530s] Level 1:colcon.colcon_core.package_identification:_identify(.) by extensions ['ignore', 'ignore_ament_install']
[0.530s] Level 1:colcon.colcon_core.package_identification:_identify(.) by extension 'ignore'
[0.531s] Level 1:colcon.colcon_core.package_identification:_identify(.) by extension 'ignore_ament_install'
[0.531s] Level 1:colcon.colcon_core.package_identification:_identify(.) by extensions ['colcon_pkg']
[0.531s] Level 1:colcon.colcon_core.package_identification:_identify(.) by extension 'colcon_pkg'
[0.531s] Level 1:colcon.colcon_core.package_identification:_identify(.) by extensions ['colcon_meta']
[0.531s] Level 1:colcon.colcon_core.package_identification:_identify(.) by extension 'colcon_meta'
[0.531s] Level 1:colcon.colcon_core.package_identification:_identify(.) by extensions ['ros']
[0.531s] Level 1:colcon.colcon_core.package_identification:_identify(.) by extension 'ros'
[0.552s] Level 1:colcon.colcon_core.package_identification:_identify(.) by extensions ['cmake', 'python']
[0.552s] Level 1:colcon.colcon_core.package_identification:_identify(.) by extension 'cmake'
[0.552s] Level 1:colcon.colcon_core.package_identification:_identify(.) by extension 'python'
[0.552s] Level 1:colcon.colcon_core.package_identification:_identify(.) by extensions ['python_setup_py']
[0.552s] Level 1:colcon.colcon_core.package_identification:_identify(.) by extension 'python_setup_py'
[0.553s] Level 1:colcon.colcon_core.package_identification:_identify(build) by extensions ['ignore', 'ignore_ament_install']
[0.553s] Level 1:colcon.colcon_core.package_identification:_identify(build) by extension 'ignore'
[0.553s] Level 1:colcon.colcon_core.package_identification:_identify(build) ignored
[0.553s] Level 1:colcon.colcon_core.package_identification:_identify(install) by extensions ['ignore', 'ignore_ament_install']
[0.553s] Level 1:colcon.colcon_core.package_identification:_identify(install) by extension 'ignore'
[0.553s] Level 1:colcon.colcon_core.package_identification:_identify(install) ignored
[0.554s] Level 1:colcon.colcon_core.package_identification:_identify(log) by extensions ['ignore', 'ignore_ament_install']
[0.554s] Level 1:colcon.colcon_core.package_identification:_identify(log) by extension 'ignore'
[0.554s] Level 1:colcon.colcon_core.package_identification:_identify(log) ignored
[0.554s] Level 1:colcon.colcon_core.package_identification:_identify(src) by extensions ['ignore', 'ignore_ament_install']
[0.554s] Level 1:colcon.colcon_core.package_identification:_identify(src) by extension 'ignore'
[0.554s] Level 1:colcon.colcon_core.package_identification:_identify(src) by extension 'ignore_ament_install'
[0.555s] Level 1:colcon.colcon_core.package_identification:_identify(src) by extensions ['colcon_pkg']
[0.555s] Level 1:colcon.colcon_core.package_identification:_identify(src) by extension 'colcon_pkg'
[0.555s] Level 1:colcon.colcon_core.package_identification:_identify(src) by extensions ['colcon_meta']
[0.555s] Level 1:colcon.colcon_core.package_identification:_identify(src) by extension 'colcon_meta'
[0.555s] Level 1:colcon.colcon_core.package_identification:_identify(src) by extensions ['ros']
[0.555s] Level 1:colcon.colcon_core.package_identification:_identify(src) by extension 'ros'
[0.555s] Level 1:colcon.colcon_core.package_identification:_identify(src) by extensions ['cmake', 'python']
[0.555s] Level 1:colcon.colcon_core.package_identification:_identify(src) by extension 'cmake'
[0.555s] Level 1:colcon.colcon_core.package_identification:_identify(src) by extension 'python'
[0.555s] Level 1:colcon.colcon_core.package_identification:_identify(src) by extensions ['python_setup_py']
[0.555s] Level 1:colcon.colcon_core.package_identification:_identify(src) by extension 'python_setup_py'
[0.556s] Level 1:colcon.colcon_core.package_identification:_identify(src/ardupilot_mavlink_bridge) by extensions ['ignore', 'ignore_ament_install']
[0.556s] Level 1:colcon.colcon_core.package_identification:_identify(src/ardupilot_mavlink_bridge) by extension 'ignore'
[0.556s] Level 1:colcon.colcon_core.package_identification:_identify(src/ardupilot_mavlink_bridge) by extension 'ignore_ament_install'
[0.556s] Level 1:colcon.colcon_core.package_identification:_identify(src/ardupilot_mavlink_bridge) by extensions ['colcon_pkg']
[0.556s] Level 1:colcon.colcon_core.package_identification:_identify(src/ardupilot_mavlink_bridge) by extension 'colcon_pkg'
[0.556s] Level 1:colcon.colcon_core.package_identification:_identify(src/ardupilot_mavlink_bridge) by extensions ['colcon_meta']
[0.556s] Level 1:colcon.colcon_core.package_identification:_identify(src/ardupilot_mavlink_bridge) by extension 'colcon_meta'
[0.556s] Level 1:colcon.colcon_core.package_identification:_identify(src/ardupilot_mavlink_bridge) by extensions ['ros']
[0.556s] Level 1:colcon.colcon_core.package_identification:_identify(src/ardupilot_mavlink_bridge) by extension 'ros'
[0.561s] DEBUG:colcon.colcon_core.package_identification:Package 'src/ardupilot_mavlink_bridge' with type 'ros.ament_python' and name 'ardupilot_mavlink_bridge'
[0.562s] Level 1:colcon.colcon_core.package_identification:_identify(src/bringup) by extensions ['ignore', 'ignore_ament_install']
[0.562s] Level 1:colcon.colcon_core.package_identification:_identify(src/bringup) by extension 'ignore'
[0.562s] Level 1:colcon.colcon_core.package_identification:_identify(src/bringup) by extension 'ignore_ament_install'
[0.562s] Level 1:colcon.colcon_core.package_identification:_identify(src/bringup) by extensions ['colcon_pkg']
[0.562s] Level 1:colcon.colcon_core.package_identification:_identify(src/bringup) by extension 'colcon_pkg'
[0.562s] Level 1:colcon.colcon_core.package_identification:_identify(src/bringup) by extensions ['colcon_meta']
[0.562s] Level 1:colcon.colcon_core.package_identification:_identify(src/bringup) by extension 'colcon_meta'
[0.563s] Level 1:colcon.colcon_core.package_identification:_identify(src/bringup) by extensions ['ros']
[0.563s] Level 1:colcon.colcon_core.package_identification:_identify(src/bringup) by extension 'ros'
[0.564s] DEBUG:colcon.colcon_core.package_identification:Package 'src/bringup' with type 'ros.ament_python' and name 'bringup'
[0.564s] Level 1:colcon.colcon_core.package_identification:_identify(src/camera) by extensions ['ignore', 'ignore_ament_install']
[0.564s] Level 1:colcon.colcon_core.package_identification:_identify(src/camera) by extension 'ignore'
[0.564s] Level 1:colcon.colcon_core.package_identification:_identify(src/camera) by extension 'ignore_ament_install'
[0.564s] Level 1:colcon.colcon_core.package_identification:_identify(src/camera) by extensions ['colcon_pkg']
[0.564s] Level 1:colcon.colcon_core.package_identification:_identify(src/camera) by extension 'colcon_pkg'
[0.565s] Level 1:colcon.colcon_core.package_identification:_identify(src/camera) by extensions ['colcon_meta']
[0.565s] Level 1:colcon.colcon_core.package_identification:_identify(src/camera) by extension 'colcon_meta'
[0.565s] Level 1:colcon.colcon_core.package_identification:_identify(src/camera) by extensions ['ros']
[0.565s] Level 1:colcon.colcon_core.package_identification:_identify(src/camera) by extension 'ros'
[0.566s] DEBUG:colcon.colcon_core.package_identification:Package 'src/camera' with type 'ros.ament_cmake' and name 'camera'
[0.567s] Level 1:colcon.colcon_core.package_identification:_identify(src/pose_bridge) by extensions ['ignore', 'ignore_ament_install']
[0.567s] Level 1:colcon.colcon_core.package_identification:_identify(src/pose_bridge) by extension 'ignore'
[0.567s] Level 1:colcon.colcon_core.package_identification:_identify(src/pose_bridge) by extension 'ignore_ament_install'
[0.567s] Level 1:colcon.colcon_core.package_identification:_identify(src/pose_bridge) by extensions ['colcon_pkg']
[0.567s] Level 1:colcon.colcon_core.package_identification:_identify(src/pose_bridge) by extension 'colcon_pkg'
[0.567s] Level 1:colcon.colcon_core.package_identification:_identify(src/pose_bridge) by extensions ['colcon_meta']
[0.567s] Level 1:colcon.colcon_core.package_identification:_identify(src/pose_bridge) by extension 'colcon_meta'
[0.567s] Level 1:colcon.colcon_core.package_identification:_identify(src/pose_bridge) by extensions ['ros']
[0.567s] Level 1:colcon.colcon_core.package_identification:_identify(src/pose_bridge) by extension 'ros'
[0.568s] DEBUG:colcon.colcon_core.package_identification:Package 'src/pose_bridge' with type 'ros.ament_python' and name 'pose_bridge'
[0.569s] Level 1:colcon.colcon_core.package_identification:_identify(src/tag_detector) by extensions ['ignore', 'ignore_ament_install']
[0.569s] Level 1:colcon.colcon_core.package_identification:_identify(src/tag_detector) by extension 'ignore'
[0.569s] Level 1:colcon.colcon_core.package_identification:_identify(src/tag_detector) by extension 'ignore_ament_install'
[0.569s] Level 1:colcon.colcon_core.package_identification:_identify(src/tag_detector) by extensions ['colcon_pkg']
[0.569s] Level 1:colcon.colcon_core.package_identification:_identify(src/tag_detector) by extension 'colcon_pkg'
[0.569s] Level 1:colcon.colcon_core.package_identification:_identify(src/tag_detector) by extensions ['colcon_meta']
[0.569s] Level 1:colcon.colcon_core.package_identification:_identify(src/tag_detector) by extension 'colcon_meta'
[0.569s] Level 1:colcon.colcon_core.package_identification:_identify(src/tag_detector) by extensions ['ros']
[0.569s] Level 1:colcon.colcon_core.package_identification:_identify(src/tag_detector) by extension 'ros'
[0.570s] DEBUG:colcon.colcon_core.package_identification:Package 'src/tag_detector' with type 'ros.ament_cmake' and name 'tag_detector'
[0.571s] Level 1:colcon.colcon_core.package_identification:_identify(src/tag_nav_stub) by extensions ['ignore', 'ignore_ament_install']
[0.571s] Level 1:colcon.colcon_core.package_identification:_identify(src/tag_nav_stub) by extension 'ignore'
[0.571s] Level 1:colcon.colcon_core.package_identification:_identify(src/tag_nav_stub) by extension 'ignore_ament_install'
[0.571s] Level 1:colcon.colcon_core.package_identification:_identify(src/tag_nav_stub) by extensions ['colcon_pkg']
[0.571s] Level 1:colcon.colcon_core.package_identification:_identify(src/tag_nav_stub) by extension 'colcon_pkg'
[0.571s] Level 1:colcon.colcon_core.package_identification:_identify(src/tag_nav_stub) by extensions ['colcon_meta']
[0.571s] Level 1:colcon.colcon_core.package_identification:_identify(src/tag_nav_stub) by extension 'colcon_meta'
[0.571s] Level 1:colcon.colcon_core.package_identification:_identify(src/tag_nav_stub) by extensions ['ros']
[0.571s] Level 1:colcon.colcon_core.package_identification:_identify(src/tag_nav_stub) by extension 'ros'
[0.572s] DEBUG:colcon.colcon_core.package_identification:Package 'src/tag_nav_stub' with type 'ros.ament_python' and name 'tag_nav_stub'
[0.572s] Level 1:colcon.colcon_core.package_discovery:discover_packages(recursive) using defaults
[0.572s] Level 1:colcon.colcon_core.package_discovery:discover_packages(ignore) discover
[0.572s] Level 1:colcon.colcon_core.package_discovery:discover_packages(ignore) using defaults
[0.572s] Level 1:colcon.colcon_core.package_discovery:discover_packages(path) discover
[0.572s] Level 1:colcon.colcon_core.package_discovery:discover_packages(path) using defaults
[0.649s] INFO:colcon.colcon_core.package_selection:Skipping not selected package 'bringup' in 'src/bringup'
[0.649s] INFO:colcon.colcon_core.package_selection:Skipping not selected package 'camera' in 'src/camera'
[0.650s] INFO:colcon.colcon_core.package_selection:Skipping not selected package 'pose_bridge' in 'src/pose_bridge'
[0.650s] INFO:colcon.colcon_core.package_selection:Skipping not selected package 'tag_detector' in 'src/tag_detector'
[0.650s] INFO:colcon.colcon_core.package_selection:Skipping not selected package 'tag_nav_stub' in 'src/tag_nav_stub'
[0.650s] Level 1:colcon.colcon_core.package_discovery:discover_packages(prefix_path) check parameters
[0.651s] Level 1:colcon.colcon_core.package_discovery:discover_packages(prefix_path) discover
[0.655s] DEBUG:colcon.colcon_installed_package_information.package_discovery:Found 6 installed packages in /home/nvidia/vtol_ws/install
[0.657s] DEBUG:colcon.colcon_installed_package_information.package_discovery:Found 275 installed packages in /opt/ros/humble
[0.659s] Level 1:colcon.colcon_core.package_discovery:discover_packages(prefix_path) using defaults
[0.725s] Level 5:colcon.colcon_core.verb:set package 'ardupilot_mavlink_bridge' build argument 'cmake_args' from command line to 'None'
[0.725s] Level 5:colcon.colcon_core.verb:set package 'ardupilot_mavlink_bridge' build argument 'cmake_target' from command line to 'None'
[0.725s] Level 5:colcon.colcon_core.verb:set package 'ardupilot_mavlink_bridge' build argument 'cmake_target_skip_unavailable' from command line to 'False'
[0.725s] Level 5:colcon.colcon_core.verb:set package 'ardupilot_mavlink_bridge' build argument 'cmake_clean_cache' from command line to 'False'
[0.725s] Level 5:colcon.colcon_core.verb:set package 'ardupilot_mavlink_bridge' build argument 'cmake_clean_first' from command line to 'False'
[0.725s] Level 5:colcon.colcon_core.verb:set package 'ardupilot_mavlink_bridge' build argument 'cmake_force_configure' from command line to 'False'
[0.725s] Level 5:colcon.colcon_core.verb:set package 'ardupilot_mavlink_bridge' build argument 'ament_cmake_args' from command line to 'None'
[0.725s] Level 5:colcon.colcon_core.verb:set package 'ardupilot_mavlink_bridge' build argument 'catkin_cmake_args' from command line to 'None'
[0.725s] Level 5:colcon.colcon_core.verb:set package 'ardupilot_mavlink_bridge' build argument 'catkin_skip_building_tests' from command line to 'False'
[0.725s] DEBUG:colcon.colcon_core.verb:Building package 'ardupilot_mavlink_bridge' with the following arguments: {'ament_cmake_args': None, 'build_base': '/home/nvidia/vtol_ws/build/ardupilot_mavlink_bridge', 'catkin_cmake_args': None, 'catkin_skip_building_tests': False, 'cmake_args': None, 'cmake_clean_cache': False, 'cmake_clean_first': False, 'cmake_force_configure': False, 'cmake_target': None, 'cmake_target_skip_unavailable': False, 'install_base': '/home/nvidia/vtol_ws/install/ardupilot_mavlink_bridge', 'merge_install': False, 'path': '/home/nvidia/vtol_ws/src/ardupilot_mavlink_bridge', 'symlink_install': False, 'test_result_base': None}
[0.726s] INFO:colcon.colcon_core.executor:Executing jobs using 'parallel' executor
[0.728s] DEBUG:colcon.colcon_parallel_executor.executor.parallel:run_until_complete
[0.729s] INFO:colcon.colcon_ros.task.ament_python.build:Building ROS package in '/home/nvidia/vtol_ws/src/ardupilot_mavlink_bridge' with build type 'ament_python'
[0.729s] Level 1:colcon.colcon_core.shell:create_environment_hook('ardupilot_mavlink_bridge', 'ament_prefix_path')
[0.733s] INFO:colcon.colcon_core.plugin_system:Skipping extension 'colcon_core.shell.bat': Not used on non-Windows systems
[0.733s] INFO:colcon.colcon_core.shell:Creating environment hook '/home/nvidia/vtol_ws/install/ardupilot_mavlink_bridge/share/ardupilot_mavlink_bridge/hook/ament_prefix_path.ps1'
[0.735s] INFO:colcon.colcon_core.shell:Creating environment descriptor '/home/nvidia/vtol_ws/install/ardupilot_mavlink_bridge/share/ardupilot_mavlink_bridge/hook/ament_prefix_path.dsv'
[0.735s] INFO:colcon.colcon_core.shell:Creating environment hook '/home/nvidia/vtol_ws/install/ardupilot_mavlink_bridge/share/ardupilot_mavlink_bridge/hook/ament_prefix_path.sh'
[0.737s] INFO:colcon.colcon_core.shell:Skip shell extension 'powershell' for command environment: Not usable outside of PowerShell
[0.737s] DEBUG:colcon.colcon_core.shell:Skip shell extension 'dsv' for command environment
[1.294s] INFO:colcon.colcon_core.task.python.build:Building Python package in '/home/nvidia/vtol_ws/src/ardupilot_mavlink_bridge'
[1.295s] INFO:colcon.colcon_core.shell:Skip shell extension 'powershell' for command environment: Not usable outside of PowerShell
[1.295s] DEBUG:colcon.colcon_core.shell:Skip shell extension 'dsv' for command environment
[2.055s] DEBUG:colcon.colcon_core.event_handler.log_command:Invoking command in '/home/nvidia/vtol_ws/src/ardupilot_mavlink_bridge': CONDA_PROMPT_MODIFIER=(nim) PYTHONPATH=/home/nvidia/vtol_ws/build/ardupilot_mavlink_bridge/prefix_override:/usr/lib/python3/dist-packages/colcon_core/task/python/colcon_distutils_commands:/home/nvidia/vtol_ws/install/ardupilot_mavlink_bridge/lib/python3.10/site-packages:${PYTHONPATH} /usr/bin/python3 -W ignore:setup.py install is deprecated -W ignore:easy_install command is deprecated setup.py egg_info --egg-base ../../build/ardupilot_mavlink_bridge build --build-base /home/nvidia/vtol_ws/build/ardupilot_mavlink_bridge/build install --record /home/nvidia/vtol_ws/build/ardupilot_mavlink_bridge/install.log --single-version-externally-managed install_data
[2.647s] DEBUG:colcon.colcon_core.event_handler.log_command:Invoked command in '/home/nvidia/vtol_ws/src/ardupilot_mavlink_bridge' returned '0': CONDA_PROMPT_MODIFIER=(nim) PYTHONPATH=/home/nvidia/vtol_ws/build/ardupilot_mavlink_bridge/prefix_override:/usr/lib/python3/dist-packages/colcon_core/task/python/colcon_distutils_commands:/home/nvidia/vtol_ws/install/ardupilot_mavlink_bridge/lib/python3.10/site-packages:${PYTHONPATH} /usr/bin/python3 -W ignore:setup.py install is deprecated -W ignore:easy_install command is deprecated setup.py egg_info --egg-base ../../build/ardupilot_mavlink_bridge build --build-base /home/nvidia/vtol_ws/build/ardupilot_mavlink_bridge/build install --record /home/nvidia/vtol_ws/build/ardupilot_mavlink_bridge/install.log --single-version-externally-managed install_data
[2.655s] Level 1:colcon.colcon_core.environment:checking '/home/nvidia/vtol_ws/install/ardupilot_mavlink_bridge' for CMake module files
[2.657s] Level 1:colcon.colcon_core.environment:checking '/home/nvidia/vtol_ws/install/ardupilot_mavlink_bridge' for CMake config files
[2.660s] Level 1:colcon.colcon_core.environment:checking '/home/nvidia/vtol_ws/install/ardupilot_mavlink_bridge/lib'
[2.660s] Level 1:colcon.colcon_core.environment:checking '/home/nvidia/vtol_ws/install/ardupilot_mavlink_bridge/bin'
[2.661s] Level 1:colcon.colcon_core.environment:checking '/home/nvidia/vtol_ws/install/ardupilot_mavlink_bridge/lib/pkgconfig/ardupilot_mavlink_bridge.pc'
[2.661s] Level 1:colcon.colcon_core.environment:checking '/home/nvidia/vtol_ws/install/ardupilot_mavlink_bridge/lib/python3.10/site-packages'
[2.662s] Level 1:colcon.colcon_core.shell:create_environment_hook('ardupilot_mavlink_bridge', 'pythonpath')
[2.663s] INFO:colcon.colcon_core.shell:Creating environment hook '/home/nvidia/vtol_ws/install/ardupilot_mavlink_bridge/share/ardupilot_mavlink_bridge/hook/pythonpath.ps1'
[2.664s] INFO:colcon.colcon_core.shell:Creating environment descriptor '/home/nvidia/vtol_ws/install/ardupilot_mavlink_bridge/share/ardupilot_mavlink_bridge/hook/pythonpath.dsv'
[2.666s] INFO:colcon.colcon_core.shell:Creating environment hook '/home/nvidia/vtol_ws/install/ardupilot_mavlink_bridge/share/ardupilot_mavlink_bridge/hook/pythonpath.sh'
[2.669s] Level 1:colcon.colcon_core.environment:checking '/home/nvidia/vtol_ws/install/ardupilot_mavlink_bridge/bin'
[2.669s] Level 1:colcon.colcon_core.environment:create_environment_scripts_only(ardupilot_mavlink_bridge)
[2.670s] INFO:colcon.colcon_core.shell:Creating package script '/home/nvidia/vtol_ws/install/ardupilot_mavlink_bridge/share/ardupilot_mavlink_bridge/package.ps1'
[2.674s] INFO:colcon.colcon_core.shell:Creating package descriptor '/home/nvidia/vtol_ws/install/ardupilot_mavlink_bridge/share/ardupilot_mavlink_bridge/package.dsv'
[2.676s] INFO:colcon.colcon_core.shell:Creating package script '/home/nvidia/vtol_ws/install/ardupilot_mavlink_bridge/share/ardupilot_mavlink_bridge/package.sh'
[2.679s] INFO:colcon.colcon_core.shell:Creating package script '/home/nvidia/vtol_ws/install/ardupilot_mavlink_bridge/share/ardupilot_mavlink_bridge/package.bash'
[2.682s] INFO:colcon.colcon_core.shell:Creating package script '/home/nvidia/vtol_ws/install/ardupilot_mavlink_bridge/share/ardupilot_mavlink_bridge/package.zsh'
[2.685s] Level 1:colcon.colcon_core.environment:create_file_with_runtime_dependencies(/home/nvidia/vtol_ws/install/ardupilot_mavlink_bridge/share/colcon-core/packages/ardupilot_mavlink_bridge)
[2.686s] DEBUG:colcon.colcon_parallel_executor.executor.parallel:closing loop
[2.688s] DEBUG:colcon.colcon_parallel_executor.executor.parallel:loop closed
[2.688s] DEBUG:colcon.colcon_parallel_executor.executor.parallel:run_until_complete finished with '0'
[2.688s] DEBUG:colcon.colcon_core.event_reactor:joining thread
[2.705s] INFO:colcon.colcon_core.plugin_system:Skipping extension 'colcon_notification.desktop_notification.terminal_notifier': Not used on non-Darwin systems
[2.706s] INFO:colcon.colcon_core.plugin_system:Skipping extension 'colcon_notification.desktop_notification.win32': Not used on non-Windows systems
[2.706s] INFO:colcon.colcon_notification.desktop_notification:Sending desktop notification using 'notify2'
[2.732s] DEBUG:colcon.colcon_core.event_reactor:joined thread
[2.734s] INFO:colcon.colcon_core.shell:Creating prefix script '/home/nvidia/vtol_ws/install/local_setup.ps1'
[2.737s] INFO:colcon.colcon_core.shell:Creating prefix util module '/home/nvidia/vtol_ws/install/_local_setup_util_ps1.py'
[2.741s] INFO:colcon.colcon_core.shell:Creating prefix chain script '/home/nvidia/vtol_ws/install/setup.ps1'
[2.744s] INFO:colcon.colcon_core.shell:Creating prefix script '/home/nvidia/vtol_ws/install/local_setup.sh'
[2.746s] INFO:colcon.colcon_core.shell:Creating prefix util module '/home/nvidia/vtol_ws/install/_local_setup_util_sh.py'
[2.748s] INFO:colcon.colcon_core.shell:Creating prefix chain script '/home/nvidia/vtol_ws/install/setup.sh'
[2.752s] INFO:colcon.colcon_core.shell:Creating prefix script '/home/nvidia/vtol_ws/install/local_setup.bash'
[2.753s] INFO:colcon.colcon_core.shell:Creating prefix chain script '/home/nvidia/vtol_ws/install/setup.bash'
[2.756s] INFO:colcon.colcon_core.shell:Creating prefix script '/home/nvidia/vtol_ws/install/local_setup.zsh'
[2.759s] INFO:colcon.colcon_core.shell:Creating prefix chain script '/home/nvidia/vtol_ws/install/setup.zsh'
